2025-05-15 21:29:47,391 - INFO - Connected to Drone at 127.0.0.1:5000
2025-05-15 21:29:47,393 - INFO - Sent: {'sensor_id': 'sensor4', 'temperature': 100.0, 'humidity': 95, 'timestamp': '2025-05-15T18:29:47.393363Z'}
2025-05-15 21:29:49,393 - INFO - Sent: {'sensor_id': 'sensor4', 'temperature': 100.0, 'humidity': 95, 'timestamp': '2025-05-15T18:29:49.393819Z'}
2025-05-15 21:29:51,394 - INFO - Sent: {'sensor_id': 'sensor4', 'temperature': 100.0, 'humidity': 95, 'timestamp': '2025-05-15T18:29:51.394806Z'}
2025-05-15 21:29:53,395 - INFO - Sent: {'sensor_id': 'sensor4', 'temperature': 100.0, 'humidity': 95, 'timestamp': '2025-05-15T18:29:53.395376Z'}
2025-05-15 21:29:55,396 - INFO - Sent: {'sensor_id': 'sensor4', 'temperature': 100.0, 'humidity': 95, 'timestamp': '2025-05-15T18:29:55.396512Z'}
2025-05-15 21:29:57,398 - INFO - Sent: {'sensor_id': 'sensor4', 'temperature': 100.0, 'humidity': 95, 'timestamp': '2025-05-15T18:29:57.398554Z'}
2025-05-15 21:29:59,399 - INFO - Sent: {'sensor_id': 'sensor4', 'temperature': 100.0, 'humidity': 95, 'timestamp': '2025-05-15T18:29:59.399617Z'}
2025-05-15 21:30:01,401 - INFO - Sent: {'sensor_id': 'sensor4', 'temperature': 100.0, 'humidity': 95, 'timestamp': '2025-05-15T18:30:01.401001Z'}
2025-05-15 21:30:03,403 - INFO - Sent: {'sensor_id': 'sensor4', 'temperature': 100.0, 'humidity': 95, 'timestamp': '2025-05-15T18:30:03.402940Z'}
2025-05-15 21:30:05,404 - INFO - Sent: {'sensor_id': 'sensor4', 'temperature': 100.0, 'humidity': 95, 'timestamp': '2025-05-15T18:30:05.403774Z'}
2025-05-15 21:30:07,405 - INFO - Sent: {'sensor_id': 'sensor4', 'temperature': 100.0, 'humidity': 95, 'timestamp': '2025-05-15T18:30:07.405442Z'}
2025-05-15 21:30:09,407 - INFO - Sent: {'sensor_id': 'sensor4', 'temperature': 100.0, 'humidity': 95, 'timestamp': '2025-05-15T18:30:09.407217Z'}
2025-05-15 21:30:11,413 - INFO - Sent: {'sensor_id': 'sensor4', 'temperature': 100.0, 'humidity': 95, 'timestamp': '2025-05-15T18:30:11.412937Z'}
2025-05-15 21:30:13,414 - INFO - Sent: {'sensor_id': 'sensor4', 'temperature': 100.0, 'humidity': 95, 'timestamp': '2025-05-15T18:30:13.414295Z'}
2025-05-15 21:30:15,415 - INFO - Sent: {'sensor_id': 'sensor4', 'temperature': 100.0, 'humidity': 95, 'timestamp': '2025-05-15T18:30:15.415163Z'}
2025-05-15 21:30:17,416 - INFO - Sent: {'sensor_id': 'sensor4', 'temperature': 100.0, 'humidity': 95, 'timestamp': '2025-05-15T18:30:17.416002Z'}
2025-05-15 21:30:19,417 - INFO - Sent: {'sensor_id': 'sensor4', 'temperature': 100.0, 'humidity': 95, 'timestamp': '2025-05-15T18:30:19.416755Z'}
2025-05-15 21:30:21,418 - INFO - Sent: {'sensor_id': 'sensor4', 'temperature': 100.0, 'humidity': 95, 'timestamp': '2025-05-15T18:30:21.418755Z'}
2025-05-15 21:30:23,419 - INFO - Sent: {'sensor_id': 'sensor4', 'temperature': 100.0, 'humidity': 95, 'timestamp': '2025-05-15T18:30:23.419256Z'}
2025-05-15 21:30:25,420 - INFO - Sent: {'sensor_id': 'sensor4', 'temperature': 100.0, 'humidity': 95, 'timestamp': '2025-05-15T18:30:25.420104Z'}
2025-05-15 21:30:27,421 - INFO - Sent: {'sensor_id': 'sensor4', 'temperature': 100.0, 'humidity': 95, 'timestamp': '2025-05-15T18:30:27.421251Z'}
2025-05-15 21:30:29,422 - INFO - Sent: {'sensor_id': 'sensor4', 'temperature': 100.0, 'humidity': 95, 'timestamp': '2025-05-15T18:30:29.422468Z'}
2025-05-15 21:30:31,423 - INFO - Sent: {'sensor_id': 'sensor4', 'temperature': 100.0, 'humidity': 95, 'timestamp': '2025-05-15T18:30:31.423247Z'}
2025-05-15 21:30:33,424 - INFO - Sent: {'sensor_id': 'sensor4', 'temperature': 100.0, 'humidity': 95, 'timestamp': '2025-05-15T18:30:33.424518Z'}
2025-05-15 21:30:35,426 - INFO - Sent: {'sensor_id': 'sensor4', 'temperature': 100.0, 'humidity': 95, 'timestamp': '2025-05-15T18:30:35.425741Z'}
2025-05-15 21:30:37,426 - INFO - Sent: {'sensor_id': 'sensor4', 'temperature': 100.0, 'humidity': 95, 'timestamp': '2025-05-15T18:30:37.426546Z'}
2025-05-15 21:30:39,427 - INFO - Sent: {'sensor_id': 'sensor4', 'temperature': 100.0, 'humidity': 95, 'timestamp': '2025-05-15T18:30:39.427218Z'}
2025-05-15 21:30:41,428 - INFO - Sent: {'sensor_id': 'sensor4', 'temperature': 100.0, 'humidity': 95, 'timestamp': '2025-05-15T18:30:41.428140Z'}
2025-05-15 21:30:43,429 - INFO - Sent: {'sensor_id': 'sensor4', 'temperature': 100.0, 'humidity': 95, 'timestamp': '2025-05-15T18:30:43.429372Z'}
2025-05-15 21:30:45,430 - INFO - Sent: {'sensor_id': 'sensor4', 'temperature': 100.0, 'humidity': 95, 'timestamp': '2025-05-15T18:30:45.430438Z'}
2025-05-15 21:30:47,432 - INFO - Sent: {'sensor_id': 'sensor4', 'temperature': 100.0, 'humidity': 95, 'timestamp': '2025-05-15T18:30:47.431947Z'}
2025-05-15 21:30:49,432 - INFO - Sent: {'sensor_id': 'sensor4', 'temperature': 100.0, 'humidity': 95, 'timestamp': '2025-05-15T18:30:49.432658Z'}
2025-05-15 21:30:51,433 - INFO - Sent: {'sensor_id': 'sensor4', 'temperature': 100.0, 'humidity': 95, 'timestamp': '2025-05-15T18:30:51.433609Z'}
2025-05-15 21:30:53,435 - INFO - Sent: {'sensor_id': 'sensor4', 'temperature': 100.0, 'humidity': 95, 'timestamp': '2025-05-15T18:30:53.435085Z'}
2025-05-15 21:30:55,436 - INFO - Sent: {'sensor_id': 'sensor4', 'temperature': 100.0, 'humidity': 95, 'timestamp': '2025-05-15T18:30:55.436097Z'}
2025-05-15 21:30:57,438 - INFO - Sent: {'sensor_id': 'sensor4', 'temperature': 100.0, 'humidity': 95, 'timestamp': '2025-05-15T18:30:57.438379Z'}
2025-05-15 21:30:59,441 - INFO - Sent: {'sensor_id': 'sensor4', 'temperature': 100.0, 'humidity': 95, 'timestamp': '2025-05-15T18:30:59.440927Z'}
2025-05-15 21:31:01,442 - INFO - Sent: {'sensor_id': 'sensor4', 'temperature': 100.0, 'humidity': 95, 'timestamp': '2025-05-15T18:31:01.441912Z'}
2025-05-15 21:31:03,443 - INFO - Sent: {'sensor_id': 'sensor4', 'temperature': 100.0, 'humidity': 95, 'timestamp': '2025-05-15T18:31:03.442924Z'}
2025-05-15 21:31:05,444 - INFO - Sent: {'sensor_id': 'sensor4', 'temperature': 100.0, 'humidity': 95, 'timestamp': '2025-05-15T18:31:05.444738Z'}
2025-05-15 21:31:07,445 - INFO - Sent: {'sensor_id': 'sensor4', 'temperature': 100.0, 'humidity': 95, 'timestamp': '2025-05-15T18:31:07.445547Z'}
2025-05-15 21:31:09,446 - INFO - Sent: {'sensor_id': 'sensor4', 'temperature': 100.0, 'humidity': 95, 'timestamp': '2025-05-15T18:31:09.446406Z'}
2025-05-15 21:31:11,447 - INFO - Sent: {'sensor_id': 'sensor4', 'temperature': 100.0, 'humidity': 95, 'timestamp': '2025-05-15T18:31:11.447219Z'}
2025-05-15 21:31:13,455 - INFO - Sent: {'sensor_id': 'sensor4', 'temperature': 100.0, 'humidity': 95, 'timestamp': '2025-05-15T18:31:13.455191Z'}
2025-05-15 21:31:15,471 - INFO - Sent: {'sensor_id': 'sensor4', 'temperature': 100.0, 'humidity': 95, 'timestamp': '2025-05-15T18:31:15.471400Z'}
2025-05-15 21:31:17,472 - INFO - Sent: {'sensor_id': 'sensor4', 'temperature': 100.0, 'humidity': 95, 'timestamp': '2025-05-15T18:31:17.472308Z'}
2025-05-15 21:31:19,474 - INFO - Sent: {'sensor_id': 'sensor4', 'temperature': 100.0, 'humidity': 95, 'timestamp': '2025-05-15T18:31:19.473827Z'}
2025-05-15 21:31:21,475 - INFO - Sent: {'sensor_id': 'sensor4', 'temperature': 100.0, 'humidity': 95, 'timestamp': '2025-05-15T18:31:21.475283Z'}
2025-05-15 21:31:23,476 - INFO - Sent: {'sensor_id': 'sensor4', 'temperature': 100.0, 'humidity': 95, 'timestamp': '2025-05-15T18:31:23.476219Z'}
2025-05-15 21:31:25,478 - INFO - Sent: {'sensor_id': 'sensor4', 'temperature': 100.0, 'humidity': 95, 'timestamp': '2025-05-15T18:31:25.478259Z'}
2025-05-15 21:31:27,479 - INFO - Sent: {'sensor_id': 'sensor4', 'temperature': 100.0, 'humidity': 95, 'timestamp': '2025-05-15T18:31:27.479754Z'}
2025-05-15 21:31:29,480 - INFO - Sent: {'sensor_id': 'sensor4', 'temperature': 100.0, 'humidity': 95, 'timestamp': '2025-05-15T18:31:29.480716Z'}
2025-05-15 21:31:31,482 - INFO - Sent: {'sensor_id': 'sensor4', 'temperature': 100.0, 'humidity': 95, 'timestamp': '2025-05-15T18:31:31.482290Z'}
2025-05-15 21:31:33,483 - INFO - Sent: {'sensor_id': 'sensor4', 'temperature': 100.0, 'humidity': 95, 'timestamp': '2025-05-15T18:31:33.483519Z'}
2025-05-15 21:31:35,484 - INFO - Sent: {'sensor_id': 'sensor4', 'temperature': 100.0, 'humidity': 95, 'timestamp': '2025-05-15T18:31:35.484411Z'}
2025-05-15 21:31:37,488 - INFO - Sent: {'sensor_id': 'sensor4', 'temperature': 100.0, 'humidity': 95, 'timestamp': '2025-05-15T18:31:37.488671Z'}
2025-05-15 21:31:39,492 - INFO - Sent: {'sensor_id': 'sensor4', 'temperature': 100.0, 'humidity': 95, 'timestamp': '2025-05-15T18:31:39.491772Z'}
2025-05-15 21:31:41,499 - INFO - Sent: {'sensor_id': 'sensor4', 'temperature': 100.0, 'humidity': 95, 'timestamp': '2025-05-15T18:31:41.495441Z'}
2025-05-15 21:31:43,502 - INFO - Sent: {'sensor_id': 'sensor4', 'temperature': 100.0, 'humidity': 95, 'timestamp': '2025-05-15T18:31:43.501940Z'}
2025-05-15 21:31:45,504 - INFO - Sent: {'sensor_id': 'sensor4', 'temperature': 100.0, 'humidity': 95, 'timestamp': '2025-05-15T18:31:45.504256Z'}
2025-05-15 21:31:47,509 - INFO - Sent: {'sensor_id': 'sensor4', 'temperature': 100.0, 'humidity': 95, 'timestamp': '2025-05-15T18:31:47.509120Z'}
2025-05-15 21:31:49,510 - INFO - Sent: {'sensor_id': 'sensor4', 'temperature': 100.0, 'humidity': 95, 'timestamp': '2025-05-15T18:31:49.510247Z'}
2025-05-15 21:31:51,512 - INFO - Sent: {'sensor_id': 'sensor4', 'temperature': 100.0, 'humidity': 95, 'timestamp': '2025-05-15T18:31:51.512058Z'}
2025-05-15 21:31:53,515 - INFO - Sent: {'sensor_id': 'sensor4', 'temperature': 100.0, 'humidity': 95, 'timestamp': '2025-05-15T18:31:53.515003Z'}
2025-05-15 21:31:55,515 - INFO - Sent: {'sensor_id': 'sensor4', 'temperature': 100.0, 'humidity': 95, 'timestamp': '2025-05-15T18:31:55.515846Z'}
2025-05-15 21:31:57,518 - INFO - Sent: {'sensor_id': 'sensor4', 'temperature': 100.0, 'humidity': 95, 'timestamp': '2025-05-15T18:31:57.517886Z'}
2025-05-15 21:31:59,519 - INFO - Sent: {'sensor_id': 'sensor4', 'temperature': 100.0, 'humidity': 95, 'timestamp': '2025-05-15T18:31:59.519057Z'}
2025-05-15 21:32:01,520 - INFO - Sent: {'sensor_id': 'sensor4', 'temperature': 100.0, 'humidity': 95, 'timestamp': '2025-05-15T18:32:01.520623Z'}
2025-05-15 21:32:03,522 - INFO - Sent: {'sensor_id': 'sensor4', 'temperature': 100.0, 'humidity': 95, 'timestamp': '2025-05-15T18:32:03.521858Z'}
2025-05-15 21:32:05,524 - INFO - Sent: {'sensor_id': 'sensor4', 'temperature': 100.0, 'humidity': 95, 'timestamp': '2025-05-15T18:32:05.523638Z'}
2025-05-15 21:32:07,531 - INFO - Sent: {'sensor_id': 'sensor4', 'temperature': 100.0, 'humidity': 95, 'timestamp': '2025-05-15T18:32:07.529274Z'}
2025-05-15 21:32:09,535 - INFO - Sent: {'sensor_id': 'sensor4', 'temperature': 100.0, 'humidity': 95, 'timestamp': '2025-05-15T18:32:09.535058Z'}
2025-05-15 21:32:11,536 - INFO - Sent: {'sensor_id': 'sensor4', 'temperature': 100.0, 'humidity': 95, 'timestamp': '2025-05-15T18:32:11.536292Z'}
2025-05-15 21:32:13,537 - INFO - Sent: {'sensor_id': 'sensor4', 'temperature': 100.0, 'humidity': 95, 'timestamp': '2025-05-15T18:32:13.537613Z'}
2025-05-15 21:32:15,539 - INFO - Sent: {'sensor_id': 'sensor4', 'temperature': 100.0, 'humidity': 95, 'timestamp': '2025-05-15T18:32:15.539325Z'}
2025-05-15 21:32:17,544 - INFO - Sent: {'sensor_id': 'sensor4', 'temperature': 100.0, 'humidity': 95, 'timestamp': '2025-05-15T18:32:17.544187Z'}
2025-05-15 21:32:19,548 - INFO - Sent: {'sensor_id': 'sensor4', 'temperature': 100.0, 'humidity': 95, 'timestamp': '2025-05-15T18:32:19.548353Z'}
2025-05-15 21:32:21,552 - INFO - Sent: {'sensor_id': 'sensor4', 'temperature': 100.0, 'humidity': 95, 'timestamp': '2025-05-15T18:32:21.552118Z'}
2025-05-15 21:32:23,559 - INFO - Sent: {'sensor_id': 'sensor4', 'temperature': 100.0, 'humidity': 95, 'timestamp': '2025-05-15T18:32:23.558115Z'}
2025-05-15 21:32:25,560 - INFO - Sent: {'sensor_id': 'sensor4', 'temperature': 100.0, 'humidity': 95, 'timestamp': '2025-05-15T18:32:25.560650Z'}
2025-05-15 21:32:27,562 - INFO - Sent: {'sensor_id': 'sensor4', 'temperature': 100.0, 'humidity': 95, 'timestamp': '2025-05-15T18:32:27.561891Z'}
2025-05-15 21:32:29,567 - INFO - Sent: {'sensor_id': 'sensor4', 'temperature': 100.0, 'humidity': 95, 'timestamp': '2025-05-15T18:32:29.567277Z'}
2025-05-15 21:32:31,570 - INFO - Sent: {'sensor_id': 'sensor4', 'temperature': 100.0, 'humidity': 95, 'timestamp': '2025-05-15T18:32:31.570561Z'}
2025-05-15 21:32:33,574 - INFO - Sent: {'sensor_id': 'sensor4', 'temperature': 100.0, 'humidity': 95, 'timestamp': '2025-05-15T18:32:33.573994Z'}
2025-05-15 21:32:35,575 - INFO - Sent: {'sensor_id': 'sensor4', 'temperature': 100.0, 'humidity': 95, 'timestamp': '2025-05-15T18:32:35.575458Z'}
2025-05-15 21:32:37,578 - INFO - Sent: {'sensor_id': 'sensor4', 'temperature': 100.0, 'humidity': 95, 'timestamp': '2025-05-15T18:32:37.577811Z'}
2025-05-15 21:32:39,579 - INFO - Sent: {'sensor_id': 'sensor4', 'temperature': 100.0, 'humidity': 95, 'timestamp': '2025-05-15T18:32:39.579279Z'}
2025-05-15 21:32:41,580 - INFO - Sent: {'sensor_id': 'sensor4', 'temperature': 100.0, 'humidity': 95, 'timestamp': '2025-05-15T18:32:41.580224Z'}
2025-05-15 21:32:43,582 - INFO - Sent: {'sensor_id': 'sensor4', 'temperature': 100.0, 'humidity': 95, 'timestamp': '2025-05-15T18:32:43.582204Z'}
2025-05-15 21:32:45,583 - INFO - Sent: {'sensor_id': 'sensor4', 'temperature': 100.0, 'humidity': 95, 'timestamp': '2025-05-15T18:32:45.583341Z'}
2025-05-15 21:32:47,584 - INFO - Sent: {'sensor_id': 'sensor4', 'temperature': 100.0, 'humidity': 95, 'timestamp': '2025-05-15T18:32:47.583989Z'}
2025-05-15 21:32:49,591 - INFO - Sent: {'sensor_id': 'sensor4', 'temperature': 100.0, 'humidity': 95, 'timestamp': '2025-05-15T18:32:49.591085Z'}
2025-05-15 21:32:51,593 - INFO - Sent: {'sensor_id': 'sensor4', 'temperature': 100.0, 'humidity': 95, 'timestamp': '2025-05-15T18:32:51.593001Z'}
2025-05-15 21:32:53,594 - INFO - Sent: {'sensor_id': 'sensor4', 'temperature': 100.0, 'humidity': 95, 'timestamp': '2025-05-15T18:32:53.593890Z'}
2025-05-15 21:32:55,594 - INFO - Sent: {'sensor_id': 'sensor4', 'temperature': 100.0, 'humidity': 95, 'timestamp': '2025-05-15T18:32:55.594676Z'}
2025-05-15 21:32:57,596 - INFO - Sent: {'sensor_id': 'sensor4', 'temperature': 100.0, 'humidity': 95, 'timestamp': '2025-05-15T18:32:57.596618Z'}
2025-05-15 21:32:59,598 - INFO - Sent: {'sensor_id': 'sensor4', 'temperature': 100.0, 'humidity': 95, 'timestamp': '2025-05-15T18:32:59.598782Z'}
2025-05-15 21:33:01,600 - INFO - Sent: {'sensor_id': 'sensor4', 'temperature': 100.0, 'humidity': 95, 'timestamp': '2025-05-15T18:33:01.599939Z'}
2025-05-15 21:33:03,604 - INFO - Sent: {'sensor_id': 'sensor4', 'temperature': 100.0, 'humidity': 95, 'timestamp': '2025-05-15T18:33:03.601324Z'}
2025-05-15 21:33:05,608 - INFO - Sent: {'sensor_id': 'sensor4', 'temperature': 100.0, 'humidity': 95, 'timestamp': '2025-05-15T18:33:05.608374Z'}
2025-05-15 21:33:07,609 - INFO - Sent: {'sensor_id': 'sensor4', 'temperature': 100.0, 'humidity': 95, 'timestamp': '2025-05-15T18:33:07.609265Z'}
2025-05-15 21:33:09,610 - INFO - Sent: {'sensor_id': 'sensor4', 'temperature': 100.0, 'humidity': 95, 'timestamp': '2025-05-15T18:33:09.610563Z'}
2025-05-15 21:33:11,614 - INFO - Sent: {'sensor_id': 'sensor4', 'temperature': 100.0, 'humidity': 95, 'timestamp': '2025-05-15T18:33:11.614741Z'}
2025-05-15 21:33:13,617 - INFO - Sent: {'sensor_id': 'sensor4', 'temperature': 100.0, 'humidity': 95, 'timestamp': '2025-05-15T18:33:13.617219Z'}
2025-05-15 21:33:15,618 - INFO - Sent: {'sensor_id': 'sensor4', 'temperature': 100.0, 'humidity': 95, 'timestamp': '2025-05-15T18:33:15.618442Z'}
2025-05-15 21:33:17,620 - INFO - Sent: {'sensor_id': 'sensor4', 'temperature': 100.0, 'humidity': 95, 'timestamp': '2025-05-15T18:33:17.619869Z'}
2025-05-15 21:33:19,622 - INFO - Sent: {'sensor_id': 'sensor4', 'temperature': 100.0, 'humidity': 95, 'timestamp': '2025-05-15T18:33:19.622464Z'}
2025-05-15 21:33:21,623 - INFO - Sent: {'sensor_id': 'sensor4', 'temperature': 100.0, 'humidity': 95, 'timestamp': '2025-05-15T18:33:21.623331Z'}
2025-05-15 21:33:23,624 - INFO - Sent: {'sensor_id': 'sensor4', 'temperature': 100.0, 'humidity': 95, 'timestamp': '2025-05-15T18:33:23.624518Z'}
2025-05-15 21:33:25,625 - INFO - Sent: {'sensor_id': 'sensor4', 'temperature': 100.0, 'humidity': 95, 'timestamp': '2025-05-15T18:33:25.625454Z'}
2025-05-15 21:33:27,627 - INFO - Sent: {'sensor_id': 'sensor4', 'temperature': 100.0, 'humidity': 95, 'timestamp': '2025-05-15T18:33:27.627406Z'}
2025-05-15 21:33:29,628 - INFO - Sent: {'sensor_id': 'sensor4', 'temperature': 100.0, 'humidity': 95, 'timestamp': '2025-05-15T18:33:29.628633Z'}
2025-05-15 21:33:31,630 - INFO - Sent: {'sensor_id': 'sensor4', 'temperature': 100.0, 'humidity': 95, 'timestamp': '2025-05-15T18:33:31.630021Z'}
2025-05-15 21:33:33,635 - INFO - Sent: {'sensor_id': 'sensor4', 'temperature': 100.0, 'humidity': 95, 'timestamp': '2025-05-15T18:33:33.633925Z'}
2025-05-15 21:33:35,639 - INFO - Sent: {'sensor_id': 'sensor4', 'temperature': 100.0, 'humidity': 95, 'timestamp': '2025-05-15T18:33:35.639660Z'}
2025-05-15 21:33:37,641 - INFO - Sent: {'sensor_id': 'sensor4', 'temperature': 100.0, 'humidity': 95, 'timestamp': '2025-05-15T18:33:37.640923Z'}
2025-05-15 21:33:39,643 - INFO - Sent: {'sensor_id': 'sensor4', 'temperature': 100.0, 'humidity': 95, 'timestamp': '2025-05-15T18:33:39.642842Z'}
2025-05-15 21:33:41,644 - INFO - Sent: {'sensor_id': 'sensor4', 'temperature': 100.0, 'humidity': 95, 'timestamp': '2025-05-15T18:33:41.644684Z'}
2025-05-15 21:33:43,645 - INFO - Sent: {'sensor_id': 'sensor4', 'temperature': 100.0, 'humidity': 95, 'timestamp': '2025-05-15T18:33:43.645391Z'}
2025-05-15 21:33:45,648 - INFO - Sent: {'sensor_id': 'sensor4', 'temperature': 100.0, 'humidity': 95, 'timestamp': '2025-05-15T18:33:45.647708Z'}
2025-05-15 21:33:47,650 - INFO - Sent: {'sensor_id': 'sensor4', 'temperature': 100.0, 'humidity': 95, 'timestamp': '2025-05-15T18:33:47.649756Z'}
2025-05-15 21:33:49,651 - INFO - Sent: {'sensor_id': 'sensor4', 'temperature': 100.0, 'humidity': 95, 'timestamp': '2025-05-15T18:33:49.651210Z'}
2025-05-15 21:33:51,655 - INFO - Sent: {'sensor_id': 'sensor4', 'temperature': 100.0, 'humidity': 95, 'timestamp': '2025-05-15T18:33:51.654921Z'}
2025-05-15 21:33:53,656 - INFO - Sent: {'sensor_id': 'sensor4', 'temperature': 100.0, 'humidity': 95, 'timestamp': '2025-05-15T18:33:53.655889Z'}
2025-05-15 21:33:55,657 - INFO - Sent: {'sensor_id': 'sensor4', 'temperature': 100.0, 'humidity': 95, 'timestamp': '2025-05-15T18:33:55.656964Z'}
2025-05-15 21:33:57,658 - INFO - Sent: {'sensor_id': 'sensor4', 'temperature': 100.0, 'humidity': 95, 'timestamp': '2025-05-15T18:33:57.658381Z'}
2025-05-15 21:33:59,659 - INFO - Sent: {'sensor_id': 'sensor4', 'temperature': 100.0, 'humidity': 95, 'timestamp': '2025-05-15T18:33:59.659616Z'}
2025-05-15 21:34:01,663 - INFO - Sent: {'sensor_id': 'sensor4', 'temperature': 100.0, 'humidity': 95, 'timestamp': '2025-05-15T18:34:01.662895Z'}
2025-05-15 21:34:03,664 - INFO - Sent: {'sensor_id': 'sensor4', 'temperature': 100.0, 'humidity': 95, 'timestamp': '2025-05-15T18:34:03.663882Z'}
2025-05-15 21:34:05,665 - INFO - Sent: {'sensor_id': 'sensor4', 'temperature': 100.0, 'humidity': 95, 'timestamp': '2025-05-15T18:34:05.665105Z'}
2025-05-15 21:34:07,666 - INFO - Sent: {'sensor_id': 'sensor4', 'temperature': 100.0, 'humidity': 95, 'timestamp': '2025-05-15T18:34:07.666081Z'}
2025-05-15 21:34:09,671 - INFO - Sent: {'sensor_id': 'sensor4', 'temperature': 100.0, 'humidity': 95, 'timestamp': '2025-05-15T18:34:09.671197Z'}
2025-05-15 21:34:11,672 - INFO - Sent: {'sensor_id': 'sensor4', 'temperature': 100.0, 'humidity': 95, 'timestamp': '2025-05-15T18:34:11.672533Z'}
2025-05-15 21:34:13,673 - INFO - Sent: {'sensor_id': 'sensor4', 'temperature': 100.0, 'humidity': 95, 'timestamp': '2025-05-15T18:34:13.673204Z'}
2025-05-15 21:34:15,674 - INFO - Sent: {'sensor_id': 'sensor4', 'temperature': 100.0, 'humidity': 95, 'timestamp': '2025-05-15T18:34:15.674289Z'}
2025-05-15 21:34:17,675 - INFO - Sent: {'sensor_id': 'sensor4', 'temperature': 100.0, 'humidity': 95, 'timestamp': '2025-05-15T18:34:17.675159Z'}
2025-05-15 21:34:19,693 - INFO - Sent: {'sensor_id': 'sensor4', 'temperature': 100.0, 'humidity': 95, 'timestamp': '2025-05-15T18:34:19.693249Z'}
2025-05-15 21:34:21,695 - INFO - Sent: {'sensor_id': 'sensor4', 'temperature': 100.0, 'humidity': 95, 'timestamp': '2025-05-15T18:34:21.694796Z'}
2025-05-15 21:34:23,696 - INFO - Sent: {'sensor_id': 'sensor4', 'temperature': 100.0, 'humidity': 95, 'timestamp': '2025-05-15T18:34:23.696181Z'}
2025-05-15 21:34:25,697 - INFO - Sent: {'sensor_id': 'sensor4', 'temperature': 100.0, 'humidity': 95, 'timestamp': '2025-05-15T18:34:25.697735Z'}
2025-05-15 21:34:27,698 - INFO - Sent: {'sensor_id': 'sensor4', 'temperature': 100.0, 'humidity': 95, 'timestamp': '2025-05-15T18:34:27.698615Z'}
2025-05-15 21:34:29,700 - INFO - Sent: {'sensor_id': 'sensor4', 'temperature': 100.0, 'humidity': 95, 'timestamp': '2025-05-15T18:34:29.700280Z'}
2025-05-15 21:34:31,701 - INFO - Sent: {'sensor_id': 'sensor4', 'temperature': 100.0, 'humidity': 95, 'timestamp': '2025-05-15T18:34:31.701522Z'}
2025-05-15 21:34:33,705 - INFO - Sent: {'sensor_id': 'sensor4', 'temperature': 100.0, 'humidity': 95, 'timestamp': '2025-05-15T18:34:33.705390Z'}
2025-05-15 21:34:35,707 - INFO - Sent: {'sensor_id': 'sensor4', 'temperature': 100.0, 'humidity': 95, 'timestamp': '2025-05-15T18:34:35.706794Z'}
2025-05-15 21:34:37,708 - INFO - Sent: {'sensor_id': 'sensor4', 'temperature': 100.0, 'humidity': 95, 'timestamp': '2025-05-15T18:34:37.707916Z'}
2025-05-15 21:34:39,713 - INFO - Sent: {'sensor_id': 'sensor4', 'temperature': 100.0, 'humidity': 95, 'timestamp': '2025-05-15T18:34:39.712502Z'}
2025-05-15 21:34:41,714 - INFO - Sent: {'sensor_id': 'sensor4', 'temperature': 100.0, 'humidity': 95, 'timestamp': '2025-05-15T18:34:41.713749Z'}
2025-05-15 21:34:43,720 - INFO - Sent: {'sensor_id': 'sensor4', 'temperature': 100.0, 'humidity': 95, 'timestamp': '2025-05-15T18:34:43.720053Z'}
2025-05-15 21:34:45,723 - INFO - Sent: {'sensor_id': 'sensor4', 'temperature': 100.0, 'humidity': 95, 'timestamp': '2025-05-15T18:34:45.722906Z'}
2025-05-15 21:34:47,725 - INFO - Sent: {'sensor_id': 'sensor4', 'temperature': 100.0, 'humidity': 95, 'timestamp': '2025-05-15T18:34:47.724637Z'}
2025-05-15 21:34:49,726 - INFO - Sent: {'sensor_id': 'sensor4', 'temperature': 100.0, 'humidity': 95, 'timestamp': '2025-05-15T18:34:49.726268Z'}
2025-05-15 21:34:51,727 - INFO - Sent: {'sensor_id': 'sensor4', 'temperature': 100.0, 'humidity': 95, 'timestamp': '2025-05-15T18:34:51.727331Z'}
2025-05-15 21:34:53,729 - INFO - Sent: {'sensor_id': 'sensor4', 'temperature': 100.0, 'humidity': 95, 'timestamp': '2025-05-15T18:34:53.728828Z'}
2025-05-15 21:34:55,731 - INFO - Sent: {'sensor_id': 'sensor4', 'temperature': 100.0, 'humidity': 95, 'timestamp': '2025-05-15T18:34:55.730525Z'}
2025-05-15 21:34:57,732 - INFO - Sent: {'sensor_id': 'sensor4', 'temperature': 100.0, 'humidity': 95, 'timestamp': '2025-05-15T18:34:57.731939Z'}
2025-05-15 21:34:59,733 - INFO - Sent: {'sensor_id': 'sensor4', 'temperature': 100.0, 'humidity': 95, 'timestamp': '2025-05-15T18:34:59.733386Z'}
2025-05-15 21:35:01,735 - INFO - Sent: {'sensor_id': 'sensor4', 'temperature': 100.0, 'humidity': 95, 'timestamp': '2025-05-15T18:35:01.735283Z'}
2025-05-15 21:35:03,739 - INFO - Sent: {'sensor_id': 'sensor4', 'temperature': 100.0, 'humidity': 95, 'timestamp': '2025-05-15T18:35:03.738786Z'}
2025-05-15 21:35:05,742 - INFO - Sent: {'sensor_id': 'sensor4', 'temperature': 100.0, 'humidity': 95, 'timestamp': '2025-05-15T18:35:05.741781Z'}
2025-05-15 21:35:07,743 - INFO - Sent: {'sensor_id': 'sensor4', 'temperature': 100.0, 'humidity': 95, 'timestamp': '2025-05-15T18:35:07.743458Z'}
2025-05-15 21:35:09,744 - INFO - Sent: {'sensor_id': 'sensor4', 'temperature': 100.0, 'humidity': 95, 'timestamp': '2025-05-15T18:35:09.744826Z'}
2025-05-15 21:35:11,754 - INFO - Sent: {'sensor_id': 'sensor4', 'temperature': 100.0, 'humidity': 95, 'timestamp': '2025-05-15T18:35:11.754415Z'}
2025-05-15 21:35:13,755 - INFO - Sent: {'sensor_id': 'sensor4', 'temperature': 100.0, 'humidity': 95, 'timestamp': '2025-05-15T18:35:13.755677Z'}
2025-05-15 21:35:15,760 - INFO - Sent: {'sensor_id': 'sensor4', 'temperature': 100.0, 'humidity': 95, 'timestamp': '2025-05-15T18:35:15.759930Z'}
2025-05-15 21:35:17,761 - INFO - Sent: {'sensor_id': 'sensor4', 'temperature': 100.0, 'humidity': 95, 'timestamp': '2025-05-15T18:35:17.761076Z'}
2025-05-15 21:35:19,762 - INFO - Sent: {'sensor_id': 'sensor4', 'temperature': 100.0, 'humidity': 95, 'timestamp': '2025-05-15T18:35:19.762537Z'}
2025-05-15 21:35:21,764 - INFO - Sent: {'sensor_id': 'sensor4', 'temperature': 100.0, 'humidity': 95, 'timestamp': '2025-05-15T18:35:21.764613Z'}
2025-05-15 21:35:23,766 - INFO - Sent: {'sensor_id': 'sensor4', 'temperature': 100.0, 'humidity': 95, 'timestamp': '2025-05-15T18:35:23.765802Z'}
2025-05-15 21:35:25,770 - INFO - Sent: {'sensor_id': 'sensor4', 'temperature': 100.0, 'humidity': 95, 'timestamp': '2025-05-15T18:35:25.766824Z'}
2025-05-15 21:35:27,771 - INFO - Sent: {'sensor_id': 'sensor4', 'temperature': 100.0, 'humidity': 95, 'timestamp': '2025-05-15T18:35:27.771437Z'}
2025-05-15 21:35:29,773 - INFO - Sent: {'sensor_id': 'sensor4', 'temperature': 100.0, 'humidity': 95, 'timestamp': '2025-05-15T18:35:29.772791Z'}
2025-05-15 21:35:31,778 - INFO - Sent: {'sensor_id': 'sensor4', 'temperature': 100.0, 'humidity': 95, 'timestamp': '2025-05-15T18:35:31.775038Z'}
2025-05-15 21:35:33,780 - INFO - Sent: {'sensor_id': 'sensor4', 'temperature': 100.0, 'humidity': 95, 'timestamp': '2025-05-15T18:35:33.780137Z'}
2025-05-15 21:35:35,781 - INFO - Sent: {'sensor_id': 'sensor4', 'temperature': 100.0, 'humidity': 95, 'timestamp': '2025-05-15T18:35:35.781601Z'}
2025-05-15 21:35:37,783 - INFO - Sent: {'sensor_id': 'sensor4', 'temperature': 100.0, 'humidity': 95, 'timestamp': '2025-05-15T18:35:37.782752Z'}
2025-05-15 21:35:39,787 - INFO - Sent: {'sensor_id': 'sensor4', 'temperature': 100.0, 'humidity': 95, 'timestamp': '2025-05-15T18:35:39.786460Z'}
2025-05-15 21:35:41,792 - INFO - Sent: {'sensor_id': 'sensor4', 'temperature': 100.0, 'humidity': 95, 'timestamp': '2025-05-15T18:35:41.791939Z'}
2025-05-15 21:35:43,794 - INFO - Sent: {'sensor_id': 'sensor4', 'temperature': 100.0, 'humidity': 95, 'timestamp': '2025-05-15T18:35:43.794663Z'}
2025-05-15 21:35:45,796 - INFO - Sent: {'sensor_id': 'sensor4', 'temperature': 100.0, 'humidity': 95, 'timestamp': '2025-05-15T18:35:45.795873Z'}
2025-05-15 21:35:47,796 - INFO - Sent: {'sensor_id': 'sensor4', 'temperature': 100.0, 'humidity': 95, 'timestamp': '2025-05-15T18:35:47.796666Z'}
2025-05-15 21:35:49,798 - INFO - Sent: {'sensor_id': 'sensor4', 'temperature': 100.0, 'humidity': 95, 'timestamp': '2025-05-15T18:35:49.798167Z'}
2025-05-15 21:35:51,800 - INFO - Sent: {'sensor_id': 'sensor4', 'temperature': 100.0, 'humidity': 95, 'timestamp': '2025-05-15T18:35:51.800773Z'}
2025-05-15 21:35:53,801 - INFO - Sent: {'sensor_id': 'sensor4', 'temperature': 100.0, 'humidity': 95, 'timestamp': '2025-05-15T18:35:53.801693Z'}
2025-05-15 21:35:55,802 - INFO - Sent: {'sensor_id': 'sensor4', 'temperature': 100.0, 'humidity': 95, 'timestamp': '2025-05-15T18:35:55.802388Z'}
2025-05-15 21:35:57,806 - INFO - Sent: {'sensor_id': 'sensor4', 'temperature': 100.0, 'humidity': 95, 'timestamp': '2025-05-15T18:35:57.806077Z'}
2025-05-15 21:35:59,819 - INFO - Sent: {'sensor_id': 'sensor4', 'temperature': 100.0, 'humidity': 95, 'timestamp': '2025-05-15T18:35:59.819820Z'}
2025-05-15 21:36:01,821 - INFO - Sent: {'sensor_id': 'sensor4', 'temperature': 100.0, 'humidity': 95, 'timestamp': '2025-05-15T18:36:01.821043Z'}
2025-05-15 21:36:03,827 - INFO - Sent: {'sensor_id': 'sensor4', 'temperature': 100.0, 'humidity': 95, 'timestamp': '2025-05-15T18:36:03.822526Z'}
2025-05-15 21:36:05,829 - INFO - Sent: {'sensor_id': 'sensor4', 'temperature': 100.0, 'humidity': 95, 'timestamp': '2025-05-15T18:36:05.829434Z'}
2025-05-15 21:36:07,833 - INFO - Sent: {'sensor_id': 'sensor4', 'temperature': 100.0, 'humidity': 95, 'timestamp': '2025-05-15T18:36:07.833605Z'}
2025-05-15 21:36:09,848 - INFO - Sent: {'sensor_id': 'sensor4', 'temperature': 100.0, 'humidity': 95, 'timestamp': '2025-05-15T18:36:09.847714Z'}
2025-05-15 21:36:11,855 - INFO - Sent: {'sensor_id': 'sensor4', 'temperature': 100.0, 'humidity': 95, 'timestamp': '2025-05-15T18:36:11.855831Z'}
2025-05-15 21:36:13,857 - INFO - Sent: {'sensor_id': 'sensor4', 'temperature': 100.0, 'humidity': 95, 'timestamp': '2025-05-15T18:36:13.857085Z'}
2025-05-15 21:36:15,859 - INFO - Sent: {'sensor_id': 'sensor4', 'temperature': 100.0, 'humidity': 95, 'timestamp': '2025-05-15T18:36:15.859203Z'}
2025-05-15 21:36:17,865 - INFO - Sent: {'sensor_id': 'sensor4', 'temperature': 100.0, 'humidity': 95, 'timestamp': '2025-05-15T18:36:17.862360Z'}
2025-05-15 21:36:19,867 - INFO - Sent: {'sensor_id': 'sensor4', 'temperature': 100.0, 'humidity': 95, 'timestamp': '2025-05-15T18:36:19.866609Z'}
2025-05-15 21:36:21,869 - INFO - Sent: {'sensor_id': 'sensor4', 'temperature': 100.0, 'humidity': 95, 'timestamp': '2025-05-15T18:36:21.869777Z'}
2025-05-15 21:36:23,870 - INFO - Sent: {'sensor_id': 'sensor4', 'temperature': 100.0, 'humidity': 95, 'timestamp': '2025-05-15T18:36:23.870706Z'}
2025-05-15 21:36:25,872 - INFO - Sent: {'sensor_id': 'sensor4', 'temperature': 100.0, 'humidity': 95, 'timestamp': '2025-05-15T18:36:25.872322Z'}
2025-05-15 21:36:27,875 - INFO - Sent: {'sensor_id': 'sensor4', 'temperature': 100.0, 'humidity': 95, 'timestamp': '2025-05-15T18:36:27.875505Z'}
2025-05-15 21:36:29,877 - INFO - Sent: {'sensor_id': 'sensor4', 'temperature': 100.0, 'humidity': 95, 'timestamp': '2025-05-15T18:36:29.877105Z'}
2025-05-15 21:36:31,879 - INFO - Sent: {'sensor_id': 'sensor4', 'temperature': 100.0, 'humidity': 95, 'timestamp': '2025-05-15T18:36:31.879556Z'}
2025-05-15 21:36:33,883 - INFO - Sent: {'sensor_id': 'sensor4', 'temperature': 100.0, 'humidity': 95, 'timestamp': '2025-05-15T18:36:33.883009Z'}
2025-05-15 21:36:35,884 - INFO - Sent: {'sensor_id': 'sensor4', 'temperature': 100.0, 'humidity': 95, 'timestamp': '2025-05-15T18:36:35.883832Z'}
2025-05-15 21:36:37,885 - INFO - Sent: {'sensor_id': 'sensor4', 'temperature': 100.0, 'humidity': 95, 'timestamp': '2025-05-15T18:36:37.884732Z'}
2025-05-15 21:36:39,886 - INFO - Sent: {'sensor_id': 'sensor4', 'temperature': 100.0, 'humidity': 95, 'timestamp': '2025-05-15T18:36:39.886235Z'}
2025-05-15 21:36:41,889 - INFO - Sent: {'sensor_id': 'sensor4', 'temperature': 100.0, 'humidity': 95, 'timestamp': '2025-05-15T18:36:41.888735Z'}
2025-05-15 21:36:43,891 - INFO - Sent: {'sensor_id': 'sensor4', 'temperature': 100.0, 'humidity': 95, 'timestamp': '2025-05-15T18:36:43.890407Z'}
2025-05-15 21:36:45,892 - INFO - Sent: {'sensor_id': 'sensor4', 'temperature': 100.0, 'humidity': 95, 'timestamp': '2025-05-15T18:36:45.892078Z'}
2025-05-15 21:36:47,894 - ERROR - Connection failed: [WinError 10054] Varolan bir baðlantý uzaktaki bir ana bilgisayar tarafýndan zorla kapatýldý, retrying in 5 seconds...
2025-05-15 21:58:31,821 - INFO - Connected to Drone at 127.0.0.1:5000
2025-05-15 21:58:31,822 - INFO - Sent: {'sensor_id': 'sensor4', 'temperature': 100.0, 'humidity': 85.0, 'timestamp': '2025-05-15T21:58:31.822110+03:00'}
2025-05-15 21:58:33,823 - INFO - Sent: {'sensor_id': 'sensor4', 'temperature': 100.0, 'humidity': 85.0, 'timestamp': '2025-05-15T21:58:33.823028+03:00'}
2025-05-15 21:58:35,824 - INFO - Sent: {'sensor_id': 'sensor4', 'temperature': 100.0, 'humidity': 85.0, 'timestamp': '2025-05-15T21:58:35.824263+03:00'}
2025-05-15 21:58:37,825 - INFO - Sent: {'sensor_id': 'sensor4', 'temperature': 100.0, 'humidity': 85.0, 'timestamp': '2025-05-15T21:58:37.825350+03:00'}
2025-05-15 21:58:39,826 - INFO - Sent: {'sensor_id': 'sensor4', 'temperature': 100.0, 'humidity': 85.0, 'timestamp': '2025-05-15T21:58:39.826740+03:00'}
2025-05-15 21:58:41,828 - INFO - Sent: {'sensor_id': 'sensor4', 'temperature': 100.0, 'humidity': 85.0, 'timestamp': '2025-05-15T21:58:41.828200+03:00'}
2025-05-15 21:58:43,829 - INFO - Sent: {'sensor_id': 'sensor4', 'temperature': 100.0, 'humidity': 85.0, 'timestamp': '2025-05-15T21:58:43.829301+03:00'}
2025-05-15 21:58:45,831 - INFO - Sent: {'sensor_id': 'sensor4', 'temperature': 100.0, 'humidity': 85.0, 'timestamp': '2025-05-15T21:58:45.830852+03:00'}
2025-05-15 21:58:47,832 - INFO - Sent: {'sensor_id': 'sensor4', 'temperature': 100.0, 'humidity': 85.0, 'timestamp': '2025-05-15T21:58:47.832345+03:00'}
2025-05-15 21:58:49,833 - INFO - Sent: {'sensor_id': 'sensor4', 'temperature': 100.0, 'humidity': 85.0, 'timestamp': '2025-05-15T21:58:49.833780+03:00'}
2025-05-15 21:58:51,835 - INFO - Sent: {'sensor_id': 'sensor4', 'temperature': 100.0, 'humidity': 85.0, 'timestamp': '2025-05-15T21:58:51.835180+03:00'}
2025-05-15 21:58:53,836 - INFO - Sent: {'sensor_id': 'sensor4', 'temperature': 100.0, 'humidity': 85.0, 'timestamp': '2025-05-15T21:58:53.836690+03:00'}
2025-05-15 21:58:55,838 - INFO - Sent: {'sensor_id': 'sensor4', 'temperature': 100.0, 'humidity': 85.0, 'timestamp': '2025-05-15T21:58:55.837978+03:00'}
2025-05-15 21:58:57,839 - INFO - Sent: {'sensor_id': 'sensor4', 'temperature': 100.0, 'humidity': 85.0, 'timestamp': '2025-05-15T21:58:57.839298+03:00'}
2025-05-15 21:58:59,840 - INFO - Sent: {'sensor_id': 'sensor4', 'temperature': 100.0, 'humidity': 85.0, 'timestamp': '2025-05-15T21:58:59.840393+03:00'}
2025-05-15 21:59:01,841 - INFO - Sent: {'sensor_id': 'sensor4', 'temperature': 100.0, 'humidity': 85.0, 'timestamp': '2025-05-15T21:59:01.841646+03:00'}
2025-05-15 21:59:03,842 - INFO - Sent: {'sensor_id': 'sensor4', 'temperature': 100.0, 'humidity': 85.0, 'timestamp': '2025-05-15T21:59:03.842355+03:00'}
2025-05-15 21:59:05,843 - INFO - Sent: {'sensor_id': 'sensor4', 'temperature': 100.0, 'humidity': 85.0, 'timestamp': '2025-05-15T21:59:05.843501+03:00'}
2025-05-15 21:59:07,844 - INFO - Sent: {'sensor_id': 'sensor4', 'temperature': 100.0, 'humidity': 85.0, 'timestamp': '2025-05-15T21:59:07.844581+03:00'}
2025-05-15 21:59:09,846 - INFO - Sent: {'sensor_id': 'sensor4', 'temperature': 100.0, 'humidity': 85.0, 'timestamp': '2025-05-15T21:59:09.845838+03:00'}
2025-05-15 21:59:11,846 - INFO - Sent: {'sensor_id': 'sensor4', 'temperature': 100.0, 'humidity': 85.0, 'timestamp': '2025-05-15T21:59:11.846764+03:00'}
2025-05-15 21:59:13,847 - INFO - Sent: {'sensor_id': 'sensor4', 'temperature': 100.0, 'humidity': 85.0, 'timestamp': '2025-05-15T21:59:13.847448+03:00'}
2025-05-15 21:59:15,848 - INFO - Sent: {'sensor_id': 'sensor4', 'temperature': 100.0, 'humidity': 85.0, 'timestamp': '2025-05-15T21:59:15.848321+03:00'}
2025-05-15 21:59:17,850 - INFO - Sent: {'sensor_id': 'sensor4', 'temperature': 100.0, 'humidity': 85.0, 'timestamp': '2025-05-15T21:59:17.849843+03:00'}
2025-05-15 21:59:19,851 - INFO - Sent: {'sensor_id': 'sensor4', 'temperature': 100.0, 'humidity': 85.0, 'timestamp': '2025-05-15T21:59:19.850880+03:00'}
2025-05-15 21:59:21,852 - INFO - Sent: {'sensor_id': 'sensor4', 'temperature': 100.0, 'humidity': 85.0, 'timestamp': '2025-05-15T21:59:21.851916+03:00'}
2025-05-15 21:59:23,853 - INFO - Sent: {'sensor_id': 'sensor4', 'temperature': 100.0, 'humidity': 85.0, 'timestamp': '2025-05-15T21:59:23.852982+03:00'}
2025-05-15 21:59:25,853 - INFO - Sent: {'sensor_id': 'sensor4', 'temperature': 100.0, 'humidity': 85.0, 'timestamp': '2025-05-15T21:59:25.853462+03:00'}
2025-05-15 21:59:27,854 - INFO - Sent: {'sensor_id': 'sensor4', 'temperature': 100.0, 'humidity': 85.0, 'timestamp': '2025-05-15T21:59:27.854186+03:00'}
2025-05-15 21:59:29,855 - INFO - Sent: {'sensor_id': 'sensor4', 'temperature': 100.0, 'humidity': 85.0, 'timestamp': '2025-05-15T21:59:29.855335+03:00'}
2025-05-15 21:59:31,856 - INFO - Sent: {'sensor_id': 'sensor4', 'temperature': 100.0, 'humidity': 85.0, 'timestamp': '2025-05-15T21:59:31.856645+03:00'}
2025-05-15 21:59:33,857 - INFO - Sent: {'sensor_id': 'sensor4', 'temperature': 100.0, 'humidity': 85.0, 'timestamp': '2025-05-15T21:59:33.857787+03:00'}
2025-05-15 21:59:35,858 - INFO - Sent: {'sensor_id': 'sensor4', 'temperature': 100.0, 'humidity': 85.0, 'timestamp': '2025-05-15T21:59:35.858494+03:00'}
2025-05-15 21:59:37,859 - INFO - Sent: {'sensor_id': 'sensor4', 'temperature': 100.0, 'humidity': 85.0, 'timestamp': '2025-05-15T21:59:37.859321+03:00'}
2025-05-15 21:59:39,860 - INFO - Sent: {'sensor_id': 'sensor4', 'temperature': 100.0, 'humidity': 85.0, 'timestamp': '2025-05-15T21:59:39.859982+03:00'}
2025-05-15 21:59:41,862 - INFO - Sent: {'sensor_id': 'sensor4', 'temperature': 100.0, 'humidity': 85.0, 'timestamp': '2025-05-15T21:59:41.862024+03:00'}
2025-05-15 21:59:43,863 - INFO - Sent: {'sensor_id': 'sensor4', 'temperature': 100.0, 'humidity': 85.0, 'timestamp': '2025-05-15T21:59:43.863603+03:00'}
2025-05-15 21:59:45,865 - INFO - Sent: {'sensor_id': 'sensor4', 'temperature': 100.0, 'humidity': 85.0, 'timestamp': '2025-05-15T21:59:45.865174+03:00'}
2025-05-15 21:59:47,867 - INFO - Sent: {'sensor_id': 'sensor4', 'temperature': 100.0, 'humidity': 85.0, 'timestamp': '2025-05-15T21:59:47.867138+03:00'}
2025-05-15 21:59:49,869 - INFO - Sent: {'sensor_id': 'sensor4', 'temperature': 100.0, 'humidity': 85.0, 'timestamp': '2025-05-15T21:59:49.869480+03:00'}
2025-05-15 21:59:51,870 - INFO - Sent: {'sensor_id': 'sensor4', 'temperature': 100.0, 'humidity': 85.0, 'timestamp': '2025-05-15T21:59:51.870442+03:00'}
2025-05-15 21:59:53,872 - INFO - Sent: {'sensor_id': 'sensor4', 'temperature': 100.0, 'humidity': 85.0, 'timestamp': '2025-05-15T21:59:53.871923+03:00'}
2025-05-15 21:59:55,874 - INFO - Sent: {'sensor_id': 'sensor4', 'temperature': 100.0, 'humidity': 85.0, 'timestamp': '2025-05-15T21:59:55.873853+03:00'}
2025-05-15 21:59:57,875 - INFO - Sent: {'sensor_id': 'sensor4', 'temperature': 100.0, 'humidity': 85.0, 'timestamp': '2025-05-15T21:59:57.875322+03:00'}
2025-05-15 21:59:59,876 - INFO - Sent: {'sensor_id': 'sensor4', 'temperature': 100.0, 'humidity': 85.0, 'timestamp': '2025-05-15T21:59:59.876787+03:00'}
2025-05-15 22:00:01,878 - INFO - Sent: {'sensor_id': 'sensor4', 'temperature': 100.0, 'humidity': 85.0, 'timestamp': '2025-05-15T22:00:01.877973+03:00'}
2025-05-15 22:00:03,879 - INFO - Sent: {'sensor_id': 'sensor4', 'temperature': 100.0, 'humidity': 85.0, 'timestamp': '2025-05-15T22:00:03.879651+03:00'}
2025-05-15 22:00:05,881 - INFO - Sent: {'sensor_id': 'sensor4', 'temperature': 100.0, 'humidity': 85.0, 'timestamp': '2025-05-15T22:00:05.880937+03:00'}
2025-05-15 22:00:07,881 - INFO - Sent: {'sensor_id': 'sensor4', 'temperature': 100.0, 'humidity': 85.0, 'timestamp': '2025-05-15T22:00:07.881733+03:00'}
2025-05-15 22:00:09,883 - INFO - Sent: {'sensor_id': 'sensor4', 'temperature': 100.0, 'humidity': 85.0, 'timestamp': '2025-05-15T22:00:09.883102+03:00'}
2025-05-15 22:00:11,885 - INFO - Sent: {'sensor_id': 'sensor4', 'temperature': 100.0, 'humidity': 85.0, 'timestamp': '2025-05-15T22:00:11.885108+03:00'}
2025-05-15 22:00:13,886 - INFO - Sent: {'sensor_id': 'sensor4', 'temperature': 100.0, 'humidity': 85.0, 'timestamp': '2025-05-15T22:00:13.886812+03:00'}
2025-05-15 22:00:15,887 - INFO - Sent: {'sensor_id': 'sensor4', 'temperature': 100.0, 'humidity': 85.0, 'timestamp': '2025-05-15T22:00:15.887486+03:00'}
2025-05-15 22:00:17,888 - INFO - Sent: {'sensor_id': 'sensor4', 'temperature': 100.0, 'humidity': 85.0, 'timestamp': '2025-05-15T22:00:17.888692+03:00'}
2025-05-15 22:00:19,890 - INFO - Sent: {'sensor_id': 'sensor4', 'temperature': 100.0, 'humidity': 85.0, 'timestamp': '2025-05-15T22:00:19.890111+03:00'}
2025-05-15 22:00:21,891 - INFO - Sent: {'sensor_id': 'sensor4', 'temperature': 100.0, 'humidity': 85.0, 'timestamp': '2025-05-15T22:00:21.891176+03:00'}
2025-05-15 22:00:23,892 - INFO - Sent: {'sensor_id': 'sensor4', 'temperature': 100.0, 'humidity': 85.0, 'timestamp': '2025-05-15T22:00:23.892600+03:00'}
2025-05-15 22:00:25,894 - INFO - Sent: {'sensor_id': 'sensor4', 'temperature': 100.0, 'humidity': 85.0, 'timestamp': '2025-05-15T22:00:25.894215+03:00'}
2025-05-15 22:00:27,895 - INFO - Sent: {'sensor_id': 'sensor4', 'temperature': 100.0, 'humidity': 85.0, 'timestamp': '2025-05-15T22:00:27.895302+03:00'}
2025-05-15 22:00:29,896 - INFO - Sent: {'sensor_id': 'sensor4', 'temperature': 100.0, 'humidity': 85.0, 'timestamp': '2025-05-15T22:00:29.896789+03:00'}
2025-05-15 22:00:31,897 - INFO - Sent: {'sensor_id': 'sensor4', 'temperature': 100.0, 'humidity': 85.0, 'timestamp': '2025-05-15T22:00:31.897723+03:00'}
2025-05-15 22:00:33,899 - INFO - Sent: {'sensor_id': 'sensor4', 'temperature': 100.0, 'humidity': 85.0, 'timestamp': '2025-05-15T22:00:33.898962+03:00'}
2025-05-15 22:00:35,902 - INFO - Sent: {'sensor_id': 'sensor4', 'temperature': 100.0, 'humidity': 85.0, 'timestamp': '2025-05-15T22:00:35.902720+03:00'}
2025-05-15 22:00:37,905 - INFO - Sent: {'sensor_id': 'sensor4', 'temperature': 100.0, 'humidity': 85.0, 'timestamp': '2025-05-15T22:00:37.905220+03:00'}
2025-05-15 22:00:39,906 - INFO - Sent: {'sensor_id': 'sensor4', 'temperature': 100.0, 'humidity': 85.0, 'timestamp': '2025-05-15T22:00:39.906652+03:00'}
2025-05-15 22:00:41,907 - INFO - Sent: {'sensor_id': 'sensor4', 'temperature': 100.0, 'humidity': 85.0, 'timestamp': '2025-05-15T22:00:41.907656+03:00'}
2025-05-15 22:00:43,909 - INFO - Sent: {'sensor_id': 'sensor4', 'temperature': 100.0, 'humidity': 85.0, 'timestamp': '2025-05-15T22:00:43.908909+03:00'}
2025-05-15 22:00:45,910 - INFO - Sent: {'sensor_id': 'sensor4', 'temperature': 100.0, 'humidity': 85.0, 'timestamp': '2025-05-15T22:00:45.909956+03:00'}
2025-05-15 22:00:47,911 - INFO - Sent: {'sensor_id': 'sensor4', 'temperature': 100.0, 'humidity': 85.0, 'timestamp': '2025-05-15T22:00:47.911027+03:00'}
2025-05-15 22:00:49,912 - INFO - Sent: {'sensor_id': 'sensor4', 'temperature': 100.0, 'humidity': 85.0, 'timestamp': '2025-05-15T22:00:49.912147+03:00'}
2025-05-15 22:00:51,912 - INFO - Sent: {'sensor_id': 'sensor4', 'temperature': 100.0, 'humidity': 85.0, 'timestamp': '2025-05-15T22:00:51.912776+03:00'}
2025-05-15 22:00:53,917 - INFO - Sent: {'sensor_id': 'sensor4', 'temperature': 100.0, 'humidity': 85.0, 'timestamp': '2025-05-15T22:00:53.913836+03:00'}
2025-05-15 22:00:55,924 - INFO - Sent: {'sensor_id': 'sensor4', 'temperature': 100.0, 'humidity': 85.0, 'timestamp': '2025-05-15T22:00:55.923892+03:00'}
2025-05-15 22:00:57,927 - INFO - Sent: {'sensor_id': 'sensor4', 'temperature': 100.0, 'humidity': 85.0, 'timestamp': '2025-05-15T22:00:57.927109+03:00'}
2025-05-15 22:00:59,932 - INFO - Sent: {'sensor_id': 'sensor4', 'temperature': 100.0, 'humidity': 85.0, 'timestamp': '2025-05-15T22:00:59.932046+03:00'}
2025-05-15 22:01:01,934 - INFO - Sent: {'sensor_id': 'sensor4', 'temperature': 100.0, 'humidity': 85.0, 'timestamp': '2025-05-15T22:01:01.934603+03:00'}
2025-05-15 22:01:03,937 - INFO - Sent: {'sensor_id': 'sensor4', 'temperature': 100.0, 'humidity': 85.0, 'timestamp': '2025-05-15T22:01:03.935511+03:00'}
2025-05-15 22:01:05,939 - INFO - Sent: {'sensor_id': 'sensor4', 'temperature': 100.0, 'humidity': 85.0, 'timestamp': '2025-05-15T22:01:05.939183+03:00'}
2025-05-15 22:01:07,940 - INFO - Sent: {'sensor_id': 'sensor4', 'temperature': 100.0, 'humidity': 85.0, 'timestamp': '2025-05-15T22:01:07.940249+03:00'}
2025-05-15 22:01:09,949 - INFO - Sent: {'sensor_id': 'sensor4', 'temperature': 100.0, 'humidity': 85.0, 'timestamp': '2025-05-15T22:01:09.949658+03:00'}
2025-05-15 22:01:11,951 - INFO - Sent: {'sensor_id': 'sensor4', 'temperature': 100.0, 'humidity': 85.0, 'timestamp': '2025-05-15T22:01:11.950950+03:00'}
2025-05-15 22:01:13,953 - INFO - Sent: {'sensor_id': 'sensor4', 'temperature': 100.0, 'humidity': 85.0, 'timestamp': '2025-05-15T22:01:13.952825+03:00'}
2025-05-15 22:01:15,953 - INFO - Sent: {'sensor_id': 'sensor4', 'temperature': 100.0, 'humidity': 85.0, 'timestamp': '2025-05-15T22:01:15.953818+03:00'}
2025-05-15 22:01:17,954 - INFO - Sent: {'sensor_id': 'sensor4', 'temperature': 100.0, 'humidity': 85.0, 'timestamp': '2025-05-15T22:01:17.954719+03:00'}
2025-05-15 22:01:19,956 - INFO - Sent: {'sensor_id': 'sensor4', 'temperature': 100.0, 'humidity': 85.0, 'timestamp': '2025-05-15T22:01:19.956010+03:00'}
2025-05-15 22:01:21,959 - INFO - Sent: {'sensor_id': 'sensor4', 'temperature': 100.0, 'humidity': 85.0, 'timestamp': '2025-05-15T22:01:21.958258+03:00'}
2025-05-15 22:01:23,962 - INFO - Sent: {'sensor_id': 'sensor4', 'temperature': 100.0, 'humidity': 85.0, 'timestamp': '2025-05-15T22:01:23.962629+03:00'}
2025-05-15 22:01:25,963 - INFO - Sent: {'sensor_id': 'sensor4', 'temperature': 100.0, 'humidity': 85.0, 'timestamp': '2025-05-15T22:01:25.963389+03:00'}
2025-05-15 22:01:27,964 - INFO - Sent: {'sensor_id': 'sensor4', 'temperature': 100.0, 'humidity': 85.0, 'timestamp': '2025-05-15T22:01:27.964278+03:00'}
2025-05-15 22:01:29,965 - INFO - Sent: {'sensor_id': 'sensor4', 'temperature': 100.0, 'humidity': 85.0, 'timestamp': '2025-05-15T22:01:29.965083+03:00'}
2025-05-15 22:01:31,966 - INFO - Sent: {'sensor_id': 'sensor4', 'temperature': 100.0, 'humidity': 85.0, 'timestamp': '2025-05-15T22:01:31.965896+03:00'}
2025-05-15 22:01:33,966 - INFO - Sent: {'sensor_id': 'sensor4', 'temperature': 100.0, 'humidity': 85.0, 'timestamp': '2025-05-15T22:01:33.966443+03:00'}
2025-05-15 22:01:35,967 - INFO - Sent: {'sensor_id': 'sensor4', 'temperature': 100.0, 'humidity': 85.0, 'timestamp': '2025-05-15T22:01:35.967263+03:00'}
2025-05-15 22:01:37,967 - INFO - Sent: {'sensor_id': 'sensor4', 'temperature': 100.0, 'humidity': 85.0, 'timestamp': '2025-05-15T22:01:37.967693+03:00'}
2025-05-15 22:01:39,968 - INFO - Sent: {'sensor_id': 'sensor4', 'temperature': 100.0, 'humidity': 85.0, 'timestamp': '2025-05-15T22:01:39.968325+03:00'}
2025-05-15 22:01:41,969 - INFO - Sent: {'sensor_id': 'sensor4', 'temperature': 100.0, 'humidity': 85.0, 'timestamp': '2025-05-15T22:01:41.968961+03:00'}
2025-05-15 22:01:43,970 - INFO - Sent: {'sensor_id': 'sensor4', 'temperature': 100.0, 'humidity': 85.0, 'timestamp': '2025-05-15T22:01:43.970231+03:00'}
2025-05-15 22:01:45,971 - INFO - Sent: {'sensor_id': 'sensor4', 'temperature': 100.0, 'humidity': 85.0, 'timestamp': '2025-05-15T22:01:45.971312+03:00'}
2025-05-15 22:01:47,972 - INFO - Sent: {'sensor_id': 'sensor4', 'temperature': 100.0, 'humidity': 85.0, 'timestamp': '2025-05-15T22:01:47.972552+03:00'}
2025-05-15 22:01:49,973 - INFO - Sent: {'sensor_id': 'sensor4', 'temperature': 100.0, 'humidity': 85.0, 'timestamp': '2025-05-15T22:01:49.973342+03:00'}
2025-05-15 22:01:51,974 - INFO - Sent: {'sensor_id': 'sensor4', 'temperature': 100.0, 'humidity': 85.0, 'timestamp': '2025-05-15T22:01:51.974480+03:00'}
2025-05-15 22:01:53,976 - INFO - Sent: {'sensor_id': 'sensor4', 'temperature': 100.0, 'humidity': 85.0, 'timestamp': '2025-05-15T22:01:53.975835+03:00'}
2025-05-15 22:01:55,977 - INFO - Sent: {'sensor_id': 'sensor4', 'temperature': 100.0, 'humidity': 85.0, 'timestamp': '2025-05-15T22:01:55.976969+03:00'}
2025-05-15 22:01:57,978 - INFO - Sent: {'sensor_id': 'sensor4', 'temperature': 100.0, 'humidity': 85.0, 'timestamp': '2025-05-15T22:01:57.978046+03:00'}
2025-05-15 22:01:59,979 - INFO - Sent: {'sensor_id': 'sensor4', 'temperature': 100.0, 'humidity': 85.0, 'timestamp': '2025-05-15T22:01:59.979421+03:00'}
2025-05-15 22:02:01,980 - INFO - Sent: {'sensor_id': 'sensor4', 'temperature': 100.0, 'humidity': 85.0, 'timestamp': '2025-05-15T22:02:01.980657+03:00'}
2025-05-15 22:02:03,982 - INFO - Sent: {'sensor_id': 'sensor4', 'temperature': 100.0, 'humidity': 85.0, 'timestamp': '2025-05-15T22:02:03.982365+03:00'}
2025-05-15 22:02:05,983 - INFO - Sent: {'sensor_id': 'sensor4', 'temperature': 100.0, 'humidity': 85.0, 'timestamp': '2025-05-15T22:02:05.982995+03:00'}
2025-05-15 22:02:07,984 - INFO - Sent: {'sensor_id': 'sensor4', 'temperature': 100.0, 'humidity': 85.0, 'timestamp': '2025-05-15T22:02:07.984228+03:00'}
2025-05-15 22:02:09,985 - INFO - Sent: {'sensor_id': 'sensor4', 'temperature': 100.0, 'humidity': 85.0, 'timestamp': '2025-05-15T22:02:09.985033+03:00'}
2025-05-15 22:02:11,986 - INFO - Sent: {'sensor_id': 'sensor4', 'temperature': 100.0, 'humidity': 85.0, 'timestamp': '2025-05-15T22:02:11.985897+03:00'}
2025-05-15 22:02:13,987 - INFO - Sent: {'sensor_id': 'sensor4', 'temperature': 100.0, 'humidity': 85.0, 'timestamp': '2025-05-15T22:02:13.986926+03:00'}
2025-05-15 22:02:15,987 - INFO - Sent: {'sensor_id': 'sensor4', 'temperature': 100.0, 'humidity': 85.0, 'timestamp': '2025-05-15T22:02:15.987776+03:00'}
2025-05-15 22:02:17,989 - INFO - Sent: {'sensor_id': 'sensor4', 'temperature': 100.0, 'humidity': 85.0, 'timestamp': '2025-05-15T22:02:17.988883+03:00'}
2025-05-15 22:02:19,990 - INFO - Sent: {'sensor_id': 'sensor4', 'temperature': 100.0, 'humidity': 85.0, 'timestamp': '2025-05-15T22:02:19.990430+03:00'}
2025-05-15 22:02:21,991 - INFO - Sent: {'sensor_id': 'sensor4', 'temperature': 100.0, 'humidity': 85.0, 'timestamp': '2025-05-15T22:02:21.991754+03:00'}
2025-05-15 22:02:23,992 - INFO - Sent: {'sensor_id': 'sensor4', 'temperature': 100.0, 'humidity': 85.0, 'timestamp': '2025-05-15T22:02:23.992295+03:00'}
2025-05-15 22:02:25,993 - INFO - Sent: {'sensor_id': 'sensor4', 'temperature': 100.0, 'humidity': 85.0, 'timestamp': '2025-05-15T22:02:25.992894+03:00'}
2025-05-15 22:02:27,994 - INFO - Sent: {'sensor_id': 'sensor4', 'temperature': 100.0, 'humidity': 85.0, 'timestamp': '2025-05-15T22:02:27.993878+03:00'}
2025-05-15 22:02:29,994 - INFO - Sent: {'sensor_id': 'sensor4', 'temperature': 100.0, 'humidity': 85.0, 'timestamp': '2025-05-15T22:02:29.994505+03:00'}
2025-05-15 22:02:31,995 - INFO - Sent: {'sensor_id': 'sensor4', 'temperature': 100.0, 'humidity': 85.0, 'timestamp': '2025-05-15T22:02:31.995338+03:00'}
2025-05-15 22:02:33,996 - INFO - Sent: {'sensor_id': 'sensor4', 'temperature': 100.0, 'humidity': 85.0, 'timestamp': '2025-05-15T22:02:33.996760+03:00'}
2025-05-15 22:02:35,997 - INFO - Sent: {'sensor_id': 'sensor4', 'temperature': 100.0, 'humidity': 85.0, 'timestamp': '2025-05-15T22:02:35.997470+03:00'}
2025-05-15 22:02:37,999 - INFO - Sent: {'sensor_id': 'sensor4', 'temperature': 100.0, 'humidity': 85.0, 'timestamp': '2025-05-15T22:02:37.999088+03:00'}
2025-05-15 22:02:40,000 - INFO - Sent: {'sensor_id': 'sensor4', 'temperature': 100.0, 'humidity': 85.0, 'timestamp': '2025-05-15T22:02:40.000071+03:00'}
2025-05-15 22:02:42,000 - INFO - Sent: {'sensor_id': 'sensor4', 'temperature': 100.0, 'humidity': 85.0, 'timestamp': '2025-05-15T22:02:42.000789+03:00'}
2025-05-15 22:02:44,001 - INFO - Sent: {'sensor_id': 'sensor4', 'temperature': 100.0, 'humidity': 85.0, 'timestamp': '2025-05-15T22:02:44.001302+03:00'}
2025-05-15 22:02:46,002 - INFO - Sent: {'sensor_id': 'sensor4', 'temperature': 100.0, 'humidity': 85.0, 'timestamp': '2025-05-15T22:02:46.002534+03:00'}
2025-05-15 22:02:48,003 - INFO - Sent: {'sensor_id': 'sensor4', 'temperature': 100.0, 'humidity': 85.0, 'timestamp': '2025-05-15T22:02:48.003279+03:00'}
2025-05-15 22:02:50,004 - INFO - Sent: {'sensor_id': 'sensor4', 'temperature': 100.0, 'humidity': 85.0, 'timestamp': '2025-05-15T22:02:50.004157+03:00'}
2025-05-15 22:02:52,005 - INFO - Sent: {'sensor_id': 'sensor4', 'temperature': 100.0, 'humidity': 85.0, 'timestamp': '2025-05-15T22:02:52.005185+03:00'}
2025-05-15 22:02:54,006 - INFO - Sent: {'sensor_id': 'sensor4', 'temperature': 100.0, 'humidity': 85.0, 'timestamp': '2025-05-15T22:02:54.006599+03:00'}
2025-05-15 22:02:56,007 - INFO - Sent: {'sensor_id': 'sensor4', 'temperature': 100.0, 'humidity': 85.0, 'timestamp': '2025-05-15T22:02:56.007519+03:00'}
2025-05-15 22:02:58,009 - INFO - Sent: {'sensor_id': 'sensor4', 'temperature': 100.0, 'humidity': 85.0, 'timestamp': '2025-05-15T22:02:58.008828+03:00'}
2025-05-15 22:03:00,011 - INFO - Sent: {'sensor_id': 'sensor4', 'temperature': 100.0, 'humidity': 85.0, 'timestamp': '2025-05-15T22:03:00.010745+03:00'}
2025-05-15 22:03:02,012 - INFO - Sent: {'sensor_id': 'sensor4', 'temperature': 100.0, 'humidity': 85.0, 'timestamp': '2025-05-15T22:03:02.011947+03:00'}
2025-05-15 22:03:04,013 - INFO - Sent: {'sensor_id': 'sensor4', 'temperature': 100.0, 'humidity': 85.0, 'timestamp': '2025-05-15T22:03:04.012824+03:00'}
2025-05-15 22:03:06,014 - INFO - Sent: {'sensor_id': 'sensor4', 'temperature': 100.0, 'humidity': 85.0, 'timestamp': '2025-05-15T22:03:06.013938+03:00'}
2025-05-15 22:03:08,015 - INFO - Sent: {'sensor_id': 'sensor4', 'temperature': 100.0, 'humidity': 85.0, 'timestamp': '2025-05-15T22:03:08.014972+03:00'}
2025-05-15 22:03:10,016 - INFO - Sent: {'sensor_id': 'sensor4', 'temperature': 100.0, 'humidity': 85.0, 'timestamp': '2025-05-15T22:03:10.016262+03:00'}
2025-05-15 22:03:12,017 - INFO - Sent: {'sensor_id': 'sensor4', 'temperature': 100.0, 'humidity': 85.0, 'timestamp': '2025-05-15T22:03:12.017121+03:00'}
2025-05-15 22:03:14,018 - INFO - Sent: {'sensor_id': 'sensor4', 'temperature': 100.0, 'humidity': 85.0, 'timestamp': '2025-05-15T22:03:14.018031+03:00'}
2025-05-15 22:03:16,019 - INFO - Sent: {'sensor_id': 'sensor4', 'temperature': 100.0, 'humidity': 85.0, 'timestamp': '2025-05-15T22:03:16.019056+03:00'}
2025-05-15 22:03:18,020 - INFO - Sent: {'sensor_id': 'sensor4', 'temperature': 100.0, 'humidity': 85.0, 'timestamp': '2025-05-15T22:03:18.020430+03:00'}
2025-05-15 22:03:20,022 - INFO - Sent: {'sensor_id': 'sensor4', 'temperature': 100.0, 'humidity': 85.0, 'timestamp': '2025-05-15T22:03:20.022221+03:00'}
2025-05-15 22:03:22,023 - INFO - Sent: {'sensor_id': 'sensor4', 'temperature': 100.0, 'humidity': 85.0, 'timestamp': '2025-05-15T22:03:22.023608+03:00'}
2025-05-15 22:03:24,025 - INFO - Sent: {'sensor_id': 'sensor4', 'temperature': 100.0, 'humidity': 85.0, 'timestamp': '2025-05-15T22:03:24.024869+03:00'}
2025-05-15 22:03:26,026 - INFO - Sent: {'sensor_id': 'sensor4', 'temperature': 100.0, 'humidity': 85.0, 'timestamp': '2025-05-15T22:03:26.026117+03:00'}
2025-05-15 22:03:28,026 - INFO - Sent: {'sensor_id': 'sensor4', 'temperature': 100.0, 'humidity': 85.0, 'timestamp': '2025-05-15T22:03:28.026839+03:00'}
2025-05-15 22:03:30,027 - INFO - Sent: {'sensor_id': 'sensor4', 'temperature': 100.0, 'humidity': 85.0, 'timestamp': '2025-05-15T22:03:30.027579+03:00'}
2025-05-15 22:03:32,028 - INFO - Sent: {'sensor_id': 'sensor4', 'temperature': 100.0, 'humidity': 85.0, 'timestamp': '2025-05-15T22:03:32.028163+03:00'}
2025-05-15 22:03:34,029 - INFO - Sent: {'sensor_id': 'sensor4', 'temperature': 100.0, 'humidity': 85.0, 'timestamp': '2025-05-15T22:03:34.029403+03:00'}
2025-05-15 22:03:36,030 - INFO - Sent: {'sensor_id': 'sensor4', 'temperature': 100.0, 'humidity': 85.0, 'timestamp': '2025-05-15T22:03:36.030495+03:00'}
2025-05-15 22:03:38,031 - INFO - Sent: {'sensor_id': 'sensor4', 'temperature': 100.0, 'humidity': 85.0, 'timestamp': '2025-05-15T22:03:38.031668+03:00'}
2025-05-15 22:03:40,032 - INFO - Sent: {'sensor_id': 'sensor4', 'temperature': 100.0, 'humidity': 85.0, 'timestamp': '2025-05-15T22:03:40.032497+03:00'}
2025-05-15 22:03:42,033 - INFO - Sent: {'sensor_id': 'sensor4', 'temperature': 100.0, 'humidity': 85.0, 'timestamp': '2025-05-15T22:03:42.033649+03:00'}
2025-05-15 22:03:44,034 - INFO - Sent: {'sensor_id': 'sensor4', 'temperature': 100.0, 'humidity': 85.0, 'timestamp': '2025-05-15T22:03:44.034475+03:00'}
2025-05-15 22:03:46,035 - INFO - Sent: {'sensor_id': 'sensor4', 'temperature': 100.0, 'humidity': 85.0, 'timestamp': '2025-05-15T22:03:46.035436+03:00'}
2025-05-15 22:03:48,036 - INFO - Sent: {'sensor_id': 'sensor4', 'temperature': 100.0, 'humidity': 85.0, 'timestamp': '2025-05-15T22:03:48.036282+03:00'}
2025-05-15 22:03:50,037 - INFO - Sent: {'sensor_id': 'sensor4', 'temperature': 100.0, 'humidity': 85.0, 'timestamp': '2025-05-15T22:03:50.037521+03:00'}
2025-05-15 22:03:52,038 - INFO - Sent: {'sensor_id': 'sensor4', 'temperature': 100.0, 'humidity': 85.0, 'timestamp': '2025-05-15T22:03:52.038531+03:00'}
2025-05-15 22:03:54,039 - INFO - Sent: {'sensor_id': 'sensor4', 'temperature': 100.0, 'humidity': 85.0, 'timestamp': '2025-05-15T22:03:54.039386+03:00'}
2025-05-15 22:03:56,040 - INFO - Sent: {'sensor_id': 'sensor4', 'temperature': 100.0, 'humidity': 85.0, 'timestamp': '2025-05-15T22:03:56.040504+03:00'}
2025-05-15 22:03:58,042 - INFO - Sent: {'sensor_id': 'sensor4', 'temperature': 100.0, 'humidity': 85.0, 'timestamp': '2025-05-15T22:03:58.042098+03:00'}
2025-05-15 22:04:00,043 - INFO - Sent: {'sensor_id': 'sensor4', 'temperature': 100.0, 'humidity': 85.0, 'timestamp': '2025-05-15T22:04:00.043579+03:00'}
2025-05-15 22:04:02,045 - INFO - Sent: {'sensor_id': 'sensor4', 'temperature': 100.0, 'humidity': 85.0, 'timestamp': '2025-05-15T22:04:02.044827+03:00'}
2025-05-15 22:04:04,046 - INFO - Sent: {'sensor_id': 'sensor4', 'temperature': 100.0, 'humidity': 85.0, 'timestamp': '2025-05-15T22:04:04.046225+03:00'}
2025-05-15 22:04:06,047 - INFO - Sent: {'sensor_id': 'sensor4', 'temperature': 100.0, 'humidity': 85.0, 'timestamp': '2025-05-15T22:04:06.047786+03:00'}
2025-05-15 22:04:08,050 - INFO - Sent: {'sensor_id': 'sensor4', 'temperature': 100.0, 'humidity': 85.0, 'timestamp': '2025-05-15T22:04:08.049971+03:00'}
2025-05-15 22:04:10,051 - INFO - Sent: {'sensor_id': 'sensor4', 'temperature': 100.0, 'humidity': 85.0, 'timestamp': '2025-05-15T22:04:10.051161+03:00'}
2025-05-15 22:04:12,053 - INFO - Sent: {'sensor_id': 'sensor4', 'temperature': 100.0, 'humidity': 85.0, 'timestamp': '2025-05-15T22:04:12.052842+03:00'}
2025-05-15 22:04:14,054 - INFO - Sent: {'sensor_id': 'sensor4', 'temperature': 100.0, 'humidity': 85.0, 'timestamp': '2025-05-15T22:04:14.054151+03:00'}
2025-05-15 22:04:16,055 - INFO - Sent: {'sensor_id': 'sensor4', 'temperature': 100.0, 'humidity': 85.0, 'timestamp': '2025-05-15T22:04:16.055210+03:00'}
2025-05-15 22:04:18,056 - INFO - Sent: {'sensor_id': 'sensor4', 'temperature': 100.0, 'humidity': 85.0, 'timestamp': '2025-05-15T22:04:18.056191+03:00'}
2025-05-15 22:04:20,057 - INFO - Sent: {'sensor_id': 'sensor4', 'temperature': 100.0, 'humidity': 85.0, 'timestamp': '2025-05-15T22:04:20.057736+03:00'}
2025-05-15 22:04:22,059 - INFO - Sent: {'sensor_id': 'sensor4', 'temperature': 100.0, 'humidity': 85.0, 'timestamp': '2025-05-15T22:04:22.058934+03:00'}
2025-05-15 22:04:24,060 - INFO - Sent: {'sensor_id': 'sensor4', 'temperature': 100.0, 'humidity': 85.0, 'timestamp': '2025-05-15T22:04:24.059810+03:00'}
2025-05-15 22:04:26,061 - INFO - Sent: {'sensor_id': 'sensor4', 'temperature': 100.0, 'humidity': 85.0, 'timestamp': '2025-05-15T22:04:26.061119+03:00'}
2025-05-15 22:04:28,062 - INFO - Sent: {'sensor_id': 'sensor4', 'temperature': 100.0, 'humidity': 85.0, 'timestamp': '2025-05-15T22:04:28.062526+03:00'}
2025-05-15 22:04:30,064 - INFO - Sent: {'sensor_id': 'sensor4', 'temperature': 100.0, 'humidity': 85.0, 'timestamp': '2025-05-15T22:04:30.063824+03:00'}
2025-05-15 22:04:32,065 - INFO - Sent: {'sensor_id': 'sensor4', 'temperature': 100.0, 'humidity': 85.0, 'timestamp': '2025-05-15T22:04:32.065249+03:00'}
2025-05-15 22:04:34,066 - INFO - Sent: {'sensor_id': 'sensor4', 'temperature': 100.0, 'humidity': 85.0, 'timestamp': '2025-05-15T22:04:34.066260+03:00'}
2025-05-15 22:04:36,068 - INFO - Sent: {'sensor_id': 'sensor4', 'temperature': 100.0, 'humidity': 85.0, 'timestamp': '2025-05-15T22:04:36.067913+03:00'}
2025-05-15 22:04:38,068 - INFO - Sent: {'sensor_id': 'sensor4', 'temperature': 100.0, 'humidity': 85.0, 'timestamp': '2025-05-15T22:04:38.068771+03:00'}
2025-05-15 22:04:40,070 - INFO - Sent: {'sensor_id': 'sensor4', 'temperature': 100.0, 'humidity': 85.0, 'timestamp': '2025-05-15T22:04:40.070023+03:00'}
2025-05-15 22:04:42,071 - INFO - Sent: {'sensor_id': 'sensor4', 'temperature': 100.0, 'humidity': 85.0, 'timestamp': '2025-05-15T22:04:42.071479+03:00'}
2025-05-15 22:04:44,072 - INFO - Sent: {'sensor_id': 'sensor4', 'temperature': 100.0, 'humidity': 85.0, 'timestamp': '2025-05-15T22:04:44.072568+03:00'}
2025-05-15 22:04:46,074 - INFO - Sent: {'sensor_id': 'sensor4', 'temperature': 100.0, 'humidity': 85.0, 'timestamp': '2025-05-15T22:04:46.073973+03:00'}
2025-05-15 22:04:48,075 - INFO - Sent: {'sensor_id': 'sensor4', 'temperature': 100.0, 'humidity': 85.0, 'timestamp': '2025-05-15T22:04:48.075073+03:00'}
2025-05-15 22:04:50,076 - INFO - Sent: {'sensor_id': 'sensor4', 'temperature': 100.0, 'humidity': 85.0, 'timestamp': '2025-05-15T22:04:50.076291+03:00'}
2025-05-15 22:04:52,077 - INFO - Sent: {'sensor_id': 'sensor4', 'temperature': 100.0, 'humidity': 85.0, 'timestamp': '2025-05-15T22:04:52.077376+03:00'}
2025-05-15 22:04:54,078 - INFO - Sent: {'sensor_id': 'sensor4', 'temperature': 100.0, 'humidity': 85.0, 'timestamp': '2025-05-15T22:04:54.078795+03:00'}
2025-05-15 22:04:56,080 - INFO - Sent: {'sensor_id': 'sensor4', 'temperature': 100.0, 'humidity': 85.0, 'timestamp': '2025-05-15T22:04:56.080341+03:00'}
2025-05-15 22:04:58,082 - INFO - Sent: {'sensor_id': 'sensor4', 'temperature': 100.0, 'humidity': 85.0, 'timestamp': '2025-05-15T22:04:58.081900+03:00'}
2025-05-15 22:05:00,083 - INFO - Sent: {'sensor_id': 'sensor4', 'temperature': 100.0, 'humidity': 85.0, 'timestamp': '2025-05-15T22:05:00.083015+03:00'}
2025-05-15 22:05:02,084 - INFO - Sent: {'sensor_id': 'sensor4', 'temperature': 100.0, 'humidity': 85.0, 'timestamp': '2025-05-15T22:05:02.084630+03:00'}
2025-05-15 22:05:04,086 - INFO - Sent: {'sensor_id': 'sensor4', 'temperature': 100.0, 'humidity': 85.0, 'timestamp': '2025-05-15T22:05:04.085919+03:00'}
2025-05-15 22:05:06,087 - INFO - Sent: {'sensor_id': 'sensor4', 'temperature': 100.0, 'humidity': 85.0, 'timestamp': '2025-05-15T22:05:06.087198+03:00'}
2025-05-15 22:05:08,089 - INFO - Sent: {'sensor_id': 'sensor4', 'temperature': 100.0, 'humidity': 85.0, 'timestamp': '2025-05-15T22:05:08.088795+03:00'}
2025-05-15 22:05:10,090 - INFO - Sent: {'sensor_id': 'sensor4', 'temperature': 100.0, 'humidity': 85.0, 'timestamp': '2025-05-15T22:05:10.090266+03:00'}
2025-05-15 22:05:12,091 - INFO - Sent: {'sensor_id': 'sensor4', 'temperature': 100.0, 'humidity': 85.0, 'timestamp': '2025-05-15T22:05:12.091352+03:00'}
2025-05-15 22:05:14,093 - INFO - Sent: {'sensor_id': 'sensor4', 'temperature': 100.0, 'humidity': 85.0, 'timestamp': '2025-05-15T22:05:14.092980+03:00'}
2025-05-15 22:05:16,094 - INFO - Sent: {'sensor_id': 'sensor4', 'temperature': 100.0, 'humidity': 85.0, 'timestamp': '2025-05-15T22:05:16.094357+03:00'}
2025-05-15 22:05:18,095 - INFO - Sent: {'sensor_id': 'sensor4', 'temperature': 100.0, 'humidity': 85.0, 'timestamp': '2025-05-15T22:05:18.095688+03:00'}
2025-05-15 22:05:20,097 - INFO - Sent: {'sensor_id': 'sensor4', 'temperature': 100.0, 'humidity': 85.0, 'timestamp': '2025-05-15T22:05:20.096872+03:00'}
2025-05-15 22:05:22,098 - INFO - Sent: {'sensor_id': 'sensor4', 'temperature': 100.0, 'humidity': 85.0, 'timestamp': '2025-05-15T22:05:22.097909+03:00'}
2025-05-15 22:05:24,099 - INFO - Sent: {'sensor_id': 'sensor4', 'temperature': 100.0, 'humidity': 85.0, 'timestamp': '2025-05-15T22:05:24.098836+03:00'}
