2025-05-15 21:28:15,930 - INFO - Connected to Drone at 127.0.0.1:5000
2025-05-15 21:28:15,933 - INFO - Sent: {'sensor_id': 'sensor3', 'temperature': 100.0, 'humidity': 95, 'timestamp': '2025-05-15T18:28:15.932894Z'}
2025-05-15 21:28:17,934 - INFO - Sent: {'sensor_id': 'sensor3', 'temperature': 100.0, 'humidity': 95, 'timestamp': '2025-05-15T18:28:17.934023Z'}
2025-05-15 21:28:19,934 - INFO - Sent: {'sensor_id': 'sensor3', 'temperature': 100.0, 'humidity': 95, 'timestamp': '2025-05-15T18:28:19.934849Z'}
2025-05-15 21:28:21,936 - INFO - Sent: {'sensor_id': 'sensor3', 'temperature': 100.0, 'humidity': 95, 'timestamp': '2025-05-15T18:28:21.935800Z'}
2025-05-15 21:28:23,937 - INFO - Sent: {'sensor_id': 'sensor3', 'temperature': 100.0, 'humidity': 95, 'timestamp': '2025-05-15T18:28:23.937306Z'}
2025-05-15 21:28:25,940 - INFO - Sent: {'sensor_id': 'sensor3', 'temperature': 100.0, 'humidity': 95, 'timestamp': '2025-05-15T18:28:25.940521Z'}
2025-05-15 21:28:27,942 - INFO - Sent: {'sensor_id': 'sensor3', 'temperature': 100.0, 'humidity': 95, 'timestamp': '2025-05-15T18:28:27.941889Z'}
2025-05-15 21:28:29,942 - INFO - Sent: {'sensor_id': 'sensor3', 'temperature': 100.0, 'humidity': 95, 'timestamp': '2025-05-15T18:28:29.942476Z'}
2025-05-15 21:28:31,943 - INFO - Sent: {'sensor_id': 'sensor3', 'temperature': 100.0, 'humidity': 95, 'timestamp': '2025-05-15T18:28:31.943584Z'}
2025-05-15 21:28:33,944 - INFO - Sent: {'sensor_id': 'sensor3', 'temperature': 100.0, 'humidity': 95, 'timestamp': '2025-05-15T18:28:33.944049Z'}
2025-05-15 21:28:35,945 - INFO - Sent: {'sensor_id': 'sensor3', 'temperature': 100.0, 'humidity': 95, 'timestamp': '2025-05-15T18:28:35.944901Z'}
2025-05-15 21:28:37,946 - INFO - Sent: {'sensor_id': 'sensor3', 'temperature': 100.0, 'humidity': 95, 'timestamp': '2025-05-15T18:28:37.946265Z'}
2025-05-15 21:28:39,947 - INFO - Sent: {'sensor_id': 'sensor3', 'temperature': 100.0, 'humidity': 95, 'timestamp': '2025-05-15T18:28:39.947211Z'}
2025-05-15 21:28:41,948 - INFO - Sent: {'sensor_id': 'sensor3', 'temperature': 100.0, 'humidity': 95, 'timestamp': '2025-05-15T18:28:41.947924Z'}
2025-05-15 21:28:43,948 - INFO - Sent: {'sensor_id': 'sensor3', 'temperature': 100.0, 'humidity': 95, 'timestamp': '2025-05-15T18:28:43.948723Z'}
2025-05-15 21:28:45,950 - INFO - Sent: {'sensor_id': 'sensor3', 'temperature': 100.0, 'humidity': 95, 'timestamp': '2025-05-15T18:28:45.949394Z'}
2025-05-15 21:28:47,952 - INFO - Sent: {'sensor_id': 'sensor3', 'temperature': 100.0, 'humidity': 95, 'timestamp': '2025-05-15T18:28:47.952262Z'}
2025-05-15 21:28:49,953 - INFO - Sent: {'sensor_id': 'sensor3', 'temperature': 100.0, 'humidity': 95, 'timestamp': '2025-05-15T18:28:49.953195Z'}
2025-05-15 21:28:51,954 - INFO - Sent: {'sensor_id': 'sensor3', 'temperature': 100.0, 'humidity': 95, 'timestamp': '2025-05-15T18:28:51.954410Z'}
2025-05-15 21:28:53,955 - INFO - Sent: {'sensor_id': 'sensor3', 'temperature': 100.0, 'humidity': 95, 'timestamp': '2025-05-15T18:28:53.955604Z'}
2025-05-15 21:28:55,957 - INFO - Sent: {'sensor_id': 'sensor3', 'temperature': 100.0, 'humidity': 95, 'timestamp': '2025-05-15T18:28:55.956931Z'}
2025-05-15 21:28:57,957 - INFO - Sent: {'sensor_id': 'sensor3', 'temperature': 100.0, 'humidity': 95, 'timestamp': '2025-05-15T18:28:57.957774Z'}
2025-05-15 21:28:59,958 - INFO - Sent: {'sensor_id': 'sensor3', 'temperature': 100.0, 'humidity': 95, 'timestamp': '2025-05-15T18:28:59.958510Z'}
2025-05-15 21:29:01,959 - INFO - Sent: {'sensor_id': 'sensor3', 'temperature': 100.0, 'humidity': 95, 'timestamp': '2025-05-15T18:29:01.959693Z'}
2025-05-15 21:29:03,961 - INFO - Sent: {'sensor_id': 'sensor3', 'temperature': 100.0, 'humidity': 95, 'timestamp': '2025-05-15T18:29:03.960854Z'}
2025-05-15 21:29:05,961 - INFO - Sent: {'sensor_id': 'sensor3', 'temperature': 100.0, 'humidity': 95, 'timestamp': '2025-05-15T18:29:05.961463Z'}
2025-05-15 21:29:07,962 - INFO - Sent: {'sensor_id': 'sensor3', 'temperature': 100.0, 'humidity': 95, 'timestamp': '2025-05-15T18:29:07.962672Z'}
2025-05-15 21:29:09,964 - INFO - Sent: {'sensor_id': 'sensor3', 'temperature': 100.0, 'humidity': 95, 'timestamp': '2025-05-15T18:29:09.964037Z'}
2025-05-15 21:29:11,965 - INFO - Sent: {'sensor_id': 'sensor3', 'temperature': 100.0, 'humidity': 95, 'timestamp': '2025-05-15T18:29:11.964894Z'}
2025-05-15 21:29:13,966 - INFO - Sent: {'sensor_id': 'sensor3', 'temperature': 100.0, 'humidity': 95, 'timestamp': '2025-05-15T18:29:13.966010Z'}
2025-05-15 21:29:15,966 - INFO - Sent: {'sensor_id': 'sensor3', 'temperature': 100.0, 'humidity': 95, 'timestamp': '2025-05-15T18:29:15.966758Z'}
2025-05-15 21:29:17,968 - INFO - Sent: {'sensor_id': 'sensor3', 'temperature': 100.0, 'humidity': 95, 'timestamp': '2025-05-15T18:29:17.967964Z'}
2025-05-15 21:29:19,969 - INFO - Sent: {'sensor_id': 'sensor3', 'temperature': 100.0, 'humidity': 95, 'timestamp': '2025-05-15T18:29:19.969549Z'}
2025-05-15 21:29:21,970 - INFO - Sent: {'sensor_id': 'sensor3', 'temperature': 100.0, 'humidity': 95, 'timestamp': '2025-05-15T18:29:21.970390Z'}
2025-05-15 21:29:23,971 - INFO - Sent: {'sensor_id': 'sensor3', 'temperature': 100.0, 'humidity': 95, 'timestamp': '2025-05-15T18:29:23.970901Z'}
2025-05-15 21:29:25,972 - INFO - Sent: {'sensor_id': 'sensor3', 'temperature': 100.0, 'humidity': 95, 'timestamp': '2025-05-15T18:29:25.972199Z'}
2025-05-15 21:29:27,973 - INFO - Sent: {'sensor_id': 'sensor3', 'temperature': 100.0, 'humidity': 95, 'timestamp': '2025-05-15T18:29:27.973245Z'}
2025-05-15 21:29:29,973 - INFO - Sent: {'sensor_id': 'sensor3', 'temperature': 100.0, 'humidity': 95, 'timestamp': '2025-05-15T18:29:29.973819Z'}
2025-05-15 21:29:31,974 - INFO - Sent: {'sensor_id': 'sensor3', 'temperature': 100.0, 'humidity': 95, 'timestamp': '2025-05-15T18:29:31.974561Z'}
2025-05-15 21:29:33,975 - INFO - Sent: {'sensor_id': 'sensor3', 'temperature': 100.0, 'humidity': 95, 'timestamp': '2025-05-15T18:29:33.975490Z'}
2025-05-15 21:29:35,977 - INFO - Sent: {'sensor_id': 'sensor3', 'temperature': 100.0, 'humidity': 95, 'timestamp': '2025-05-15T18:29:35.977544Z'}
2025-05-15 21:29:37,978 - INFO - Sent: {'sensor_id': 'sensor3', 'temperature': 100.0, 'humidity': 95, 'timestamp': '2025-05-15T18:29:37.978603Z'}
2025-05-15 21:29:39,979 - INFO - Sent: {'sensor_id': 'sensor3', 'temperature': 100.0, 'humidity': 95, 'timestamp': '2025-05-15T18:29:39.979416Z'}
2025-05-15 21:29:41,980 - INFO - Sent: {'sensor_id': 'sensor3', 'temperature': 100.0, 'humidity': 95, 'timestamp': '2025-05-15T18:29:41.980413Z'}
2025-05-15 21:29:43,981 - INFO - Sent: {'sensor_id': 'sensor3', 'temperature': 100.0, 'humidity': 95, 'timestamp': '2025-05-15T18:29:43.981773Z'}
2025-05-15 21:29:45,982 - INFO - Sent: {'sensor_id': 'sensor3', 'temperature': 100.0, 'humidity': 95, 'timestamp': '2025-05-15T18:29:45.982674Z'}
2025-05-15 21:29:47,983 - INFO - Sent: {'sensor_id': 'sensor3', 'temperature': 100.0, 'humidity': 95, 'timestamp': '2025-05-15T18:29:47.983457Z'}
2025-05-15 21:29:49,984 - INFO - Sent: {'sensor_id': 'sensor3', 'temperature': 100.0, 'humidity': 95, 'timestamp': '2025-05-15T18:29:49.984546Z'}
2025-05-15 21:29:51,985 - INFO - Sent: {'sensor_id': 'sensor3', 'temperature': 100.0, 'humidity': 95, 'timestamp': '2025-05-15T18:29:51.985438Z'}
2025-05-15 21:29:53,986 - INFO - Sent: {'sensor_id': 'sensor3', 'temperature': 100.0, 'humidity': 95, 'timestamp': '2025-05-15T18:29:53.986263Z'}
2025-05-15 21:29:55,987 - INFO - Sent: {'sensor_id': 'sensor3', 'temperature': 100.0, 'humidity': 95, 'timestamp': '2025-05-15T18:29:55.987075Z'}
2025-05-15 21:29:57,987 - INFO - Sent: {'sensor_id': 'sensor3', 'temperature': 100.0, 'humidity': 95, 'timestamp': '2025-05-15T18:29:57.987843Z'}
2025-05-15 21:29:59,988 - INFO - Sent: {'sensor_id': 'sensor3', 'temperature': 100.0, 'humidity': 95, 'timestamp': '2025-05-15T18:29:59.988829Z'}
2025-05-15 21:30:01,990 - INFO - Sent: {'sensor_id': 'sensor3', 'temperature': 100.0, 'humidity': 95, 'timestamp': '2025-05-15T18:30:01.989961Z'}
2025-05-15 21:30:03,991 - INFO - Sent: {'sensor_id': 'sensor3', 'temperature': 100.0, 'humidity': 95, 'timestamp': '2025-05-15T18:30:03.991035Z'}
2025-05-15 21:30:05,992 - INFO - Sent: {'sensor_id': 'sensor3', 'temperature': 100.0, 'humidity': 95, 'timestamp': '2025-05-15T18:30:05.992077Z'}
2025-05-15 21:30:07,993 - INFO - Sent: {'sensor_id': 'sensor3', 'temperature': 100.0, 'humidity': 95, 'timestamp': '2025-05-15T18:30:07.993253Z'}
2025-05-15 21:30:09,997 - INFO - Sent: {'sensor_id': 'sensor3', 'temperature': 100.0, 'humidity': 95, 'timestamp': '2025-05-15T18:30:09.997553Z'}
2025-05-15 21:30:12,001 - INFO - Sent: {'sensor_id': 'sensor3', 'temperature': 100.0, 'humidity': 95, 'timestamp': '2025-05-15T18:30:12.001006Z'}
2025-05-15 21:30:14,006 - INFO - Sent: {'sensor_id': 'sensor3', 'temperature': 100.0, 'humidity': 95, 'timestamp': '2025-05-15T18:30:14.002065Z'}
2025-05-15 21:30:16,008 - INFO - Sent: {'sensor_id': 'sensor3', 'temperature': 100.0, 'humidity': 95, 'timestamp': '2025-05-15T18:30:16.007941Z'}
2025-05-15 21:30:18,010 - INFO - Sent: {'sensor_id': 'sensor3', 'temperature': 100.0, 'humidity': 95, 'timestamp': '2025-05-15T18:30:18.009837Z'}
2025-05-15 21:30:20,012 - INFO - Sent: {'sensor_id': 'sensor3', 'temperature': 100.0, 'humidity': 95, 'timestamp': '2025-05-15T18:30:20.012753Z'}
2025-05-15 21:30:22,014 - INFO - Sent: {'sensor_id': 'sensor3', 'temperature': 100.0, 'humidity': 95, 'timestamp': '2025-05-15T18:30:22.013865Z'}
2025-05-15 21:30:24,014 - INFO - Sent: {'sensor_id': 'sensor3', 'temperature': 100.0, 'humidity': 95, 'timestamp': '2025-05-15T18:30:24.014764Z'}
2025-05-15 21:30:26,015 - INFO - Sent: {'sensor_id': 'sensor3', 'temperature': 100.0, 'humidity': 95, 'timestamp': '2025-05-15T18:30:26.015448Z'}
2025-05-15 21:30:28,017 - INFO - Sent: {'sensor_id': 'sensor3', 'temperature': 100.0, 'humidity': 95, 'timestamp': '2025-05-15T18:30:28.016831Z'}
2025-05-15 21:30:30,018 - INFO - Sent: {'sensor_id': 'sensor3', 'temperature': 100.0, 'humidity': 95, 'timestamp': '2025-05-15T18:30:30.017877Z'}
2025-05-15 21:30:32,020 - INFO - Sent: {'sensor_id': 'sensor3', 'temperature': 100.0, 'humidity': 95, 'timestamp': '2025-05-15T18:30:32.019976Z'}
2025-05-15 21:30:34,021 - INFO - Sent: {'sensor_id': 'sensor3', 'temperature': 100.0, 'humidity': 95, 'timestamp': '2025-05-15T18:30:34.020664Z'}
2025-05-15 21:30:36,022 - INFO - Sent: {'sensor_id': 'sensor3', 'temperature': 100.0, 'humidity': 95, 'timestamp': '2025-05-15T18:30:36.022684Z'}
2025-05-15 21:30:38,023 - INFO - Sent: {'sensor_id': 'sensor3', 'temperature': 100.0, 'humidity': 95, 'timestamp': '2025-05-15T18:30:38.023611Z'}
2025-05-15 21:30:40,024 - INFO - Sent: {'sensor_id': 'sensor3', 'temperature': 100.0, 'humidity': 95, 'timestamp': '2025-05-15T18:30:40.024224Z'}
2025-05-15 21:30:42,025 - INFO - Sent: {'sensor_id': 'sensor3', 'temperature': 100.0, 'humidity': 95, 'timestamp': '2025-05-15T18:30:42.025414Z'}
2025-05-15 21:30:44,026 - INFO - Sent: {'sensor_id': 'sensor3', 'temperature': 100.0, 'humidity': 95, 'timestamp': '2025-05-15T18:30:44.026408Z'}
2025-05-15 21:30:46,028 - INFO - Sent: {'sensor_id': 'sensor3', 'temperature': 100.0, 'humidity': 95, 'timestamp': '2025-05-15T18:30:46.027546Z'}
2025-05-15 21:30:48,029 - INFO - Sent: {'sensor_id': 'sensor3', 'temperature': 100.0, 'humidity': 95, 'timestamp': '2025-05-15T18:30:48.029077Z'}
2025-05-15 21:30:50,030 - INFO - Sent: {'sensor_id': 'sensor3', 'temperature': 100.0, 'humidity': 95, 'timestamp': '2025-05-15T18:30:50.030453Z'}
2025-05-15 21:30:52,031 - INFO - Sent: {'sensor_id': 'sensor3', 'temperature': 100.0, 'humidity': 95, 'timestamp': '2025-05-15T18:30:52.031720Z'}
2025-05-15 21:30:54,033 - INFO - Sent: {'sensor_id': 'sensor3', 'temperature': 100.0, 'humidity': 95, 'timestamp': '2025-05-15T18:30:54.033007Z'}
2025-05-15 21:30:56,034 - INFO - Sent: {'sensor_id': 'sensor3', 'temperature': 100.0, 'humidity': 95, 'timestamp': '2025-05-15T18:30:56.034110Z'}
2025-05-15 21:30:58,034 - INFO - Sent: {'sensor_id': 'sensor3', 'temperature': 100.0, 'humidity': 95, 'timestamp': '2025-05-15T18:30:58.034842Z'}
2025-05-15 21:31:00,036 - INFO - Sent: {'sensor_id': 'sensor3', 'temperature': 100.0, 'humidity': 95, 'timestamp': '2025-05-15T18:31:00.035838Z'}
2025-05-15 21:31:02,037 - INFO - Sent: {'sensor_id': 'sensor3', 'temperature': 100.0, 'humidity': 95, 'timestamp': '2025-05-15T18:31:02.037266Z'}
2025-05-15 21:31:04,038 - INFO - Sent: {'sensor_id': 'sensor3', 'temperature': 100.0, 'humidity': 95, 'timestamp': '2025-05-15T18:31:04.038236Z'}
2025-05-15 21:31:06,039 - INFO - Sent: {'sensor_id': 'sensor3', 'temperature': 100.0, 'humidity': 95, 'timestamp': '2025-05-15T18:31:06.039223Z'}
2025-05-15 21:31:08,040 - INFO - Sent: {'sensor_id': 'sensor3', 'temperature': 100.0, 'humidity': 95, 'timestamp': '2025-05-15T18:31:08.039999Z'}
2025-05-15 21:31:10,041 - INFO - Sent: {'sensor_id': 'sensor3', 'temperature': 100.0, 'humidity': 95, 'timestamp': '2025-05-15T18:31:10.040927Z'}
2025-05-15 21:31:12,042 - INFO - Sent: {'sensor_id': 'sensor3', 'temperature': 100.0, 'humidity': 95, 'timestamp': '2025-05-15T18:31:12.042068Z'}
2025-05-15 21:31:14,043 - INFO - Sent: {'sensor_id': 'sensor3', 'temperature': 100.0, 'humidity': 95, 'timestamp': '2025-05-15T18:31:14.043555Z'}
2025-05-15 21:31:16,045 - INFO - Sent: {'sensor_id': 'sensor3', 'temperature': 100.0, 'humidity': 95, 'timestamp': '2025-05-15T18:31:16.045028Z'}
2025-05-15 21:31:18,047 - INFO - Sent: {'sensor_id': 'sensor3', 'temperature': 100.0, 'humidity': 95, 'timestamp': '2025-05-15T18:31:18.047022Z'}
2025-05-15 21:31:20,048 - INFO - Sent: {'sensor_id': 'sensor3', 'temperature': 100.0, 'humidity': 95, 'timestamp': '2025-05-15T18:31:20.048524Z'}
2025-05-15 21:31:22,051 - INFO - Sent: {'sensor_id': 'sensor3', 'temperature': 100.0, 'humidity': 95, 'timestamp': '2025-05-15T18:31:22.051140Z'}
2025-05-15 21:31:24,052 - INFO - Sent: {'sensor_id': 'sensor3', 'temperature': 100.0, 'humidity': 95, 'timestamp': '2025-05-15T18:31:24.052079Z'}
2025-05-15 21:31:26,053 - INFO - Sent: {'sensor_id': 'sensor3', 'temperature': 100.0, 'humidity': 95, 'timestamp': '2025-05-15T18:31:26.053670Z'}
2025-05-15 21:31:28,055 - INFO - Sent: {'sensor_id': 'sensor3', 'temperature': 100.0, 'humidity': 95, 'timestamp': '2025-05-15T18:31:28.055005Z'}
2025-05-15 21:31:30,056 - INFO - Sent: {'sensor_id': 'sensor3', 'temperature': 100.0, 'humidity': 95, 'timestamp': '2025-05-15T18:31:30.056123Z'}
2025-05-15 21:31:32,057 - INFO - Sent: {'sensor_id': 'sensor3', 'temperature': 100.0, 'humidity': 95, 'timestamp': '2025-05-15T18:31:32.057327Z'}
2025-05-15 21:31:34,058 - INFO - Sent: {'sensor_id': 'sensor3', 'temperature': 100.0, 'humidity': 95, 'timestamp': '2025-05-15T18:31:34.058618Z'}
2025-05-15 21:31:36,062 - INFO - Sent: {'sensor_id': 'sensor3', 'temperature': 100.0, 'humidity': 95, 'timestamp': '2025-05-15T18:31:36.062074Z'}
2025-05-15 21:31:38,063 - INFO - Sent: {'sensor_id': 'sensor3', 'temperature': 100.0, 'humidity': 95, 'timestamp': '2025-05-15T18:31:38.063496Z'}
2025-05-15 21:31:40,066 - INFO - Sent: {'sensor_id': 'sensor3', 'temperature': 100.0, 'humidity': 95, 'timestamp': '2025-05-15T18:31:40.065968Z'}
2025-05-15 21:31:42,069 - INFO - Sent: {'sensor_id': 'sensor3', 'temperature': 100.0, 'humidity': 95, 'timestamp': '2025-05-15T18:31:42.067526Z'}
2025-05-15 21:31:44,071 - INFO - Sent: {'sensor_id': 'sensor3', 'temperature': 100.0, 'humidity': 95, 'timestamp': '2025-05-15T18:31:44.071302Z'}
2025-05-15 21:31:46,074 - INFO - Sent: {'sensor_id': 'sensor3', 'temperature': 100.0, 'humidity': 95, 'timestamp': '2025-05-15T18:31:46.073867Z'}
2025-05-15 21:31:48,076 - INFO - Sent: {'sensor_id': 'sensor3', 'temperature': 100.0, 'humidity': 95, 'timestamp': '2025-05-15T18:31:48.075906Z'}
2025-05-15 21:31:50,077 - INFO - Sent: {'sensor_id': 'sensor3', 'temperature': 100.0, 'humidity': 95, 'timestamp': '2025-05-15T18:31:50.077604Z'}
2025-05-15 21:31:52,084 - INFO - Sent: {'sensor_id': 'sensor3', 'temperature': 100.0, 'humidity': 95, 'timestamp': '2025-05-15T18:31:52.079944Z'}
2025-05-15 21:31:54,086 - INFO - Sent: {'sensor_id': 'sensor3', 'temperature': 100.0, 'humidity': 95, 'timestamp': '2025-05-15T18:31:54.086373Z'}
2025-05-15 21:31:56,089 - INFO - Sent: {'sensor_id': 'sensor3', 'temperature': 100.0, 'humidity': 95, 'timestamp': '2025-05-15T18:31:56.089553Z'}
2025-05-15 21:31:58,094 - INFO - Sent: {'sensor_id': 'sensor3', 'temperature': 100.0, 'humidity': 95, 'timestamp': '2025-05-15T18:31:58.094225Z'}
2025-05-15 21:32:00,110 - INFO - Sent: {'sensor_id': 'sensor3', 'temperature': 100.0, 'humidity': 95, 'timestamp': '2025-05-15T18:32:00.110255Z'}
2025-05-15 21:32:02,148 - INFO - Sent: {'sensor_id': 'sensor3', 'temperature': 100.0, 'humidity': 95, 'timestamp': '2025-05-15T18:32:02.148163Z'}
2025-05-15 21:32:04,152 - INFO - Sent: {'sensor_id': 'sensor3', 'temperature': 100.0, 'humidity': 95, 'timestamp': '2025-05-15T18:32:04.150297Z'}
2025-05-15 21:32:06,155 - INFO - Sent: {'sensor_id': 'sensor3', 'temperature': 100.0, 'humidity': 95, 'timestamp': '2025-05-15T18:32:06.155746Z'}
2025-05-15 21:32:08,159 - INFO - Sent: {'sensor_id': 'sensor3', 'temperature': 100.0, 'humidity': 95, 'timestamp': '2025-05-15T18:32:08.158737Z'}
2025-05-15 21:32:10,163 - INFO - Sent: {'sensor_id': 'sensor3', 'temperature': 100.0, 'humidity': 95, 'timestamp': '2025-05-15T18:32:10.163441Z'}
2025-05-15 21:32:12,167 - INFO - Sent: {'sensor_id': 'sensor3', 'temperature': 100.0, 'humidity': 95, 'timestamp': '2025-05-15T18:32:12.167337Z'}
2025-05-15 21:32:14,171 - INFO - Sent: {'sensor_id': 'sensor3', 'temperature': 100.0, 'humidity': 95, 'timestamp': '2025-05-15T18:32:14.169057Z'}
2025-05-15 21:32:16,176 - INFO - Sent: {'sensor_id': 'sensor3', 'temperature': 100.0, 'humidity': 95, 'timestamp': '2025-05-15T18:32:16.175878Z'}
2025-05-15 21:32:18,185 - INFO - Sent: {'sensor_id': 'sensor3', 'temperature': 100.0, 'humidity': 95, 'timestamp': '2025-05-15T18:32:18.185060Z'}
2025-05-15 21:32:20,188 - INFO - Sent: {'sensor_id': 'sensor3', 'temperature': 100.0, 'humidity': 95, 'timestamp': '2025-05-15T18:32:20.188133Z'}
2025-05-15 21:32:22,190 - INFO - Sent: {'sensor_id': 'sensor3', 'temperature': 100.0, 'humidity': 95, 'timestamp': '2025-05-15T18:32:22.190341Z'}
2025-05-15 21:32:24,193 - INFO - Sent: {'sensor_id': 'sensor3', 'temperature': 100.0, 'humidity': 95, 'timestamp': '2025-05-15T18:32:24.192534Z'}
2025-05-15 21:32:26,199 - INFO - Sent: {'sensor_id': 'sensor3', 'temperature': 100.0, 'humidity': 95, 'timestamp': '2025-05-15T18:32:26.196447Z'}
2025-05-15 21:32:28,207 - INFO - Sent: {'sensor_id': 'sensor3', 'temperature': 100.0, 'humidity': 95, 'timestamp': '2025-05-15T18:32:28.204913Z'}
2025-05-15 21:32:30,216 - INFO - Sent: {'sensor_id': 'sensor3', 'temperature': 100.0, 'humidity': 95, 'timestamp': '2025-05-15T18:32:30.210267Z'}
2025-05-15 21:32:32,224 - INFO - Sent: {'sensor_id': 'sensor3', 'temperature': 100.0, 'humidity': 95, 'timestamp': '2025-05-15T18:32:32.224374Z'}
2025-05-15 21:32:34,227 - INFO - Sent: {'sensor_id': 'sensor3', 'temperature': 100.0, 'humidity': 95, 'timestamp': '2025-05-15T18:32:34.226977Z'}
2025-05-15 21:32:36,228 - INFO - Sent: {'sensor_id': 'sensor3', 'temperature': 100.0, 'humidity': 95, 'timestamp': '2025-05-15T18:32:36.228332Z'}
2025-05-15 21:32:38,230 - INFO - Sent: {'sensor_id': 'sensor3', 'temperature': 100.0, 'humidity': 95, 'timestamp': '2025-05-15T18:32:38.230789Z'}
2025-05-15 21:32:40,232 - INFO - Sent: {'sensor_id': 'sensor3', 'temperature': 100.0, 'humidity': 95, 'timestamp': '2025-05-15T18:32:40.232623Z'}
2025-05-15 21:32:42,234 - INFO - Sent: {'sensor_id': 'sensor3', 'temperature': 100.0, 'humidity': 95, 'timestamp': '2025-05-15T18:32:42.234050Z'}
2025-05-15 21:32:44,236 - INFO - Sent: {'sensor_id': 'sensor3', 'temperature': 100.0, 'humidity': 95, 'timestamp': '2025-05-15T18:32:44.235672Z'}
2025-05-15 21:32:46,238 - INFO - Sent: {'sensor_id': 'sensor3', 'temperature': 100.0, 'humidity': 95, 'timestamp': '2025-05-15T18:32:46.237942Z'}
2025-05-15 21:32:48,239 - INFO - Sent: {'sensor_id': 'sensor3', 'temperature': 100.0, 'humidity': 95, 'timestamp': '2025-05-15T18:32:48.238951Z'}
2025-05-15 21:32:50,240 - INFO - Sent: {'sensor_id': 'sensor3', 'temperature': 100.0, 'humidity': 95, 'timestamp': '2025-05-15T18:32:50.239908Z'}
2025-05-15 21:32:52,242 - INFO - Sent: {'sensor_id': 'sensor3', 'temperature': 100.0, 'humidity': 95, 'timestamp': '2025-05-15T18:32:52.242031Z'}
2025-05-15 21:32:54,243 - INFO - Sent: {'sensor_id': 'sensor3', 'temperature': 100.0, 'humidity': 95, 'timestamp': '2025-05-15T18:32:54.243139Z'}
2025-05-15 21:32:56,262 - INFO - Sent: {'sensor_id': 'sensor3', 'temperature': 100.0, 'humidity': 95, 'timestamp': '2025-05-15T18:32:56.262822Z'}
2025-05-15 21:32:58,266 - INFO - Sent: {'sensor_id': 'sensor3', 'temperature': 100.0, 'humidity': 95, 'timestamp': '2025-05-15T18:32:58.266366Z'}
2025-05-15 21:33:00,269 - INFO - Sent: {'sensor_id': 'sensor3', 'temperature': 100.0, 'humidity': 95, 'timestamp': '2025-05-15T18:33:00.269496Z'}
2025-05-15 21:33:02,272 - INFO - Sent: {'sensor_id': 'sensor3', 'temperature': 100.0, 'humidity': 95, 'timestamp': '2025-05-15T18:33:02.271931Z'}
2025-05-15 21:33:04,274 - INFO - Sent: {'sensor_id': 'sensor3', 'temperature': 100.0, 'humidity': 95, 'timestamp': '2025-05-15T18:33:04.274652Z'}
2025-05-15 21:33:06,277 - INFO - Sent: {'sensor_id': 'sensor3', 'temperature': 100.0, 'humidity': 95, 'timestamp': '2025-05-15T18:33:06.276902Z'}
2025-05-15 21:33:08,279 - INFO - Sent: {'sensor_id': 'sensor3', 'temperature': 100.0, 'humidity': 95, 'timestamp': '2025-05-15T18:33:08.278576Z'}
2025-05-15 21:33:10,280 - INFO - Sent: {'sensor_id': 'sensor3', 'temperature': 100.0, 'humidity': 95, 'timestamp': '2025-05-15T18:33:10.280739Z'}
2025-05-15 21:33:12,282 - INFO - Sent: {'sensor_id': 'sensor3', 'temperature': 100.0, 'humidity': 95, 'timestamp': '2025-05-15T18:33:12.282019Z'}
2025-05-15 21:33:14,283 - INFO - Sent: {'sensor_id': 'sensor3', 'temperature': 100.0, 'humidity': 95, 'timestamp': '2025-05-15T18:33:14.283487Z'}
2025-05-15 21:33:16,288 - INFO - Sent: {'sensor_id': 'sensor3', 'temperature': 100.0, 'humidity': 95, 'timestamp': '2025-05-15T18:33:16.286908Z'}
2025-05-15 21:33:18,294 - INFO - Sent: {'sensor_id': 'sensor3', 'temperature': 100.0, 'humidity': 95, 'timestamp': '2025-05-15T18:33:18.293270Z'}
2025-05-15 21:33:20,296 - INFO - Sent: {'sensor_id': 'sensor3', 'temperature': 100.0, 'humidity': 95, 'timestamp': '2025-05-15T18:33:20.296800Z'}
2025-05-15 21:33:22,298 - INFO - Sent: {'sensor_id': 'sensor3', 'temperature': 100.0, 'humidity': 95, 'timestamp': '2025-05-15T18:33:22.297811Z'}
2025-05-15 21:33:24,298 - INFO - Sent: {'sensor_id': 'sensor3', 'temperature': 100.0, 'humidity': 95, 'timestamp': '2025-05-15T18:33:24.298778Z'}
2025-05-15 21:33:26,300 - INFO - Sent: {'sensor_id': 'sensor3', 'temperature': 100.0, 'humidity': 95, 'timestamp': '2025-05-15T18:33:26.300166Z'}
2025-05-15 21:33:28,302 - INFO - Sent: {'sensor_id': 'sensor3', 'temperature': 100.0, 'humidity': 95, 'timestamp': '2025-05-15T18:33:28.302536Z'}
2025-05-15 21:33:30,304 - INFO - Sent: {'sensor_id': 'sensor3', 'temperature': 100.0, 'humidity': 95, 'timestamp': '2025-05-15T18:33:30.304668Z'}
2025-05-15 21:33:32,307 - INFO - Sent: {'sensor_id': 'sensor3', 'temperature': 100.0, 'humidity': 95, 'timestamp': '2025-05-15T18:33:32.306801Z'}
2025-05-15 21:33:34,308 - INFO - Sent: {'sensor_id': 'sensor3', 'temperature': 100.0, 'humidity': 95, 'timestamp': '2025-05-15T18:33:34.307843Z'}
2025-05-15 21:33:36,309 - INFO - Sent: {'sensor_id': 'sensor3', 'temperature': 100.0, 'humidity': 95, 'timestamp': '2025-05-15T18:33:36.308931Z'}
2025-05-15 21:33:38,309 - INFO - Sent: {'sensor_id': 'sensor3', 'temperature': 100.0, 'humidity': 95, 'timestamp': '2025-05-15T18:33:38.309664Z'}
2025-05-15 21:33:40,310 - INFO - Sent: {'sensor_id': 'sensor3', 'temperature': 100.0, 'humidity': 95, 'timestamp': '2025-05-15T18:33:40.310712Z'}
2025-05-15 21:33:42,311 - INFO - Sent: {'sensor_id': 'sensor3', 'temperature': 100.0, 'humidity': 95, 'timestamp': '2025-05-15T18:33:42.311474Z'}
2025-05-15 21:33:44,312 - INFO - Sent: {'sensor_id': 'sensor3', 'temperature': 100.0, 'humidity': 95, 'timestamp': '2025-05-15T18:33:44.312658Z'}
2025-05-15 21:33:46,314 - INFO - Sent: {'sensor_id': 'sensor3', 'temperature': 100.0, 'humidity': 95, 'timestamp': '2025-05-15T18:33:46.314224Z'}
2025-05-15 21:33:48,315 - INFO - Sent: {'sensor_id': 'sensor3', 'temperature': 100.0, 'humidity': 95, 'timestamp': '2025-05-15T18:33:48.315683Z'}
2025-05-15 21:33:50,316 - INFO - Sent: {'sensor_id': 'sensor3', 'temperature': 100.0, 'humidity': 95, 'timestamp': '2025-05-15T18:33:50.316451Z'}
2025-05-15 21:33:52,317 - INFO - Sent: {'sensor_id': 'sensor3', 'temperature': 100.0, 'humidity': 95, 'timestamp': '2025-05-15T18:33:52.317249Z'}
2025-05-15 21:33:54,318 - INFO - Sent: {'sensor_id': 'sensor3', 'temperature': 100.0, 'humidity': 95, 'timestamp': '2025-05-15T18:33:54.318700Z'}
2025-05-15 21:33:56,319 - INFO - Sent: {'sensor_id': 'sensor3', 'temperature': 100.0, 'humidity': 95, 'timestamp': '2025-05-15T18:33:56.319379Z'}
2025-05-15 21:33:58,321 - INFO - Sent: {'sensor_id': 'sensor3', 'temperature': 100.0, 'humidity': 95, 'timestamp': '2025-05-15T18:33:58.321290Z'}
2025-05-15 21:34:00,322 - INFO - Sent: {'sensor_id': 'sensor3', 'temperature': 100.0, 'humidity': 95, 'timestamp': '2025-05-15T18:34:00.322649Z'}
2025-05-15 21:34:02,323 - INFO - Sent: {'sensor_id': 'sensor3', 'temperature': 100.0, 'humidity': 95, 'timestamp': '2025-05-15T18:34:02.323559Z'}
2025-05-15 21:34:04,325 - INFO - Sent: {'sensor_id': 'sensor3', 'temperature': 100.0, 'humidity': 95, 'timestamp': '2025-05-15T18:34:04.324853Z'}
2025-05-15 21:34:06,327 - INFO - Sent: {'sensor_id': 'sensor3', 'temperature': 100.0, 'humidity': 95, 'timestamp': '2025-05-15T18:34:06.326892Z'}
2025-05-15 21:34:08,327 - INFO - Sent: {'sensor_id': 'sensor3', 'temperature': 100.0, 'humidity': 95, 'timestamp': '2025-05-15T18:34:08.327659Z'}
2025-05-15 21:34:10,329 - INFO - Sent: {'sensor_id': 'sensor3', 'temperature': 100.0, 'humidity': 95, 'timestamp': '2025-05-15T18:34:10.329010Z'}
2025-05-15 21:34:12,331 - INFO - Sent: {'sensor_id': 'sensor3', 'temperature': 100.0, 'humidity': 95, 'timestamp': '2025-05-15T18:34:12.331804Z'}
2025-05-15 21:34:14,334 - INFO - Sent: {'sensor_id': 'sensor3', 'temperature': 100.0, 'humidity': 95, 'timestamp': '2025-05-15T18:34:14.334559Z'}
2025-05-15 21:34:16,335 - INFO - Sent: {'sensor_id': 'sensor3', 'temperature': 100.0, 'humidity': 95, 'timestamp': '2025-05-15T18:34:16.335676Z'}
2025-05-15 21:34:18,337 - INFO - Sent: {'sensor_id': 'sensor3', 'temperature': 100.0, 'humidity': 95, 'timestamp': '2025-05-15T18:34:18.337035Z'}
2025-05-15 21:34:20,338 - INFO - Sent: {'sensor_id': 'sensor3', 'temperature': 100.0, 'humidity': 95, 'timestamp': '2025-05-15T18:34:20.337875Z'}
2025-05-15 21:34:22,342 - INFO - Sent: {'sensor_id': 'sensor3', 'temperature': 100.0, 'humidity': 95, 'timestamp': '2025-05-15T18:34:22.342469Z'}
2025-05-15 21:34:24,352 - INFO - Sent: {'sensor_id': 'sensor3', 'temperature': 100.0, 'humidity': 95, 'timestamp': '2025-05-15T18:34:24.352325Z'}
2025-05-15 21:34:26,355 - INFO - Sent: {'sensor_id': 'sensor3', 'temperature': 100.0, 'humidity': 95, 'timestamp': '2025-05-15T18:34:26.354963Z'}
2025-05-15 21:34:28,356 - INFO - Sent: {'sensor_id': 'sensor3', 'temperature': 100.0, 'humidity': 95, 'timestamp': '2025-05-15T18:34:28.356035Z'}
2025-05-15 21:34:30,356 - INFO - Sent: {'sensor_id': 'sensor3', 'temperature': 100.0, 'humidity': 95, 'timestamp': '2025-05-15T18:34:30.356628Z'}
2025-05-15 21:34:32,368 - INFO - Sent: {'sensor_id': 'sensor3', 'temperature': 100.0, 'humidity': 95, 'timestamp': '2025-05-15T18:34:32.368563Z'}
2025-05-15 21:34:34,371 - INFO - Sent: {'sensor_id': 'sensor3', 'temperature': 100.0, 'humidity': 95, 'timestamp': '2025-05-15T18:34:34.371423Z'}
2025-05-15 21:34:36,372 - INFO - Sent: {'sensor_id': 'sensor3', 'temperature': 100.0, 'humidity': 95, 'timestamp': '2025-05-15T18:34:36.372192Z'}
2025-05-15 21:34:38,374 - INFO - Sent: {'sensor_id': 'sensor3', 'temperature': 100.0, 'humidity': 95, 'timestamp': '2025-05-15T18:34:38.373289Z'}
2025-05-15 21:34:40,376 - INFO - Sent: {'sensor_id': 'sensor3', 'temperature': 100.0, 'humidity': 95, 'timestamp': '2025-05-15T18:34:40.376416Z'}
2025-05-15 21:34:42,377 - INFO - Sent: {'sensor_id': 'sensor3', 'temperature': 100.0, 'humidity': 95, 'timestamp': '2025-05-15T18:34:42.377508Z'}
2025-05-15 21:34:44,378 - INFO - Sent: {'sensor_id': 'sensor3', 'temperature': 100.0, 'humidity': 95, 'timestamp': '2025-05-15T18:34:44.378859Z'}
2025-05-15 21:34:46,379 - INFO - Sent: {'sensor_id': 'sensor3', 'temperature': 100.0, 'humidity': 95, 'timestamp': '2025-05-15T18:34:46.379628Z'}
2025-05-15 21:34:48,381 - INFO - Sent: {'sensor_id': 'sensor3', 'temperature': 100.0, 'humidity': 95, 'timestamp': '2025-05-15T18:34:48.381597Z'}
2025-05-15 21:34:50,382 - INFO - Sent: {'sensor_id': 'sensor3', 'temperature': 100.0, 'humidity': 95, 'timestamp': '2025-05-15T18:34:50.382723Z'}
2025-05-15 21:34:52,384 - INFO - Sent: {'sensor_id': 'sensor3', 'temperature': 100.0, 'humidity': 95, 'timestamp': '2025-05-15T18:34:52.383784Z'}
2025-05-15 21:34:54,385 - INFO - Sent: {'sensor_id': 'sensor3', 'temperature': 100.0, 'humidity': 95, 'timestamp': '2025-05-15T18:34:54.385588Z'}
2025-05-15 21:34:56,386 - INFO - Sent: {'sensor_id': 'sensor3', 'temperature': 100.0, 'humidity': 95, 'timestamp': '2025-05-15T18:34:56.386781Z'}
2025-05-15 21:34:58,391 - INFO - Sent: {'sensor_id': 'sensor3', 'temperature': 100.0, 'humidity': 95, 'timestamp': '2025-05-15T18:34:58.391503Z'}
2025-05-15 21:35:00,394 - INFO - Sent: {'sensor_id': 'sensor3', 'temperature': 100.0, 'humidity': 95, 'timestamp': '2025-05-15T18:35:00.394361Z'}
2025-05-15 21:35:02,396 - INFO - Sent: {'sensor_id': 'sensor3', 'temperature': 100.0, 'humidity': 95, 'timestamp': '2025-05-15T18:35:02.396034Z'}
2025-05-15 21:35:04,397 - INFO - Sent: {'sensor_id': 'sensor3', 'temperature': 100.0, 'humidity': 95, 'timestamp': '2025-05-15T18:35:04.397663Z'}
2025-05-15 21:35:06,398 - INFO - Sent: {'sensor_id': 'sensor3', 'temperature': 100.0, 'humidity': 95, 'timestamp': '2025-05-15T18:35:06.398710Z'}
2025-05-15 21:35:08,402 - INFO - Sent: {'sensor_id': 'sensor3', 'temperature': 100.0, 'humidity': 95, 'timestamp': '2025-05-15T18:35:08.401694Z'}
2025-05-15 21:35:10,405 - INFO - Sent: {'sensor_id': 'sensor3', 'temperature': 100.0, 'humidity': 95, 'timestamp': '2025-05-15T18:35:10.404951Z'}
2025-05-15 21:35:12,406 - INFO - Sent: {'sensor_id': 'sensor3', 'temperature': 100.0, 'humidity': 95, 'timestamp': '2025-05-15T18:35:12.406700Z'}
2025-05-15 21:35:14,410 - INFO - Sent: {'sensor_id': 'sensor3', 'temperature': 100.0, 'humidity': 95, 'timestamp': '2025-05-15T18:35:14.410475Z'}
2025-05-15 21:35:16,421 - INFO - Sent: {'sensor_id': 'sensor3', 'temperature': 100.0, 'humidity': 95, 'timestamp': '2025-05-15T18:35:16.421051Z'}
2025-05-15 21:35:18,423 - INFO - Sent: {'sensor_id': 'sensor3', 'temperature': 100.0, 'humidity': 95, 'timestamp': '2025-05-15T18:35:18.423370Z'}
2025-05-15 21:35:20,424 - INFO - Sent: {'sensor_id': 'sensor3', 'temperature': 100.0, 'humidity': 95, 'timestamp': '2025-05-15T18:35:20.424346Z'}
2025-05-15 21:35:22,425 - INFO - Sent: {'sensor_id': 'sensor3', 'temperature': 100.0, 'humidity': 95, 'timestamp': '2025-05-15T18:35:22.425431Z'}
2025-05-15 21:35:24,427 - INFO - Sent: {'sensor_id': 'sensor3', 'temperature': 100.0, 'humidity': 95, 'timestamp': '2025-05-15T18:35:24.427030Z'}
2025-05-15 21:35:26,428 - INFO - Sent: {'sensor_id': 'sensor3', 'temperature': 100.0, 'humidity': 95, 'timestamp': '2025-05-15T18:35:26.427679Z'}
2025-05-15 21:35:28,431 - INFO - Sent: {'sensor_id': 'sensor3', 'temperature': 100.0, 'humidity': 95, 'timestamp': '2025-05-15T18:35:28.430951Z'}
2025-05-15 21:35:30,432 - INFO - Sent: {'sensor_id': 'sensor3', 'temperature': 100.0, 'humidity': 95, 'timestamp': '2025-05-15T18:35:30.432020Z'}
2025-05-15 21:35:32,433 - INFO - Sent: {'sensor_id': 'sensor3', 'temperature': 100.0, 'humidity': 95, 'timestamp': '2025-05-15T18:35:32.433167Z'}
2025-05-15 21:35:34,433 - INFO - Sent: {'sensor_id': 'sensor3', 'temperature': 100.0, 'humidity': 95, 'timestamp': '2025-05-15T18:35:34.433640Z'}
2025-05-15 21:35:36,434 - INFO - Sent: {'sensor_id': 'sensor3', 'temperature': 100.0, 'humidity': 95, 'timestamp': '2025-05-15T18:35:36.434461Z'}
2025-05-15 21:35:38,438 - INFO - Sent: {'sensor_id': 'sensor3', 'temperature': 100.0, 'humidity': 95, 'timestamp': '2025-05-15T18:35:38.435158Z'}
2025-05-15 21:35:40,440 - INFO - Sent: {'sensor_id': 'sensor3', 'temperature': 100.0, 'humidity': 95, 'timestamp': '2025-05-15T18:35:40.440561Z'}
2025-05-15 21:35:42,455 - INFO - Sent: {'sensor_id': 'sensor3', 'temperature': 100.0, 'humidity': 95, 'timestamp': '2025-05-15T18:35:42.455340Z'}
2025-05-15 21:35:44,457 - INFO - Sent: {'sensor_id': 'sensor3', 'temperature': 100.0, 'humidity': 95, 'timestamp': '2025-05-15T18:35:44.457509Z'}
2025-05-15 21:35:46,458 - INFO - Sent: {'sensor_id': 'sensor3', 'temperature': 100.0, 'humidity': 95, 'timestamp': '2025-05-15T18:35:46.458336Z'}
2025-05-15 21:35:48,459 - INFO - Sent: {'sensor_id': 'sensor3', 'temperature': 100.0, 'humidity': 95, 'timestamp': '2025-05-15T18:35:48.459641Z'}
2025-05-15 21:35:50,462 - INFO - Sent: {'sensor_id': 'sensor3', 'temperature': 100.0, 'humidity': 95, 'timestamp': '2025-05-15T18:35:50.462736Z'}
2025-05-15 21:35:52,465 - INFO - Sent: {'sensor_id': 'sensor3', 'temperature': 100.0, 'humidity': 95, 'timestamp': '2025-05-15T18:35:52.464920Z'}
2025-05-15 21:35:54,466 - INFO - Sent: {'sensor_id': 'sensor3', 'temperature': 100.0, 'humidity': 95, 'timestamp': '2025-05-15T18:35:54.466682Z'}
2025-05-15 21:35:56,467 - INFO - Sent: {'sensor_id': 'sensor3', 'temperature': 100.0, 'humidity': 95, 'timestamp': '2025-05-15T18:35:56.467388Z'}
2025-05-15 21:35:58,468 - INFO - Sent: {'sensor_id': 'sensor3', 'temperature': 100.0, 'humidity': 95, 'timestamp': '2025-05-15T18:35:58.468591Z'}
2025-05-15 21:36:00,469 - INFO - Sent: {'sensor_id': 'sensor3', 'temperature': 100.0, 'humidity': 95, 'timestamp': '2025-05-15T18:36:00.469427Z'}
2025-05-15 21:36:02,472 - INFO - Sent: {'sensor_id': 'sensor3', 'temperature': 100.0, 'humidity': 95, 'timestamp': '2025-05-15T18:36:02.470886Z'}
2025-05-15 21:36:04,474 - INFO - Sent: {'sensor_id': 'sensor3', 'temperature': 100.0, 'humidity': 95, 'timestamp': '2025-05-15T18:36:04.473904Z'}
2025-05-15 21:36:06,477 - INFO - Sent: {'sensor_id': 'sensor3', 'temperature': 100.0, 'humidity': 95, 'timestamp': '2025-05-15T18:36:06.477375Z'}
2025-05-15 21:36:08,481 - INFO - Sent: {'sensor_id': 'sensor3', 'temperature': 100.0, 'humidity': 95, 'timestamp': '2025-05-15T18:36:08.481749Z'}
2025-05-15 21:36:10,483 - INFO - Sent: {'sensor_id': 'sensor3', 'temperature': 100.0, 'humidity': 95, 'timestamp': '2025-05-15T18:36:10.483240Z'}
2025-05-15 21:36:12,485 - INFO - Sent: {'sensor_id': 'sensor3', 'temperature': 100.0, 'humidity': 95, 'timestamp': '2025-05-15T18:36:12.485108Z'}
2025-05-15 21:36:14,486 - INFO - Sent: {'sensor_id': 'sensor3', 'temperature': 100.0, 'humidity': 95, 'timestamp': '2025-05-15T18:36:14.486047Z'}
2025-05-15 21:36:16,487 - INFO - Sent: {'sensor_id': 'sensor3', 'temperature': 100.0, 'humidity': 95, 'timestamp': '2025-05-15T18:36:16.487562Z'}
2025-05-15 21:36:18,489 - INFO - Sent: {'sensor_id': 'sensor3', 'temperature': 100.0, 'humidity': 95, 'timestamp': '2025-05-15T18:36:18.488903Z'}
2025-05-15 21:36:20,492 - INFO - Sent: {'sensor_id': 'sensor3', 'temperature': 100.0, 'humidity': 95, 'timestamp': '2025-05-15T18:36:20.491876Z'}
2025-05-15 21:36:22,494 - INFO - Sent: {'sensor_id': 'sensor3', 'temperature': 100.0, 'humidity': 95, 'timestamp': '2025-05-15T18:36:22.493905Z'}
2025-05-15 21:36:24,495 - INFO - Sent: {'sensor_id': 'sensor3', 'temperature': 100.0, 'humidity': 95, 'timestamp': '2025-05-15T18:36:24.495645Z'}
2025-05-15 21:36:26,496 - INFO - Sent: {'sensor_id': 'sensor3', 'temperature': 100.0, 'humidity': 95, 'timestamp': '2025-05-15T18:36:26.496273Z'}
2025-05-15 21:36:28,498 - INFO - Sent: {'sensor_id': 'sensor3', 'temperature': 100.0, 'humidity': 95, 'timestamp': '2025-05-15T18:36:28.497813Z'}
2025-05-15 21:36:30,499 - INFO - Sent: {'sensor_id': 'sensor3', 'temperature': 100.0, 'humidity': 95, 'timestamp': '2025-05-15T18:36:30.499569Z'}
2025-05-15 21:36:32,502 - INFO - Sent: {'sensor_id': 'sensor3', 'temperature': 100.0, 'humidity': 95, 'timestamp': '2025-05-15T18:36:32.502725Z'}
2025-05-15 21:36:34,504 - INFO - Sent: {'sensor_id': 'sensor3', 'temperature': 100.0, 'humidity': 95, 'timestamp': '2025-05-15T18:36:34.504118Z'}
2025-05-15 21:36:36,505 - INFO - Sent: {'sensor_id': 'sensor3', 'temperature': 100.0, 'humidity': 95, 'timestamp': '2025-05-15T18:36:36.505682Z'}
2025-05-15 21:36:38,510 - INFO - Sent: {'sensor_id': 'sensor3', 'temperature': 100.0, 'humidity': 95, 'timestamp': '2025-05-15T18:36:38.509963Z'}
2025-05-15 21:36:40,511 - INFO - Sent: {'sensor_id': 'sensor3', 'temperature': 100.0, 'humidity': 95, 'timestamp': '2025-05-15T18:36:40.511422Z'}
2025-05-15 21:36:42,512 - INFO - Sent: {'sensor_id': 'sensor3', 'temperature': 100.0, 'humidity': 95, 'timestamp': '2025-05-15T18:36:42.512619Z'}
2025-05-15 21:36:44,513 - INFO - Sent: {'sensor_id': 'sensor3', 'temperature': 100.0, 'humidity': 95, 'timestamp': '2025-05-15T18:36:44.513689Z'}
2025-05-15 21:36:46,518 - INFO - Sent: {'sensor_id': 'sensor3', 'temperature': 100.0, 'humidity': 95, 'timestamp': '2025-05-15T18:36:46.516878Z'}
2025-05-15 21:36:48,520 - ERROR - Connection failed: [WinError 10054] Varolan bir baðlantý uzaktaki bir ana bilgisayar tarafýndan zorla kapatýldý, retrying in 5 seconds...
2025-05-15 21:58:05,956 - INFO - Connected to Drone at 127.0.0.1:5000
2025-05-15 21:58:05,957 - INFO - Sent: {'sensor_id': 'sensor3', 'temperature': 17.71, 'humidity': 45.43, 'timestamp': '2025-05-15T21:58:05.957116+03:00'}
2025-05-15 21:58:07,958 - INFO - Sent: {'sensor_id': 'sensor3', 'temperature': 17.71, 'humidity': 45.42, 'timestamp': '2025-05-15T21:58:07.957916+03:00'}
2025-05-15 21:58:09,959 - INFO - Sent: {'sensor_id': 'sensor3', 'temperature': 17.7, 'humidity': 45.41, 'timestamp': '2025-05-15T21:58:09.959313+03:00'}
2025-05-15 21:58:11,960 - INFO - Sent: {'sensor_id': 'sensor3', 'temperature': 17.7, 'humidity': 45.39, 'timestamp': '2025-05-15T21:58:11.960519+03:00'}
2025-05-15 21:58:13,961 - INFO - Sent: {'sensor_id': 'sensor3', 'temperature': 17.69, 'humidity': 45.39, 'timestamp': '2025-05-15T21:58:13.961332+03:00'}
2025-05-15 21:58:15,962 - INFO - Sent: {'sensor_id': 'sensor3', 'temperature': 17.69, 'humidity': 45.37, 'timestamp': '2025-05-15T21:58:15.962599+03:00'}
2025-05-15 21:58:17,963 - INFO - Sent: {'sensor_id': 'sensor3', 'temperature': 17.68, 'humidity': 45.36, 'timestamp': '2025-05-15T21:58:17.963618+03:00'}
2025-05-15 21:58:19,964 - INFO - Sent: {'sensor_id': 'sensor3', 'temperature': 17.68, 'humidity': 45.35, 'timestamp': '2025-05-15T21:58:19.964761+03:00'}
2025-05-15 21:58:21,966 - INFO - Sent: {'sensor_id': 'sensor3', 'temperature': 17.67, 'humidity': 45.34, 'timestamp': '2025-05-15T21:58:21.966075+03:00'}
2025-05-15 21:58:23,967 - INFO - Sent: {'sensor_id': 'sensor3', 'temperature': 17.66, 'humidity': 45.33, 'timestamp': '2025-05-15T21:58:23.967318+03:00'}
2025-05-15 21:58:25,968 - INFO - Sent: {'sensor_id': 'sensor3', 'temperature': 17.66, 'humidity': 45.31, 'timestamp': '2025-05-15T21:58:25.968672+03:00'}
2025-05-15 21:58:27,969 - INFO - Sent: {'sensor_id': 'sensor3', 'temperature': 17.65, 'humidity': 45.3, 'timestamp': '2025-05-15T21:58:27.969761+03:00'}
2025-05-15 21:58:29,971 - INFO - Sent: {'sensor_id': 'sensor3', 'temperature': 17.64, 'humidity': 45.29, 'timestamp': '2025-05-15T21:58:29.971075+03:00'}
2025-05-15 21:58:31,972 - INFO - Sent: {'sensor_id': 'sensor3', 'temperature': 17.64, 'humidity': 45.28, 'timestamp': '2025-05-15T21:58:31.972318+03:00'}
2025-05-15 21:58:33,973 - INFO - Sent: {'sensor_id': 'sensor3', 'temperature': 17.63, 'humidity': 45.26, 'timestamp': '2025-05-15T21:58:33.973513+03:00'}
2025-05-15 21:58:35,974 - INFO - Sent: {'sensor_id': 'sensor3', 'temperature': 17.63, 'humidity': 45.25, 'timestamp': '2025-05-15T21:58:35.974558+03:00'}
2025-05-15 21:58:37,975 - INFO - Sent: {'sensor_id': 'sensor3', 'temperature': 17.62, 'humidity': 45.24, 'timestamp': '2025-05-15T21:58:37.975514+03:00'}
2025-05-15 21:58:39,976 - INFO - Sent: {'sensor_id': 'sensor3', 'temperature': 17.62, 'humidity': 45.24, 'timestamp': '2025-05-15T21:58:39.976303+03:00'}
2025-05-15 21:58:41,977 - INFO - Sent: {'sensor_id': 'sensor3', 'temperature': 17.61, 'humidity': 45.22, 'timestamp': '2025-05-15T21:58:41.977544+03:00'}
2025-05-15 21:58:43,979 - INFO - Sent: {'sensor_id': 'sensor3', 'temperature': 17.61, 'humidity': 45.21, 'timestamp': '2025-05-15T21:58:43.978857+03:00'}
2025-05-15 21:58:45,980 - INFO - Sent: {'sensor_id': 'sensor3', 'temperature': 17.6, 'humidity': 45.2, 'timestamp': '2025-05-15T21:58:45.980391+03:00'}
2025-05-15 21:58:47,982 - INFO - Sent: {'sensor_id': 'sensor3', 'temperature': 17.59, 'humidity': 45.18, 'timestamp': '2025-05-15T21:58:47.981861+03:00'}
2025-05-15 21:58:49,983 - INFO - Sent: {'sensor_id': 'sensor3', 'temperature': 17.58, 'humidity': 45.17, 'timestamp': '2025-05-15T21:58:49.983031+03:00'}
2025-05-15 21:58:51,984 - INFO - Sent: {'sensor_id': 'sensor3', 'temperature': 17.58, 'humidity': 45.16, 'timestamp': '2025-05-15T21:58:51.984452+03:00'}
2025-05-15 21:58:53,985 - INFO - Sent: {'sensor_id': 'sensor3', 'temperature': 17.57, 'humidity': 45.14, 'timestamp': '2025-05-15T21:58:53.985697+03:00'}
2025-05-15 21:58:55,986 - INFO - Sent: {'sensor_id': 'sensor3', 'temperature': 17.57, 'humidity': 45.13, 'timestamp': '2025-05-15T21:58:55.986607+03:00'}
2025-05-15 21:58:57,987 - INFO - Sent: {'sensor_id': 'sensor3', 'temperature': 17.56, 'humidity': 45.12, 'timestamp': '2025-05-15T21:58:57.987550+03:00'}
2025-05-15 21:58:59,989 - INFO - Sent: {'sensor_id': 'sensor3', 'temperature': 17.56, 'humidity': 45.11, 'timestamp': '2025-05-15T21:58:59.988674+03:00'}
2025-05-15 21:59:01,990 - INFO - Sent: {'sensor_id': 'sensor3', 'temperature': 17.55, 'humidity': 45.1, 'timestamp': '2025-05-15T21:59:01.990456+03:00'}
2025-05-15 21:59:03,991 - INFO - Sent: {'sensor_id': 'sensor3', 'temperature': 17.54, 'humidity': 45.09, 'timestamp': '2025-05-15T21:59:03.991154+03:00'}
2025-05-15 21:59:05,992 - INFO - Sent: {'sensor_id': 'sensor3', 'temperature': 17.54, 'humidity': 45.08, 'timestamp': '2025-05-15T21:59:05.992501+03:00'}
2025-05-15 21:59:07,994 - INFO - Sent: {'sensor_id': 'sensor3', 'temperature': 17.53, 'humidity': 45.06, 'timestamp': '2025-05-15T21:59:07.993877+03:00'}
2025-05-15 21:59:09,996 - INFO - Sent: {'sensor_id': 'sensor3', 'temperature': 17.52, 'humidity': 45.04, 'timestamp': '2025-05-15T21:59:09.995901+03:00'}
2025-05-15 21:59:11,998 - INFO - Sent: {'sensor_id': 'sensor3', 'temperature': 17.51, 'humidity': 45.02, 'timestamp': '2025-05-15T21:59:11.998257+03:00'}
2025-05-15 21:59:13,999 - INFO - Sent: {'sensor_id': 'sensor3', 'temperature': 17.5, 'humidity': 45.01, 'timestamp': '2025-05-15T21:59:13.999082+03:00'}
2025-05-15 21:59:15,999 - INFO - Sent: {'sensor_id': 'sensor3', 'temperature': 17.5, 'humidity': 45.0, 'timestamp': '2025-05-15T21:59:15.999871+03:00'}
2025-05-15 21:59:18,000 - INFO - Sent: {'sensor_id': 'sensor3', 'temperature': 22.5, 'humidity': 54.99, 'timestamp': '2025-05-15T21:59:18.000749+03:00'}
2025-05-15 21:59:20,001 - INFO - Sent: {'sensor_id': 'sensor3', 'temperature': 22.49, 'humidity': 54.98, 'timestamp': '2025-05-15T21:59:20.001631+03:00'}
2025-05-15 22:09:08,846 - INFO - Connected to Drone at 127.0.0.1:5000
2025-05-15 22:09:08,847 - INFO - Sent: {'sensor_id': 'sensor3', 'temperature': 100.0, 'humidity': 85.0, 'timestamp': '2025-05-15T22:09:08.847209+03:00'}
2025-05-15 22:09:10,848 - INFO - Sent: {'sensor_id': 'sensor3', 'temperature': 100.0, 'humidity': 85.0, 'timestamp': '2025-05-15T22:09:10.848098+03:00'}
2025-05-15 22:09:12,849 - INFO - Sent: {'sensor_id': 'sensor3', 'temperature': 100.0, 'humidity': 85.0, 'timestamp': '2025-05-15T22:09:12.849151+03:00'}
2025-05-15 22:09:14,850 - INFO - Sent: {'sensor_id': 'sensor3', 'temperature': 100.0, 'humidity': 85.0, 'timestamp': '2025-05-15T22:09:14.850402+03:00'}
2025-05-15 22:09:16,851 - INFO - Sent: {'sensor_id': 'sensor3', 'temperature': 100.0, 'humidity': 85.0, 'timestamp': '2025-05-15T22:09:16.851548+03:00'}
2025-05-15 22:09:18,852 - INFO - Sent: {'sensor_id': 'sensor3', 'temperature': 100.0, 'humidity': 85.0, 'timestamp': '2025-05-15T22:09:18.852779+03:00'}
2025-05-15 22:09:20,853 - INFO - Sent: {'sensor_id': 'sensor3', 'temperature': 100.0, 'humidity': 85.0, 'timestamp': '2025-05-15T22:09:20.853877+03:00'}
2025-05-15 22:09:22,854 - INFO - Sent: {'sensor_id': 'sensor3', 'temperature': 100.0, 'humidity': 85.0, 'timestamp': '2025-05-15T22:09:22.854667+03:00'}
2025-05-15 22:09:24,856 - INFO - Sent: {'sensor_id': 'sensor3', 'temperature': 100.0, 'humidity': 85.0, 'timestamp': '2025-05-15T22:09:24.856304+03:00'}
2025-05-15 22:09:26,857 - INFO - Sent: {'sensor_id': 'sensor3', 'temperature': 100.0, 'humidity': 85.0, 'timestamp': '2025-05-15T22:09:26.857031+03:00'}
2025-05-15 22:09:28,858 - INFO - Sent: {'sensor_id': 'sensor3', 'temperature': 100.0, 'humidity': 85.0, 'timestamp': '2025-05-15T22:09:28.858146+03:00'}
2025-05-15 22:09:30,859 - INFO - Sent: {'sensor_id': 'sensor3', 'temperature': 100.0, 'humidity': 85.0, 'timestamp': '2025-05-15T22:09:30.859546+03:00'}
2025-05-15 22:09:32,861 - INFO - Sent: {'sensor_id': 'sensor3', 'temperature': 100.0, 'humidity': 85.0, 'timestamp': '2025-05-15T22:09:32.860725+03:00'}
2025-05-15 22:09:34,861 - INFO - Sent: {'sensor_id': 'sensor3', 'temperature': 100.0, 'humidity': 85.0, 'timestamp': '2025-05-15T22:09:34.861775+03:00'}
2025-05-15 22:09:36,863 - INFO - Sent: {'sensor_id': 'sensor3', 'temperature': 100.0, 'humidity': 85.0, 'timestamp': '2025-05-15T22:09:36.862910+03:00'}
2025-05-15 22:09:38,863 - INFO - Sent: {'sensor_id': 'sensor3', 'temperature': 100.0, 'humidity': 85.0, 'timestamp': '2025-05-15T22:09:38.863785+03:00'}
2025-05-15 22:09:40,864 - INFO - Sent: {'sensor_id': 'sensor3', 'temperature': 100.0, 'humidity': 85.0, 'timestamp': '2025-05-15T22:09:40.864581+03:00'}
2025-05-15 22:09:42,866 - INFO - Sent: {'sensor_id': 'sensor3', 'temperature': 100.0, 'humidity': 85.0, 'timestamp': '2025-05-15T22:09:42.866187+03:00'}
2025-05-15 22:09:44,867 - INFO - Sent: {'sensor_id': 'sensor3', 'temperature': 100.0, 'humidity': 85.0, 'timestamp': '2025-05-15T22:09:44.867613+03:00'}
2025-05-15 22:09:46,868 - INFO - Sent: {'sensor_id': 'sensor3', 'temperature': 100.0, 'humidity': 85.0, 'timestamp': '2025-05-15T22:09:46.868682+03:00'}
2025-05-15 22:09:48,872 - INFO - Sent: {'sensor_id': 'sensor3', 'temperature': 100.0, 'humidity': 85.0, 'timestamp': '2025-05-15T22:09:48.872103+03:00'}
2025-05-15 22:09:50,873 - INFO - Sent: {'sensor_id': 'sensor3', 'temperature': 100.0, 'humidity': 85.0, 'timestamp': '2025-05-15T22:09:50.873545+03:00'}
2025-05-15 22:09:52,875 - INFO - Sent: {'sensor_id': 'sensor3', 'temperature': 100.0, 'humidity': 85.0, 'timestamp': '2025-05-15T22:09:52.874856+03:00'}
2025-05-15 22:09:54,876 - INFO - Sent: {'sensor_id': 'sensor3', 'temperature': 100.0, 'humidity': 85.0, 'timestamp': '2025-05-15T22:09:54.876180+03:00'}
2025-05-15 22:09:56,877 - INFO - Sent: {'sensor_id': 'sensor3', 'temperature': 100.0, 'humidity': 85.0, 'timestamp': '2025-05-15T22:09:56.877269+03:00'}
2025-05-15 22:09:58,879 - INFO - Sent: {'sensor_id': 'sensor3', 'temperature': 100.0, 'humidity': 85.0, 'timestamp': '2025-05-15T22:09:58.878384+03:00'}
2025-05-15 22:10:00,881 - INFO - Sent: {'sensor_id': 'sensor3', 'temperature': 100.0, 'humidity': 85.0, 'timestamp': '2025-05-15T22:10:00.881291+03:00'}
2025-05-15 22:10:02,884 - INFO - Sent: {'sensor_id': 'sensor3', 'temperature': 100.0, 'humidity': 85.0, 'timestamp': '2025-05-15T22:10:02.884847+03:00'}
2025-05-15 22:10:04,886 - INFO - Sent: {'sensor_id': 'sensor3', 'temperature': 100.0, 'humidity': 85.0, 'timestamp': '2025-05-15T22:10:04.886008+03:00'}
2025-05-15 22:10:06,886 - INFO - Sent: {'sensor_id': 'sensor3', 'temperature': 100.0, 'humidity': 85.0, 'timestamp': '2025-05-15T22:10:06.886857+03:00'}
2025-05-15 22:10:08,889 - INFO - Sent: {'sensor_id': 'sensor3', 'temperature': 100.0, 'humidity': 85.0, 'timestamp': '2025-05-15T22:10:08.889003+03:00'}
2025-05-15 22:10:10,891 - INFO - Sent: {'sensor_id': 'sensor3', 'temperature': 100.0, 'humidity': 85.0, 'timestamp': '2025-05-15T22:10:10.891084+03:00'}
2025-05-15 22:10:12,893 - INFO - Sent: {'sensor_id': 'sensor3', 'temperature': 100.0, 'humidity': 85.0, 'timestamp': '2025-05-15T22:10:12.893287+03:00'}
2025-05-15 22:10:14,895 - INFO - Sent: {'sensor_id': 'sensor3', 'temperature': 100.0, 'humidity': 85.0, 'timestamp': '2025-05-15T22:10:14.895201+03:00'}
2025-05-15 22:10:16,896 - INFO - Sent: {'sensor_id': 'sensor3', 'temperature': 100.0, 'humidity': 85.0, 'timestamp': '2025-05-15T22:10:16.896435+03:00'}
2025-05-15 22:10:18,897 - INFO - Sent: {'sensor_id': 'sensor3', 'temperature': 100.0, 'humidity': 85.0, 'timestamp': '2025-05-15T22:10:18.897533+03:00'}
2025-05-15 22:10:20,898 - INFO - Sent: {'sensor_id': 'sensor3', 'temperature': 100.0, 'humidity': 85.0, 'timestamp': '2025-05-15T22:10:20.898449+03:00'}
2025-05-15 22:10:22,899 - INFO - Sent: {'sensor_id': 'sensor3', 'temperature': 100.0, 'humidity': 85.0, 'timestamp': '2025-05-15T22:10:22.899132+03:00'}
2025-05-15 22:10:24,900 - INFO - Sent: {'sensor_id': 'sensor3', 'temperature': 100.0, 'humidity': 85.0, 'timestamp': '2025-05-15T22:10:24.900099+03:00'}
2025-05-15 22:10:26,901 - INFO - Sent: {'sensor_id': 'sensor3', 'temperature': 100.0, 'humidity': 85.0, 'timestamp': '2025-05-15T22:10:26.901251+03:00'}
2025-05-15 22:10:28,902 - INFO - Sent: {'sensor_id': 'sensor3', 'temperature': 100.0, 'humidity': 85.0, 'timestamp': '2025-05-15T22:10:28.901949+03:00'}
2025-05-15 22:10:30,902 - INFO - Sent: {'sensor_id': 'sensor3', 'temperature': 100.0, 'humidity': 85.0, 'timestamp': '2025-05-15T22:10:30.902583+03:00'}
2025-05-15 22:10:32,903 - INFO - Sent: {'sensor_id': 'sensor3', 'temperature': 100.0, 'humidity': 85.0, 'timestamp': '2025-05-15T22:10:32.903525+03:00'}
2025-05-15 22:10:34,905 - INFO - Sent: {'sensor_id': 'sensor3', 'temperature': 100.0, 'humidity': 85.0, 'timestamp': '2025-05-15T22:10:34.905174+03:00'}
2025-05-15 22:10:36,906 - INFO - Sent: {'sensor_id': 'sensor3', 'temperature': 100.0, 'humidity': 85.0, 'timestamp': '2025-05-15T22:10:36.906841+03:00'}
2025-05-15 22:10:38,908 - INFO - Sent: {'sensor_id': 'sensor3', 'temperature': 100.0, 'humidity': 85.0, 'timestamp': '2025-05-15T22:10:38.908003+03:00'}
2025-05-15 22:10:40,910 - INFO - Sent: {'sensor_id': 'sensor3', 'temperature': 100.0, 'humidity': 85.0, 'timestamp': '2025-05-15T22:10:40.910105+03:00'}
2025-05-15 22:10:42,911 - INFO - Sent: {'sensor_id': 'sensor3', 'temperature': 100.0, 'humidity': 85.0, 'timestamp': '2025-05-15T22:10:42.911302+03:00'}
2025-05-15 22:10:44,912 - INFO - Sent: {'sensor_id': 'sensor3', 'temperature': 100.0, 'humidity': 85.0, 'timestamp': '2025-05-15T22:10:44.912670+03:00'}
2025-05-15 22:10:46,914 - INFO - Sent: {'sensor_id': 'sensor3', 'temperature': 100.0, 'humidity': 85.0, 'timestamp': '2025-05-15T22:10:46.913954+03:00'}
2025-05-15 22:10:48,915 - INFO - Sent: {'sensor_id': 'sensor3', 'temperature': 100.0, 'humidity': 85.0, 'timestamp': '2025-05-15T22:10:48.915686+03:00'}
2025-05-15 22:10:50,917 - INFO - Sent: {'sensor_id': 'sensor3', 'temperature': 100.0, 'humidity': 85.0, 'timestamp': '2025-05-15T22:10:50.917591+03:00'}
2025-05-15 22:10:52,919 - INFO - Sent: {'sensor_id': 'sensor3', 'temperature': 100.0, 'humidity': 85.0, 'timestamp': '2025-05-15T22:10:52.918805+03:00'}
2025-05-15 22:10:54,920 - INFO - Sent: {'sensor_id': 'sensor3', 'temperature': 100.0, 'humidity': 85.0, 'timestamp': '2025-05-15T22:10:54.920379+03:00'}
2025-05-15 22:10:56,922 - INFO - Sent: {'sensor_id': 'sensor3', 'temperature': 100.0, 'humidity': 85.0, 'timestamp': '2025-05-15T22:10:56.922035+03:00'}
2025-05-15 22:10:58,923 - INFO - Sent: {'sensor_id': 'sensor3', 'temperature': 100.0, 'humidity': 85.0, 'timestamp': '2025-05-15T22:10:58.923438+03:00'}
2025-05-15 22:11:00,924 - INFO - Sent: {'sensor_id': 'sensor3', 'temperature': 100.0, 'humidity': 85.0, 'timestamp': '2025-05-15T22:11:00.924496+03:00'}
2025-05-15 22:11:02,926 - INFO - Sent: {'sensor_id': 'sensor3', 'temperature': 100.0, 'humidity': 85.0, 'timestamp': '2025-05-15T22:11:02.925952+03:00'}
2025-05-15 22:11:04,927 - INFO - Sent: {'sensor_id': 'sensor3', 'temperature': 100.0, 'humidity': 85.0, 'timestamp': '2025-05-15T22:11:04.926955+03:00'}
2025-05-15 22:11:06,928 - INFO - Sent: {'sensor_id': 'sensor3', 'temperature': 100.0, 'humidity': 85.0, 'timestamp': '2025-05-15T22:11:06.928194+03:00'}
2025-05-15 22:11:08,929 - INFO - Sent: {'sensor_id': 'sensor3', 'temperature': 100.0, 'humidity': 85.0, 'timestamp': '2025-05-15T22:11:08.929077+03:00'}
2025-05-15 22:11:10,931 - INFO - Sent: {'sensor_id': 'sensor3', 'temperature': 100.0, 'humidity': 85.0, 'timestamp': '2025-05-15T22:11:10.930947+03:00'}
2025-05-15 22:11:12,933 - INFO - Sent: {'sensor_id': 'sensor3', 'temperature': 100.0, 'humidity': 85.0, 'timestamp': '2025-05-15T22:11:12.933389+03:00'}
2025-05-15 22:11:14,935 - INFO - Sent: {'sensor_id': 'sensor3', 'temperature': 100.0, 'humidity': 85.0, 'timestamp': '2025-05-15T22:11:14.935084+03:00'}
2025-05-15 22:11:16,936 - INFO - Sent: {'sensor_id': 'sensor3', 'temperature': 100.0, 'humidity': 85.0, 'timestamp': '2025-05-15T22:11:16.936730+03:00'}
2025-05-15 22:11:18,937 - INFO - Sent: {'sensor_id': 'sensor3', 'temperature': 100.0, 'humidity': 85.0, 'timestamp': '2025-05-15T22:11:18.937230+03:00'}
2025-05-15 22:11:20,937 - INFO - Sent: {'sensor_id': 'sensor3', 'temperature': 100.0, 'humidity': 85.0, 'timestamp': '2025-05-15T22:11:20.937812+03:00'}
2025-05-15 22:11:22,938 - INFO - Sent: {'sensor_id': 'sensor3', 'temperature': 100.0, 'humidity': 85.0, 'timestamp': '2025-05-15T22:11:22.938286+03:00'}
2025-05-15 22:11:24,939 - INFO - Sent: {'sensor_id': 'sensor3', 'temperature': 100.0, 'humidity': 85.0, 'timestamp': '2025-05-15T22:11:24.939630+03:00'}
2025-05-15 22:11:26,948 - INFO - Sent: {'sensor_id': 'sensor3', 'temperature': 100.0, 'humidity': 85.0, 'timestamp': '2025-05-15T22:11:26.948319+03:00'}
2025-05-15 22:11:28,976 - INFO - Sent: {'sensor_id': 'sensor3', 'temperature': 100.0, 'humidity': 85.0, 'timestamp': '2025-05-15T22:11:28.976394+03:00'}
2025-05-15 22:11:30,977 - INFO - Sent: {'sensor_id': 'sensor3', 'temperature': 100.0, 'humidity': 85.0, 'timestamp': '2025-05-15T22:11:30.977594+03:00'}
2025-05-15 22:11:32,979 - INFO - Sent: {'sensor_id': 'sensor3', 'temperature': 100.0, 'humidity': 85.0, 'timestamp': '2025-05-15T22:11:32.979077+03:00'}
2025-05-15 22:11:34,979 - INFO - Sent: {'sensor_id': 'sensor3', 'temperature': 100.0, 'humidity': 85.0, 'timestamp': '2025-05-15T22:11:34.979662+03:00'}
2025-05-15 22:11:36,981 - INFO - Sent: {'sensor_id': 'sensor3', 'temperature': 100.0, 'humidity': 85.0, 'timestamp': '2025-05-15T22:11:36.980820+03:00'}
2025-05-15 22:11:38,982 - INFO - Sent: {'sensor_id': 'sensor3', 'temperature': 100.0, 'humidity': 85.0, 'timestamp': '2025-05-15T22:11:38.982134+03:00'}
2025-05-15 22:11:40,983 - INFO - Sent: {'sensor_id': 'sensor3', 'temperature': 100.0, 'humidity': 85.0, 'timestamp': '2025-05-15T22:11:40.983621+03:00'}
2025-05-15 22:11:42,984 - INFO - Sent: {'sensor_id': 'sensor3', 'temperature': 100.0, 'humidity': 85.0, 'timestamp': '2025-05-15T22:11:42.984788+03:00'}
2025-05-15 22:11:44,986 - INFO - Sent: {'sensor_id': 'sensor3', 'temperature': 100.0, 'humidity': 85.0, 'timestamp': '2025-05-15T22:11:44.985818+03:00'}
2025-05-15 22:11:46,987 - INFO - Sent: {'sensor_id': 'sensor3', 'temperature': 100.0, 'humidity': 85.0, 'timestamp': '2025-05-15T22:11:46.986914+03:00'}
2025-05-15 22:11:48,988 - INFO - Sent: {'sensor_id': 'sensor3', 'temperature': 100.0, 'humidity': 85.0, 'timestamp': '2025-05-15T22:11:48.988058+03:00'}
2025-05-15 22:11:50,989 - INFO - Sent: {'sensor_id': 'sensor3', 'temperature': 100.0, 'humidity': 85.0, 'timestamp': '2025-05-15T22:11:50.989223+03:00'}
2025-05-15 22:11:52,990 - INFO - Sent: {'sensor_id': 'sensor3', 'temperature': 100.0, 'humidity': 85.0, 'timestamp': '2025-05-15T22:11:52.990282+03:00'}
2025-05-15 22:11:54,992 - INFO - Sent: {'sensor_id': 'sensor3', 'temperature': 100.0, 'humidity': 85.0, 'timestamp': '2025-05-15T22:11:54.991825+03:00'}
2025-05-15 22:11:56,993 - INFO - Sent: {'sensor_id': 'sensor3', 'temperature': 100.0, 'humidity': 85.0, 'timestamp': '2025-05-15T22:11:56.993012+03:00'}
2025-05-15 22:11:58,994 - INFO - Sent: {'sensor_id': 'sensor3', 'temperature': 100.0, 'humidity': 85.0, 'timestamp': '2025-05-15T22:11:58.994275+03:00'}
2025-05-15 22:12:00,995 - INFO - Sent: {'sensor_id': 'sensor3', 'temperature': 100.0, 'humidity': 85.0, 'timestamp': '2025-05-15T22:12:00.995702+03:00'}
2025-05-15 22:12:02,997 - INFO - Sent: {'sensor_id': 'sensor3', 'temperature': 100.0, 'humidity': 85.0, 'timestamp': '2025-05-15T22:12:02.997155+03:00'}
2025-05-15 22:12:04,998 - INFO - Sent: {'sensor_id': 'sensor3', 'temperature': 100.0, 'humidity': 85.0, 'timestamp': '2025-05-15T22:12:04.998456+03:00'}
2025-05-15 22:12:06,999 - INFO - Sent: {'sensor_id': 'sensor3', 'temperature': 100.0, 'humidity': 85.0, 'timestamp': '2025-05-15T22:12:06.999755+03:00'}
2025-05-15 22:12:09,001 - INFO - Sent: {'sensor_id': 'sensor3', 'temperature': 100.0, 'humidity': 85.0, 'timestamp': '2025-05-15T22:12:09.000965+03:00'}
2025-05-15 22:12:11,002 - INFO - Sent: {'sensor_id': 'sensor3', 'temperature': 100.0, 'humidity': 85.0, 'timestamp': '2025-05-15T22:12:11.002121+03:00'}
2025-05-15 22:12:13,003 - INFO - Sent: {'sensor_id': 'sensor3', 'temperature': 100.0, 'humidity': 85.0, 'timestamp': '2025-05-15T22:12:13.003395+03:00'}
2025-05-15 22:12:15,004 - INFO - Sent: {'sensor_id': 'sensor3', 'temperature': 100.0, 'humidity': 85.0, 'timestamp': '2025-05-15T22:12:15.004303+03:00'}
2025-05-15 22:12:17,005 - INFO - Sent: {'sensor_id': 'sensor3', 'temperature': 100.0, 'humidity': 85.0, 'timestamp': '2025-05-15T22:12:17.005299+03:00'}
2025-05-15 22:12:19,006 - INFO - Sent: {'sensor_id': 'sensor3', 'temperature': 100.0, 'humidity': 85.0, 'timestamp': '2025-05-15T22:12:19.006264+03:00'}
2025-05-15 22:12:21,007 - INFO - Sent: {'sensor_id': 'sensor3', 'temperature': 100.0, 'humidity': 85.0, 'timestamp': '2025-05-15T22:12:21.007259+03:00'}
2025-05-15 22:12:23,008 - INFO - Sent: {'sensor_id': 'sensor3', 'temperature': 100.0, 'humidity': 85.0, 'timestamp': '2025-05-15T22:12:23.008482+03:00'}
2025-05-15 22:12:25,009 - INFO - Sent: {'sensor_id': 'sensor3', 'temperature': 100.0, 'humidity': 85.0, 'timestamp': '2025-05-15T22:12:25.009667+03:00'}
2025-05-15 22:12:27,011 - INFO - Sent: {'sensor_id': 'sensor3', 'temperature': 100.0, 'humidity': 85.0, 'timestamp': '2025-05-15T22:12:27.010817+03:00'}
2025-05-15 22:12:29,012 - INFO - Sent: {'sensor_id': 'sensor3', 'temperature': 100.0, 'humidity': 85.0, 'timestamp': '2025-05-15T22:12:29.012124+03:00'}
2025-05-15 22:12:31,013 - INFO - Sent: {'sensor_id': 'sensor3', 'temperature': 100.0, 'humidity': 85.0, 'timestamp': '2025-05-15T22:12:31.013514+03:00'}
2025-05-15 22:12:33,014 - INFO - Sent: {'sensor_id': 'sensor3', 'temperature': 100.0, 'humidity': 85.0, 'timestamp': '2025-05-15T22:12:33.014416+03:00'}
2025-05-15 22:12:35,015 - INFO - Sent: {'sensor_id': 'sensor3', 'temperature': 100.0, 'humidity': 85.0, 'timestamp': '2025-05-15T22:12:35.015329+03:00'}
2025-05-15 22:12:37,016 - INFO - Sent: {'sensor_id': 'sensor3', 'temperature': 100.0, 'humidity': 85.0, 'timestamp': '2025-05-15T22:12:37.016335+03:00'}
2025-05-15 22:12:39,017 - INFO - Sent: {'sensor_id': 'sensor3', 'temperature': 100.0, 'humidity': 85.0, 'timestamp': '2025-05-15T22:12:39.017579+03:00'}
2025-05-15 22:12:41,019 - INFO - Sent: {'sensor_id': 'sensor3', 'temperature': 100.0, 'humidity': 85.0, 'timestamp': '2025-05-15T22:12:41.018919+03:00'}
2025-05-15 22:12:43,020 - INFO - Sent: {'sensor_id': 'sensor3', 'temperature': 100.0, 'humidity': 85.0, 'timestamp': '2025-05-15T22:12:43.020142+03:00'}
2025-05-15 22:12:45,021 - INFO - Sent: {'sensor_id': 'sensor3', 'temperature': 100.0, 'humidity': 85.0, 'timestamp': '2025-05-15T22:12:45.021685+03:00'}
2025-05-15 22:12:47,022 - INFO - Sent: {'sensor_id': 'sensor3', 'temperature': 100.0, 'humidity': 85.0, 'timestamp': '2025-05-15T22:12:47.022685+03:00'}
2025-05-15 22:12:49,024 - INFO - Sent: {'sensor_id': 'sensor3', 'temperature': 100.0, 'humidity': 85.0, 'timestamp': '2025-05-15T22:12:49.023930+03:00'}
2025-05-15 22:12:51,025 - INFO - Sent: {'sensor_id': 'sensor3', 'temperature': 100.0, 'humidity': 85.0, 'timestamp': '2025-05-15T22:12:51.024836+03:00'}
2025-05-15 22:12:53,026 - INFO - Sent: {'sensor_id': 'sensor3', 'temperature': 100.0, 'humidity': 85.0, 'timestamp': '2025-05-15T22:12:53.025945+03:00'}
2025-05-15 22:12:55,027 - INFO - Sent: {'sensor_id': 'sensor3', 'temperature': 100.0, 'humidity': 85.0, 'timestamp': '2025-05-15T22:12:55.026997+03:00'}
2025-05-15 22:12:57,028 - INFO - Sent: {'sensor_id': 'sensor3', 'temperature': 100.0, 'humidity': 85.0, 'timestamp': '2025-05-15T22:12:57.028060+03:00'}
2025-05-15 22:12:59,029 - INFO - Sent: {'sensor_id': 'sensor3', 'temperature': 100.0, 'humidity': 85.0, 'timestamp': '2025-05-15T22:12:59.029155+03:00'}
2025-05-15 22:13:01,030 - INFO - Sent: {'sensor_id': 'sensor3', 'temperature': 100.0, 'humidity': 85.0, 'timestamp': '2025-05-15T22:13:01.030397+03:00'}
2025-05-15 22:13:03,031 - INFO - Sent: {'sensor_id': 'sensor3', 'temperature': 100.0, 'humidity': 85.0, 'timestamp': '2025-05-15T22:13:03.031068+03:00'}
2025-05-15 22:13:05,032 - INFO - Sent: {'sensor_id': 'sensor3', 'temperature': 100.0, 'humidity': 85.0, 'timestamp': '2025-05-15T22:13:05.031912+03:00'}
2025-05-15 22:13:07,033 - INFO - Sent: {'sensor_id': 'sensor3', 'temperature': 100.0, 'humidity': 85.0, 'timestamp': '2025-05-15T22:13:07.033009+03:00'}
2025-05-15 22:13:09,034 - INFO - Sent: {'sensor_id': 'sensor3', 'temperature': 100.0, 'humidity': 85.0, 'timestamp': '2025-05-15T22:13:09.034606+03:00'}
2025-05-15 22:13:11,036 - INFO - Sent: {'sensor_id': 'sensor3', 'temperature': 100.0, 'humidity': 85.0, 'timestamp': '2025-05-15T22:13:11.036000+03:00'}
2025-05-15 22:13:13,037 - INFO - Sent: {'sensor_id': 'sensor3', 'temperature': 100.0, 'humidity': 85.0, 'timestamp': '2025-05-15T22:13:13.037199+03:00'}
2025-05-15 22:13:15,038 - INFO - Sent: {'sensor_id': 'sensor3', 'temperature': 100.0, 'humidity': 85.0, 'timestamp': '2025-05-15T22:13:15.038629+03:00'}
2025-05-15 22:13:17,039 - INFO - Sent: {'sensor_id': 'sensor3', 'temperature': 100.0, 'humidity': 85.0, 'timestamp': '2025-05-15T22:13:17.039165+03:00'}
2025-05-15 22:13:19,040 - INFO - Sent: {'sensor_id': 'sensor3', 'temperature': 100.0, 'humidity': 85.0, 'timestamp': '2025-05-15T22:13:19.040531+03:00'}
2025-05-15 22:13:21,042 - INFO - Sent: {'sensor_id': 'sensor3', 'temperature': 100.0, 'humidity': 85.0, 'timestamp': '2025-05-15T22:13:21.042102+03:00'}
2025-05-15 22:13:23,043 - INFO - Sent: {'sensor_id': 'sensor3', 'temperature': 100.0, 'humidity': 85.0, 'timestamp': '2025-05-15T22:13:23.043313+03:00'}
2025-05-15 22:13:25,044 - INFO - Sent: {'sensor_id': 'sensor3', 'temperature': 100.0, 'humidity': 85.0, 'timestamp': '2025-05-15T22:13:25.044234+03:00'}
2025-05-15 22:13:27,045 - INFO - Sent: {'sensor_id': 'sensor3', 'temperature': 100.0, 'humidity': 85.0, 'timestamp': '2025-05-15T22:13:27.045232+03:00'}
2025-05-15 22:13:29,046 - INFO - Sent: {'sensor_id': 'sensor3', 'temperature': 100.0, 'humidity': 85.0, 'timestamp': '2025-05-15T22:13:29.046396+03:00'}
2025-05-15 22:13:31,048 - INFO - Sent: {'sensor_id': 'sensor3', 'temperature': 100.0, 'humidity': 85.0, 'timestamp': '2025-05-15T22:13:31.047737+03:00'}
2025-05-15 22:13:33,048 - INFO - Sent: {'sensor_id': 'sensor3', 'temperature': 100.0, 'humidity': 85.0, 'timestamp': '2025-05-15T22:13:33.048699+03:00'}
2025-05-15 22:13:35,049 - INFO - Sent: {'sensor_id': 'sensor3', 'temperature': 100.0, 'humidity': 85.0, 'timestamp': '2025-05-15T22:13:35.049557+03:00'}
2025-05-15 22:13:37,050 - INFO - Sent: {'sensor_id': 'sensor3', 'temperature': 100.0, 'humidity': 85.0, 'timestamp': '2025-05-15T22:13:37.050782+03:00'}
2025-05-15 22:13:39,051 - INFO - Sent: {'sensor_id': 'sensor3', 'temperature': 100.0, 'humidity': 85.0, 'timestamp': '2025-05-15T22:13:39.051567+03:00'}
2025-05-15 22:13:41,053 - INFO - Sent: {'sensor_id': 'sensor3', 'temperature': 100.0, 'humidity': 85.0, 'timestamp': '2025-05-15T22:13:41.052940+03:00'}
2025-05-15 22:13:43,054 - INFO - Sent: {'sensor_id': 'sensor3', 'temperature': 100.0, 'humidity': 85.0, 'timestamp': '2025-05-15T22:13:43.053945+03:00'}
2025-05-15 22:13:45,055 - INFO - Sent: {'sensor_id': 'sensor3', 'temperature': 100.0, 'humidity': 85.0, 'timestamp': '2025-05-15T22:13:45.055355+03:00'}
2025-05-15 22:13:47,057 - INFO - Sent: {'sensor_id': 'sensor3', 'temperature': 100.0, 'humidity': 85.0, 'timestamp': '2025-05-15T22:13:47.056941+03:00'}
2025-05-15 22:13:49,058 - INFO - Sent: {'sensor_id': 'sensor3', 'temperature': 100.0, 'humidity': 85.0, 'timestamp': '2025-05-15T22:13:49.058344+03:00'}
2025-05-15 22:13:51,059 - INFO - Sent: {'sensor_id': 'sensor3', 'temperature': 100.0, 'humidity': 85.0, 'timestamp': '2025-05-15T22:13:51.059532+03:00'}
2025-05-15 22:13:53,060 - INFO - Sent: {'sensor_id': 'sensor3', 'temperature': 100.0, 'humidity': 85.0, 'timestamp': '2025-05-15T22:13:53.060560+03:00'}
2025-05-15 22:13:55,061 - INFO - Sent: {'sensor_id': 'sensor3', 'temperature': 100.0, 'humidity': 85.0, 'timestamp': '2025-05-15T22:13:55.061434+03:00'}
2025-05-15 22:13:57,062 - INFO - Sent: {'sensor_id': 'sensor3', 'temperature': 100.0, 'humidity': 85.0, 'timestamp': '2025-05-15T22:13:57.062696+03:00'}
2025-05-15 22:13:59,064 - INFO - Sent: {'sensor_id': 'sensor3', 'temperature': 100.0, 'humidity': 85.0, 'timestamp': '2025-05-15T22:13:59.063969+03:00'}
2025-05-15 22:14:01,065 - INFO - Sent: {'sensor_id': 'sensor3', 'temperature': 100.0, 'humidity': 85.0, 'timestamp': '2025-05-15T22:14:01.065497+03:00'}
2025-05-15 22:14:03,066 - INFO - Sent: {'sensor_id': 'sensor3', 'temperature': 100.0, 'humidity': 85.0, 'timestamp': '2025-05-15T22:14:03.066387+03:00'}
2025-05-15 22:14:05,068 - INFO - Sent: {'sensor_id': 'sensor3', 'temperature': 100.0, 'humidity': 85.0, 'timestamp': '2025-05-15T22:14:05.068118+03:00'}
2025-05-15 22:14:07,069 - INFO - Sent: {'sensor_id': 'sensor3', 'temperature': 100.0, 'humidity': 85.0, 'timestamp': '2025-05-15T22:14:07.069520+03:00'}
2025-05-15 22:14:09,070 - INFO - Sent: {'sensor_id': 'sensor3', 'temperature': 100.0, 'humidity': 85.0, 'timestamp': '2025-05-15T22:14:09.070634+03:00'}
2025-05-15 22:14:11,072 - INFO - Sent: {'sensor_id': 'sensor3', 'temperature': 100.0, 'humidity': 85.0, 'timestamp': '2025-05-15T22:14:11.071960+03:00'}
2025-05-15 22:14:13,073 - INFO - Sent: {'sensor_id': 'sensor3', 'temperature': 100.0, 'humidity': 85.0, 'timestamp': '2025-05-15T22:14:13.072925+03:00'}
2025-05-15 22:14:15,074 - INFO - Sent: {'sensor_id': 'sensor3', 'temperature': 100.0, 'humidity': 85.0, 'timestamp': '2025-05-15T22:14:15.073924+03:00'}
2025-05-15 22:14:17,075 - INFO - Sent: {'sensor_id': 'sensor3', 'temperature': 100.0, 'humidity': 85.0, 'timestamp': '2025-05-15T22:14:17.075300+03:00'}
2025-05-15 22:14:19,076 - INFO - Sent: {'sensor_id': 'sensor3', 'temperature': 100.0, 'humidity': 85.0, 'timestamp': '2025-05-15T22:14:19.076314+03:00'}
2025-05-15 22:14:21,077 - INFO - Sent: {'sensor_id': 'sensor3', 'temperature': 100.0, 'humidity': 85.0, 'timestamp': '2025-05-15T22:14:21.077191+03:00'}
2025-05-15 22:14:23,078 - INFO - Sent: {'sensor_id': 'sensor3', 'temperature': 100.0, 'humidity': 85.0, 'timestamp': '2025-05-15T22:14:23.078774+03:00'}
2025-05-15 22:14:25,079 - INFO - Sent: {'sensor_id': 'sensor3', 'temperature': 100.0, 'humidity': 85.0, 'timestamp': '2025-05-15T22:14:25.079357+03:00'}
2025-05-15 22:14:27,080 - INFO - Sent: {'sensor_id': 'sensor3', 'temperature': 100.0, 'humidity': 85.0, 'timestamp': '2025-05-15T22:14:27.080297+03:00'}
2025-05-15 22:14:29,081 - INFO - Sent: {'sensor_id': 'sensor3', 'temperature': 100.0, 'humidity': 85.0, 'timestamp': '2025-05-15T22:14:29.081322+03:00'}
2025-05-15 22:14:31,082 - INFO - Sent: {'sensor_id': 'sensor3', 'temperature': 100.0, 'humidity': 85.0, 'timestamp': '2025-05-15T22:14:31.082082+03:00'}
2025-05-15 22:14:33,084 - INFO - Sent: {'sensor_id': 'sensor3', 'temperature': 100.0, 'humidity': 85.0, 'timestamp': '2025-05-15T22:14:33.083773+03:00'}
2025-05-15 22:14:35,085 - INFO - Sent: {'sensor_id': 'sensor3', 'temperature': 100.0, 'humidity': 85.0, 'timestamp': '2025-05-15T22:14:35.084880+03:00'}
2025-05-15 22:14:37,086 - INFO - Sent: {'sensor_id': 'sensor3', 'temperature': 100.0, 'humidity': 85.0, 'timestamp': '2025-05-15T22:14:37.086008+03:00'}
2025-05-15 22:14:39,089 - INFO - Sent: {'sensor_id': 'sensor3', 'temperature': 100.0, 'humidity': 85.0, 'timestamp': '2025-05-15T22:14:39.088844+03:00'}
2025-05-15 22:14:41,090 - INFO - Sent: {'sensor_id': 'sensor3', 'temperature': 100.0, 'humidity': 85.0, 'timestamp': '2025-05-15T22:14:41.090162+03:00'}
2025-05-15 22:14:43,091 - INFO - Sent: {'sensor_id': 'sensor3', 'temperature': 100.0, 'humidity': 85.0, 'timestamp': '2025-05-15T22:14:43.091218+03:00'}
2025-05-15 22:14:45,093 - INFO - Sent: {'sensor_id': 'sensor3', 'temperature': 100.0, 'humidity': 85.0, 'timestamp': '2025-05-15T22:14:45.092841+03:00'}
2025-05-15 22:14:47,094 - INFO - Sent: {'sensor_id': 'sensor3', 'temperature': 100.0, 'humidity': 85.0, 'timestamp': '2025-05-15T22:14:47.094365+03:00'}
2025-05-15 22:14:49,095 - INFO - Sent: {'sensor_id': 'sensor3', 'temperature': 100.0, 'humidity': 85.0, 'timestamp': '2025-05-15T22:14:49.095495+03:00'}
2025-05-15 22:14:51,096 - INFO - Sent: {'sensor_id': 'sensor3', 'temperature': 100.0, 'humidity': 85.0, 'timestamp': '2025-05-15T22:14:51.096684+03:00'}
2025-05-15 22:14:53,098 - INFO - Sent: {'sensor_id': 'sensor3', 'temperature': 100.0, 'humidity': 85.0, 'timestamp': '2025-05-15T22:14:53.098181+03:00'}
2025-05-15 22:14:55,099 - INFO - Sent: {'sensor_id': 'sensor3', 'temperature': 100.0, 'humidity': 85.0, 'timestamp': '2025-05-15T22:14:55.099266+03:00'}
2025-05-15 22:14:57,100 - INFO - Sent: {'sensor_id': 'sensor3', 'temperature': 100.0, 'humidity': 85.0, 'timestamp': '2025-05-15T22:14:57.100718+03:00'}
2025-05-15 22:14:59,102 - INFO - Sent: {'sensor_id': 'sensor3', 'temperature': 100.0, 'humidity': 85.0, 'timestamp': '2025-05-15T22:14:59.102004+03:00'}
2025-05-15 22:15:01,103 - INFO - Sent: {'sensor_id': 'sensor3', 'temperature': 100.0, 'humidity': 85.0, 'timestamp': '2025-05-15T22:15:01.102863+03:00'}
2025-05-15 22:15:03,104 - INFO - Sent: {'sensor_id': 'sensor3', 'temperature': 100.0, 'humidity': 85.0, 'timestamp': '2025-05-15T22:15:03.103972+03:00'}
2025-05-15 22:15:05,105 - INFO - Sent: {'sensor_id': 'sensor3', 'temperature': 100.0, 'humidity': 85.0, 'timestamp': '2025-05-15T22:15:05.105533+03:00'}
2025-05-15 22:15:07,106 - INFO - Sent: {'sensor_id': 'sensor3', 'temperature': 100.0, 'humidity': 85.0, 'timestamp': '2025-05-15T22:15:07.106698+03:00'}
2025-05-15 22:15:09,107 - INFO - Sent: {'sensor_id': 'sensor3', 'temperature': 100.0, 'humidity': 85.0, 'timestamp': '2025-05-15T22:15:09.107683+03:00'}
2025-05-15 22:15:11,109 - INFO - Sent: {'sensor_id': 'sensor3', 'temperature': 100.0, 'humidity': 85.0, 'timestamp': '2025-05-15T22:15:11.108928+03:00'}
2025-05-15 22:15:13,110 - INFO - Sent: {'sensor_id': 'sensor3', 'temperature': 100.0, 'humidity': 85.0, 'timestamp': '2025-05-15T22:15:13.110320+03:00'}
2025-05-15 22:15:15,111 - INFO - Sent: {'sensor_id': 'sensor3', 'temperature': 100.0, 'humidity': 85.0, 'timestamp': '2025-05-15T22:15:15.111424+03:00'}
2025-05-15 22:15:17,113 - INFO - Sent: {'sensor_id': 'sensor3', 'temperature': 100.0, 'humidity': 85.0, 'timestamp': '2025-05-15T22:15:17.113277+03:00'}
2025-05-15 22:15:19,114 - INFO - Sent: {'sensor_id': 'sensor3', 'temperature': 100.0, 'humidity': 85.0, 'timestamp': '2025-05-15T22:15:19.114467+03:00'}
2025-05-15 22:15:21,116 - INFO - Sent: {'sensor_id': 'sensor3', 'temperature': 100.0, 'humidity': 85.0, 'timestamp': '2025-05-15T22:15:21.116106+03:00'}
2025-05-15 22:15:23,117 - INFO - Sent: {'sensor_id': 'sensor3', 'temperature': 100.0, 'humidity': 85.0, 'timestamp': '2025-05-15T22:15:23.117670+03:00'}
2025-05-15 22:15:25,119 - INFO - Sent: {'sensor_id': 'sensor3', 'temperature': 100.0, 'humidity': 85.0, 'timestamp': '2025-05-15T22:15:25.119197+03:00'}
2025-05-15 22:15:27,120 - INFO - Sent: {'sensor_id': 'sensor3', 'temperature': 100.0, 'humidity': 85.0, 'timestamp': '2025-05-15T22:15:27.120557+03:00'}
2025-05-15 22:15:29,122 - INFO - Sent: {'sensor_id': 'sensor3', 'temperature': 100.0, 'humidity': 85.0, 'timestamp': '2025-05-15T22:15:29.122111+03:00'}
2025-05-15 22:15:31,123 - INFO - Sent: {'sensor_id': 'sensor3', 'temperature': 100.0, 'humidity': 85.0, 'timestamp': '2025-05-15T22:15:31.123375+03:00'}
2025-05-15 22:15:33,124 - INFO - Sent: {'sensor_id': 'sensor3', 'temperature': 100.0, 'humidity': 85.0, 'timestamp': '2025-05-15T22:15:33.124554+03:00'}
2025-05-15 22:15:35,126 - INFO - Sent: {'sensor_id': 'sensor3', 'temperature': 100.0, 'humidity': 85.0, 'timestamp': '2025-05-15T22:15:35.125934+03:00'}
2025-05-15 22:15:37,126 - INFO - Sent: {'sensor_id': 'sensor3', 'temperature': 100.0, 'humidity': 85.0, 'timestamp': '2025-05-15T22:15:37.126751+03:00'}
2025-05-15 22:15:39,127 - INFO - Sent: {'sensor_id': 'sensor3', 'temperature': 100.0, 'humidity': 85.0, 'timestamp': '2025-05-15T22:15:39.127762+03:00'}
2025-05-15 22:15:41,128 - INFO - Sent: {'sensor_id': 'sensor3', 'temperature': 100.0, 'humidity': 85.0, 'timestamp': '2025-05-15T22:15:41.128507+03:00'}
2025-05-15 22:15:43,129 - INFO - Sent: {'sensor_id': 'sensor3', 'temperature': 100.0, 'humidity': 85.0, 'timestamp': '2025-05-15T22:15:43.129787+03:00'}
2025-05-15 22:15:45,130 - INFO - Sent: {'sensor_id': 'sensor3', 'temperature': 100.0, 'humidity': 85.0, 'timestamp': '2025-05-15T22:15:45.130640+03:00'}
2025-05-15 22:15:47,131 - INFO - Sent: {'sensor_id': 'sensor3', 'temperature': 100.0, 'humidity': 85.0, 'timestamp': '2025-05-15T22:15:47.131685+03:00'}
2025-05-15 22:15:49,132 - INFO - Sent: {'sensor_id': 'sensor3', 'temperature': 100.0, 'humidity': 85.0, 'timestamp': '2025-05-15T22:15:49.132411+03:00'}
2025-05-15 22:15:51,134 - INFO - Sent: {'sensor_id': 'sensor3', 'temperature': 100.0, 'humidity': 85.0, 'timestamp': '2025-05-15T22:15:51.133854+03:00'}
2025-05-15 22:15:53,136 - INFO - Sent: {'sensor_id': 'sensor3', 'temperature': 100.0, 'humidity': 85.0, 'timestamp': '2025-05-15T22:15:53.136154+03:00'}
2025-05-15 22:15:55,137 - INFO - Sent: {'sensor_id': 'sensor3', 'temperature': 100.0, 'humidity': 85.0, 'timestamp': '2025-05-15T22:15:55.136875+03:00'}
2025-05-15 22:15:57,138 - INFO - Sent: {'sensor_id': 'sensor3', 'temperature': 100.0, 'humidity': 85.0, 'timestamp': '2025-05-15T22:15:57.137896+03:00'}
2025-05-15 22:15:59,139 - INFO - Sent: {'sensor_id': 'sensor3', 'temperature': 100.0, 'humidity': 85.0, 'timestamp': '2025-05-15T22:15:59.138930+03:00'}
2025-05-15 22:16:01,140 - INFO - Sent: {'sensor_id': 'sensor3', 'temperature': 100.0, 'humidity': 85.0, 'timestamp': '2025-05-15T22:16:01.139941+03:00'}
2025-05-15 22:16:03,140 - INFO - Sent: {'sensor_id': 'sensor3', 'temperature': 100.0, 'humidity': 85.0, 'timestamp': '2025-05-15T22:16:03.140640+03:00'}
2025-05-15 22:16:05,141 - INFO - Sent: {'sensor_id': 'sensor3', 'temperature': 100.0, 'humidity': 85.0, 'timestamp': '2025-05-15T22:16:05.141777+03:00'}
2025-05-15 22:16:07,143 - INFO - Sent: {'sensor_id': 'sensor3', 'temperature': 100.0, 'humidity': 85.0, 'timestamp': '2025-05-15T22:16:07.142616+03:00'}
2025-05-15 22:16:09,144 - INFO - Sent: {'sensor_id': 'sensor3', 'temperature': 100.0, 'humidity': 85.0, 'timestamp': '2025-05-15T22:16:09.144603+03:00'}
2025-05-15 22:16:11,146 - INFO - Sent: {'sensor_id': 'sensor3', 'temperature': 100.0, 'humidity': 85.0, 'timestamp': '2025-05-15T22:16:11.146220+03:00'}
2025-05-15 22:16:13,147 - INFO - Sent: {'sensor_id': 'sensor3', 'temperature': 100.0, 'humidity': 85.0, 'timestamp': '2025-05-15T22:16:13.147730+03:00'}
2025-05-15 22:16:15,149 - INFO - Sent: {'sensor_id': 'sensor3', 'temperature': 100.0, 'humidity': 85.0, 'timestamp': '2025-05-15T22:16:15.149046+03:00'}
2025-05-15 22:16:17,150 - INFO - Sent: {'sensor_id': 'sensor3', 'temperature': 100.0, 'humidity': 85.0, 'timestamp': '2025-05-15T22:16:17.150376+03:00'}
2025-05-15 22:16:19,153 - INFO - Sent: {'sensor_id': 'sensor3', 'temperature': 100.0, 'humidity': 85.0, 'timestamp': '2025-05-15T22:16:19.151754+03:00'}
2025-05-15 22:16:21,155 - INFO - Sent: {'sensor_id': 'sensor3', 'temperature': 100.0, 'humidity': 85.0, 'timestamp': '2025-05-15T22:16:21.155291+03:00'}
2025-05-15 22:16:23,156 - ERROR - Connection failed: [WinError 10054] Varolan bir baðlantý uzaktaki bir ana bilgisayar tarafýndan zorla kapatýldý, retrying in 5 seconds...
2025-05-15 22:16:30,198 - ERROR - Connection failed: [WinError 10061] Hedef makine etkin olarak reddettiðinden baðlantý kurulamadý, retrying in 5 seconds...
2025-05-15 22:16:37,227 - ERROR - Connection failed: [WinError 10061] Hedef makine etkin olarak reddettiðinden baðlantý kurulamadý, retrying in 5 seconds...
2025-05-15 22:16:44,264 - ERROR - Connection failed: [WinError 10061] Hedef makine etkin olarak reddettiðinden baðlantý kurulamadý, retrying in 5 seconds...
