2025-05-15 21:44:48,461 - INFO - Drone listening for sensors on port 5000
2025-05-15 21:44:50,604 - INFO - Sensor connected from ('127.0.0.1', 51425)
2025-05-15 21:44:50,606 - WARNING - [ANOMALY] sensor1 - Temperature anomaly: 100.0°C
2025-05-15 21:44:50,608 - WARNING - [ANOMALY] sensor1 - Humidity anomaly: 95%
2025-05-15 21:44:50,608 - INFO - Received data: {'sensor_id': 'sensor1', 'temperature': 100.0, 'humidity': 95, 'timestamp': '2025-05-15T18:44:50.605855Z', 'anomaly': ['Temperature anomaly: 100.0°C', 'Humidity anomaly: 95%']}
2025-05-15 21:44:51,632 - INFO - Sensor connected from ('127.0.0.1', 51426)
2025-05-15 21:44:51,636 - WARNING - [ANOMALY] sensor2 - Temperature anomaly: 100.0°C
2025-05-15 21:44:51,637 - WARNING - [ANOMALY] sensor2 - Humidity anomaly: 95%
2025-05-15 21:44:51,640 - INFO - Received data: {'sensor_id': 'sensor2', 'temperature': 100.0, 'humidity': 95, 'timestamp': '2025-05-15T18:44:51.634363Z', 'anomaly': ['Temperature anomaly: 100.0°C', 'Humidity anomaly: 95%']}
2025-05-15 21:44:52,609 - WARNING - [ANOMALY] sensor1 - Temperature anomaly: 100.0°C
2025-05-15 21:44:52,610 - WARNING - [ANOMALY] sensor1 - Humidity anomaly: 95%
2025-05-15 21:44:52,610 - INFO - Received data: {'sensor_id': 'sensor1', 'temperature': 100.0, 'humidity': 95, 'timestamp': '2025-05-15T18:44:52.606363Z', 'anomaly': ['Temperature anomaly: 100.0°C', 'Humidity anomaly: 95%']}
2025-05-15 21:44:53,465 - INFO - Forwarded to Central Server: {'sensor_id': 'sensor1', 'temperature': 100.0, 'humidity': 95, 'timestamp': '2025-05-15T18:44:50.605855Z', 'anomaly': ['Temperature anomaly: 100.0°C', 'Humidity anomaly: 95%']}
2025-05-15 21:44:53,465 - INFO - Forwarded to Central Server: {'sensor_id': 'sensor2', 'temperature': 100.0, 'humidity': 95, 'timestamp': '2025-05-15T18:44:51.634363Z', 'anomaly': ['Temperature anomaly: 100.0°C', 'Humidity anomaly: 95%']}
2025-05-15 21:44:53,465 - INFO - Forwarded to Central Server: {'sensor_id': 'sensor1', 'temperature': 100.0, 'humidity': 95, 'timestamp': '2025-05-15T18:44:52.606363Z', 'anomaly': ['Temperature anomaly: 100.0°C', 'Humidity anomaly: 95%']}
2025-05-15 21:44:53,641 - WARNING - [ANOMALY] sensor2 - Temperature anomaly: 100.0°C
2025-05-15 21:44:53,643 - WARNING - [ANOMALY] sensor2 - Humidity anomaly: 95%
2025-05-15 21:44:53,643 - INFO - Received data: {'sensor_id': 'sensor2', 'temperature': 100.0, 'humidity': 95, 'timestamp': '2025-05-15T18:44:53.635030Z', 'anomaly': ['Temperature anomaly: 100.0°C', 'Humidity anomaly: 95%']}
2025-05-15 21:44:54,607 - WARNING - [ANOMALY] sensor1 - Temperature anomaly: 100.0°C
2025-05-15 21:44:54,612 - WARNING - [ANOMALY] sensor1 - Humidity anomaly: 95%
2025-05-15 21:44:54,612 - INFO - Received data: {'sensor_id': 'sensor1', 'temperature': 100.0, 'humidity': 95, 'timestamp': '2025-05-15T18:44:54.606878Z', 'anomaly': ['Temperature anomaly: 100.0°C', 'Humidity anomaly: 95%']}
2025-05-15 21:44:55,689 - WARNING - [ANOMALY] sensor2 - Temperature anomaly: 100.0°C
2025-05-15 21:44:55,693 - WARNING - [ANOMALY] sensor2 - Humidity anomaly: 95%
2025-05-15 21:44:55,693 - INFO - Received data: {'sensor_id': 'sensor2', 'temperature': 100.0, 'humidity': 95, 'timestamp': '2025-05-15T18:44:55.636414Z', 'anomaly': ['Temperature anomaly: 100.0°C', 'Humidity anomaly: 95%']}
2025-05-15 21:44:56,612 - WARNING - [ANOMALY] sensor1 - Temperature anomaly: 100.0°C
2025-05-15 21:44:56,613 - WARNING - [ANOMALY] sensor1 - Humidity anomaly: 95%
2025-05-15 21:44:56,613 - INFO - Received data: {'sensor_id': 'sensor1', 'temperature': 100.0, 'humidity': 95, 'timestamp': '2025-05-15T18:44:56.607782Z', 'anomaly': ['Temperature anomaly: 100.0°C', 'Humidity anomaly: 95%']}
2025-05-15 21:44:57,638 - WARNING - [ANOMALY] sensor2 - Temperature anomaly: 100.0°C
2025-05-15 21:44:57,643 - WARNING - [ANOMALY] sensor2 - Humidity anomaly: 95%
2025-05-15 21:44:57,643 - INFO - Received data: {'sensor_id': 'sensor2', 'temperature': 100.0, 'humidity': 95, 'timestamp': '2025-05-15T18:44:57.637747Z', 'anomaly': ['Temperature anomaly: 100.0°C', 'Humidity anomaly: 95%']}
2025-05-15 21:44:58,467 - INFO - Forwarded to Central Server: {'sensor_id': 'sensor2', 'temperature': 100.0, 'humidity': 95, 'timestamp': '2025-05-15T18:44:53.635030Z', 'anomaly': ['Temperature anomaly: 100.0°C', 'Humidity anomaly: 95%']}
2025-05-15 21:44:58,467 - INFO - Forwarded to Central Server: {'sensor_id': 'sensor1', 'temperature': 100.0, 'humidity': 95, 'timestamp': '2025-05-15T18:44:54.606878Z', 'anomaly': ['Temperature anomaly: 100.0°C', 'Humidity anomaly: 95%']}
2025-05-15 21:44:58,468 - INFO - Forwarded to Central Server: {'sensor_id': 'sensor2', 'temperature': 100.0, 'humidity': 95, 'timestamp': '2025-05-15T18:44:55.636414Z', 'anomaly': ['Temperature anomaly: 100.0°C', 'Humidity anomaly: 95%']}
2025-05-15 21:44:58,468 - INFO - Forwarded to Central Server: {'sensor_id': 'sensor1', 'temperature': 100.0, 'humidity': 95, 'timestamp': '2025-05-15T18:44:56.607782Z', 'anomaly': ['Temperature anomaly: 100.0°C', 'Humidity anomaly: 95%']}
2025-05-15 21:44:58,468 - INFO - Forwarded to Central Server: {'sensor_id': 'sensor2', 'temperature': 100.0, 'humidity': 95, 'timestamp': '2025-05-15T18:44:57.637747Z', 'anomaly': ['Temperature anomaly: 100.0°C', 'Humidity anomaly: 95%']}
2025-05-15 21:44:58,615 - WARNING - [ANOMALY] sensor1 - Temperature anomaly: 100.0°C
2025-05-15 21:44:58,617 - WARNING - [ANOMALY] sensor1 - Humidity anomaly: 95%
2025-05-15 21:44:58,617 - INFO - Received data: {'sensor_id': 'sensor1', 'temperature': 100.0, 'humidity': 95, 'timestamp': '2025-05-15T18:44:58.608715Z', 'anomaly': ['Temperature anomaly: 100.0°C', 'Humidity anomaly: 95%']}
2025-05-15 21:44:59,645 - WARNING - [ANOMALY] sensor2 - Temperature anomaly: 100.0°C
2025-05-15 21:44:59,646 - WARNING - [ANOMALY] sensor2 - Humidity anomaly: 95%
2025-05-15 21:44:59,646 - INFO - Received data: {'sensor_id': 'sensor2', 'temperature': 100.0, 'humidity': 95, 'timestamp': '2025-05-15T18:44:59.638665Z', 'anomaly': ['Temperature anomaly: 100.0°C', 'Humidity anomaly: 95%']}
2025-05-15 21:45:00,617 - WARNING - [ANOMALY] sensor1 - Temperature anomaly: 100.0°C
2025-05-15 21:45:00,617 - WARNING - [ANOMALY] sensor1 - Humidity anomaly: 95%
2025-05-15 21:45:00,618 - INFO - Received data: {'sensor_id': 'sensor1', 'temperature': 100.0, 'humidity': 95, 'timestamp': '2025-05-15T18:45:00.610998Z', 'anomaly': ['Temperature anomaly: 100.0°C', 'Humidity anomaly: 95%']}
2025-05-15 21:45:01,648 - WARNING - [ANOMALY] sensor2 - Temperature anomaly: 100.0°C
2025-05-15 21:45:01,649 - WARNING - [ANOMALY] sensor2 - Humidity anomaly: 95%
2025-05-15 21:45:01,650 - INFO - Received data: {'sensor_id': 'sensor2', 'temperature': 100.0, 'humidity': 95, 'timestamp': '2025-05-15T18:45:01.642002Z', 'anomaly': ['Temperature anomaly: 100.0°C', 'Humidity anomaly: 95%']}
2025-05-15 21:45:02,525 - ERROR - Connection error with sensor ('127.0.0.1', 51425): [WinError 10054] Varolan bir baðlantý uzaktaki bir ana bilgisayar tarafýndan zorla kapatýldý
2025-05-15 21:45:03,469 - INFO - Forwarded to Central Server: {'sensor_id': 'sensor1', 'temperature': 100.0, 'humidity': 95, 'timestamp': '2025-05-15T18:44:58.608715Z', 'anomaly': ['Temperature anomaly: 100.0°C', 'Humidity anomaly: 95%']}
2025-05-15 21:45:03,469 - INFO - Forwarded to Central Server: {'sensor_id': 'sensor2', 'temperature': 100.0, 'humidity': 95, 'timestamp': '2025-05-15T18:44:59.638665Z', 'anomaly': ['Temperature anomaly: 100.0°C', 'Humidity anomaly: 95%']}
2025-05-15 21:45:03,469 - INFO - Forwarded to Central Server: {'sensor_id': 'sensor1', 'temperature': 100.0, 'humidity': 95, 'timestamp': '2025-05-15T18:45:00.610998Z', 'anomaly': ['Temperature anomaly: 100.0°C', 'Humidity anomaly: 95%']}
2025-05-15 21:45:03,470 - INFO - Forwarded to Central Server: {'sensor_id': 'sensor2', 'temperature': 100.0, 'humidity': 95, 'timestamp': '2025-05-15T18:45:01.642002Z', 'anomaly': ['Temperature anomaly: 100.0°C', 'Humidity anomaly: 95%']}
2025-05-15 21:45:03,654 - WARNING - [ANOMALY] sensor2 - Temperature anomaly: 100.0°C
2025-05-15 21:45:03,655 - WARNING - [ANOMALY] sensor2 - Humidity anomaly: 95%
2025-05-15 21:45:03,655 - INFO - Received data: {'sensor_id': 'sensor2', 'temperature': 100.0, 'humidity': 95, 'timestamp': '2025-05-15T18:45:03.642979Z', 'anomaly': ['Temperature anomaly: 100.0°C', 'Humidity anomaly: 95%']}
2025-05-15 21:45:05,653 - WARNING - [ANOMALY] sensor2 - Temperature anomaly: 100.0°C
2025-05-15 21:45:05,654 - WARNING - [ANOMALY] sensor2 - Humidity anomaly: 95%
2025-05-15 21:45:05,654 - INFO - Received data: {'sensor_id': 'sensor2', 'temperature': 100.0, 'humidity': 95, 'timestamp': '2025-05-15T18:45:05.644113Z', 'anomaly': ['Temperature anomaly: 100.0°C', 'Humidity anomaly: 95%']}
2025-05-15 21:45:07,654 - WARNING - [ANOMALY] sensor2 - Temperature anomaly: 100.0°C
2025-05-15 21:45:07,656 - WARNING - [ANOMALY] sensor2 - Humidity anomaly: 95%
2025-05-15 21:45:07,656 - INFO - Received data: {'sensor_id': 'sensor2', 'temperature': 100.0, 'humidity': 95, 'timestamp': '2025-05-15T18:45:07.646261Z', 'anomaly': ['Temperature anomaly: 100.0°C', 'Humidity anomaly: 95%']}
2025-05-15 21:45:08,471 - INFO - Forwarded to Central Server: {'sensor_id': 'sensor2', 'temperature': 100.0, 'humidity': 95, 'timestamp': '2025-05-15T18:45:03.642979Z', 'anomaly': ['Temperature anomaly: 100.0°C', 'Humidity anomaly: 95%']}
2025-05-15 21:45:08,471 - INFO - Forwarded to Central Server: {'sensor_id': 'sensor2', 'temperature': 100.0, 'humidity': 95, 'timestamp': '2025-05-15T18:45:05.644113Z', 'anomaly': ['Temperature anomaly: 100.0°C', 'Humidity anomaly: 95%']}
2025-05-15 21:45:08,472 - INFO - Forwarded to Central Server: {'sensor_id': 'sensor2', 'temperature': 100.0, 'humidity': 95, 'timestamp': '2025-05-15T18:45:07.646261Z', 'anomaly': ['Temperature anomaly: 100.0°C', 'Humidity anomaly: 95%']}
2025-05-15 21:45:09,654 - WARNING - [ANOMALY] sensor2 - Temperature anomaly: 100.0°C
2025-05-15 21:45:09,655 - WARNING - [ANOMALY] sensor2 - Humidity anomaly: 95%
2025-05-15 21:45:09,655 - INFO - Received data: {'sensor_id': 'sensor2', 'temperature': 100.0, 'humidity': 95, 'timestamp': '2025-05-15T18:45:09.647660Z', 'anomaly': ['Temperature anomaly: 100.0°C', 'Humidity anomaly: 95%']}
2025-05-15 21:45:11,656 - WARNING - [ANOMALY] sensor2 - Temperature anomaly: 100.0°C
2025-05-15 21:45:11,657 - WARNING - [ANOMALY] sensor2 - Humidity anomaly: 95%
2025-05-15 21:45:11,657 - INFO - Received data: {'sensor_id': 'sensor2', 'temperature': 100.0, 'humidity': 95, 'timestamp': '2025-05-15T18:45:11.648615Z', 'anomaly': ['Temperature anomaly: 100.0°C', 'Humidity anomaly: 95%']}
2025-05-15 21:45:13,473 - INFO - Forwarded to Central Server: {'sensor_id': 'sensor2', 'temperature': 100.0, 'humidity': 95, 'timestamp': '2025-05-15T18:45:09.647660Z', 'anomaly': ['Temperature anomaly: 100.0°C', 'Humidity anomaly: 95%']}
2025-05-15 21:45:13,474 - INFO - Forwarded to Central Server: {'sensor_id': 'sensor2', 'temperature': 100.0, 'humidity': 95, 'timestamp': '2025-05-15T18:45:11.648615Z', 'anomaly': ['Temperature anomaly: 100.0°C', 'Humidity anomaly: 95%']}
2025-05-15 21:45:13,650 - WARNING - [ANOMALY] sensor2 - Temperature anomaly: 100.0°C
2025-05-15 21:45:13,659 - WARNING - [ANOMALY] sensor2 - Humidity anomaly: 95%
2025-05-15 21:45:13,659 - INFO - Received data: {'sensor_id': 'sensor2', 'temperature': 100.0, 'humidity': 95, 'timestamp': '2025-05-15T18:45:13.649441Z', 'anomaly': ['Temperature anomaly: 100.0°C', 'Humidity anomaly: 95%']}
2025-05-15 21:45:15,651 - WARNING - [ANOMALY] sensor2 - Temperature anomaly: 100.0°C
2025-05-15 21:45:15,652 - WARNING - [ANOMALY] sensor2 - Humidity anomaly: 95%
2025-05-15 21:45:15,652 - INFO - Received data: {'sensor_id': 'sensor2', 'temperature': 100.0, 'humidity': 95, 'timestamp': '2025-05-15T18:45:15.650636Z', 'anomaly': ['Temperature anomaly: 100.0°C', 'Humidity anomaly: 95%']}
2025-05-15 21:45:17,653 - WARNING - [ANOMALY] sensor2 - Temperature anomaly: 100.0°C
2025-05-15 21:45:17,665 - WARNING - [ANOMALY] sensor2 - Humidity anomaly: 95%
2025-05-15 21:45:17,665 - INFO - Received data: {'sensor_id': 'sensor2', 'temperature': 100.0, 'humidity': 95, 'timestamp': '2025-05-15T18:45:17.651823Z', 'anomaly': ['Temperature anomaly: 100.0°C', 'Humidity anomaly: 95%']}
2025-05-15 21:45:18,476 - INFO - Forwarded to Central Server: {'sensor_id': 'sensor2', 'temperature': 100.0, 'humidity': 95, 'timestamp': '2025-05-15T18:45:13.649441Z', 'anomaly': ['Temperature anomaly: 100.0°C', 'Humidity anomaly: 95%']}
2025-05-15 21:45:18,476 - INFO - Forwarded to Central Server: {'sensor_id': 'sensor2', 'temperature': 100.0, 'humidity': 95, 'timestamp': '2025-05-15T18:45:15.650636Z', 'anomaly': ['Temperature anomaly: 100.0°C', 'Humidity anomaly: 95%']}
2025-05-15 21:45:18,476 - INFO - Forwarded to Central Server: {'sensor_id': 'sensor2', 'temperature': 100.0, 'humidity': 95, 'timestamp': '2025-05-15T18:45:17.651823Z', 'anomaly': ['Temperature anomaly: 100.0°C', 'Humidity anomaly: 95%']}
2025-05-15 21:45:19,654 - WARNING - [ANOMALY] sensor2 - Temperature anomaly: 100.0°C
2025-05-15 21:45:19,654 - WARNING - [ANOMALY] sensor2 - Humidity anomaly: 95%
2025-05-15 21:45:19,654 - INFO - Received data: {'sensor_id': 'sensor2', 'temperature': 100.0, 'humidity': 95, 'timestamp': '2025-05-15T18:45:19.653036Z', 'anomaly': ['Temperature anomaly: 100.0°C', 'Humidity anomaly: 95%']}
2025-05-15 21:45:21,664 - WARNING - [ANOMALY] sensor2 - Temperature anomaly: 100.0°C
2025-05-15 21:45:21,665 - WARNING - [ANOMALY] sensor2 - Humidity anomaly: 95%
2025-05-15 21:45:21,666 - INFO - Received data: {'sensor_id': 'sensor2', 'temperature': 100.0, 'humidity': 95, 'timestamp': '2025-05-15T18:45:21.654376Z', 'anomaly': ['Temperature anomaly: 100.0°C', 'Humidity anomaly: 95%']}
